Getting compiler identification output with: /usr/bin/gcc --version /var/folders/fs/7lms62rj6gj_2s4fd9zzwfbc0000gn/T/cov-bencyc1129/61431742d474279c029d4463b7f3aad1/cov-bencyc1129/c1bd6555117b5a2c1c52789cc941a3da/test.c
**** BEGIN FILE source file: /var/folders/fs/7lms62rj6gj_2s4fd9zzwfbc0000gn/T/cov-bencyc1129/61431742d474279c029d4463b7f3aad1/cov-bencyc1129/c1bd6555117b5a2c1c52789cc941a3da/test.c
int main() {} 

**** END source file ***
pipe_command: /usr/bin/gcc --version /var/folders/fs/7lms62rj6gj_2s4fd9zzwfbc0000gn/T/cov-bencyc1129/61431742d474279c029d4463b7f3aad1/cov-bencyc1129/c1bd6555117b5a2c1c52789cc941a3da/test.c 
pipe_commands starting: /usr/bin/gcc --version /var/folders/fs/7lms62rj6gj_2s4fd9zzwfbc0000gn/T/cov-bencyc1129/61431742d474279c029d4463b7f3aad1/cov-bencyc1129/c1bd6555117b5a2c1c52789cc941a3da/test.c 
**** BEGIN FILE output: /var/folders/fs/7lms62rj6gj_2s4fd9zzwfbc0000gn/T/cov-bencyc1129/61431742d474279c029d4463b7f3aad1/cov-bencyc1129/c1bd6555117b5a2c1c52789cc941a3da/test.output
Apple clang version 13.1.6 (clang-1316.0.21.2.5)
Target: x86_64-apple-darwin21.6.0
Thread model: posix
InstalledDir: /Library/Developer/CommandLineTools/usr/bin

**** END FILE output ***
**** BEGIN FILE error: 

**** END FILE error ***
**** Compiler identification output begin ****
Apple clang version 13.1.6 (clang-1316.0.21.2.5)
Target: x86_64-apple-darwin21.6.0
Thread model: posix
InstalledDir: /Library/Developer/CommandLineTools/usr/bin

**** Compiler identification output end ****
**** BEGIN PROBE run_test_sanity ****
[STATUS] gcc-config-0: Running sanity tests on native compiler
**** BEGIN FILE source file: /var/folders/fs/7lms62rj6gj_2s4fd9zzwfbc0000gn/T/cov-bencyc1129/61431742d474279c029d4463b7f3aad1/cov-bencyc1129/c1bd6555117b5a2c1c52789cc941a3da/simple.c
int x;

**** END FILE source file ***
pipe_command: /usr/bin/gcc -c /var/folders/fs/7lms62rj6gj_2s4fd9zzwfbc0000gn/T/cov-bencyc1129/61431742d474279c029d4463b7f3aad1/cov-bencyc1129/c1bd6555117b5a2c1c52789cc941a3da/simple.c 
pipe_commands starting: /usr/bin/gcc -c /var/folders/fs/7lms62rj6gj_2s4fd9zzwfbc0000gn/T/cov-bencyc1129/61431742d474279c029d4463b7f3aad1/cov-bencyc1129/c1bd6555117b5a2c1c52789cc941a3da/simple.c 
**** BEGIN FILE stdout: 

**** END FILE stdout ***
**** BEGIN FILE stderr: 

**** END FILE stderr ***
Test succeded
**** BEGIN FILE source file: /var/folders/fs/7lms62rj6gj_2s4fd9zzwfbc0000gn/T/cov-bencyc1129/61431742d474279c029d4463b7f3aad1/cov-bencyc1129/c1bd6555117b5a2c1c52789cc941a3da/does_not_compile.c
#x
int a b c d;

**** END FILE source file ***
pipe_command: /usr/bin/gcc -c /var/folders/fs/7lms62rj6gj_2s4fd9zzwfbc0000gn/T/cov-bencyc1129/61431742d474279c029d4463b7f3aad1/cov-bencyc1129/c1bd6555117b5a2c1c52789cc941a3da/does_not_compile.c 
pipe_commands starting: /usr/bin/gcc -c /var/folders/fs/7lms62rj6gj_2s4fd9zzwfbc0000gn/T/cov-bencyc1129/61431742d474279c029d4463b7f3aad1/cov-bencyc1129/c1bd6555117b5a2c1c52789cc941a3da/does_not_compile.c 
**** BEGIN FILE stdout: 

**** END FILE stdout ***
**** BEGIN FILE stderr: 
/var/folders/fs/7lms62rj6gj_2s4fd9zzwfbc0000gn/T/cov-bencyc1129/61431742d474279c029d4463b7f3aad1/cov-bencyc1129/c1bd6555117b5a2c1c52789cc941a3da/does_not_compile.c:1:2: error: invalid preprocessing directive
#x
 ^
/var/folders/fs/7lms62rj6gj_2s4fd9zzwfbc0000gn/T/cov-bencyc1129/61431742d474279c029d4463b7f3aad1/cov-bencyc1129/c1bd6555117b5a2c1c52789cc941a3da/does_not_compile.c:2:6: error: expected ';' after top level declarator
int a b c d;
     ^
     ;
2 errors generated.

**** END FILE stderr ***
Test failed
**** BEGIN FILE source file: /var/folders/fs/7lms62rj6gj_2s4fd9zzwfbc0000gn/T/cov-bencyc1129/61431742d474279c029d4463b7f3aad1/cov-bencyc1129/c1bd6555117b5a2c1c52789cc941a3da/stddef.c
#include <stddef.h>
struct mystruct {
  int field1;
  int field2;
} var;
size_t sz = sizeof(struct mystruct);
ptrdiff_t pd;
void func() {
  pd = &var.field1 - &var.field2;
}


**** END FILE source file ***
pipe_command: /usr/bin/gcc -c /var/folders/fs/7lms62rj6gj_2s4fd9zzwfbc0000gn/T/cov-bencyc1129/61431742d474279c029d4463b7f3aad1/cov-bencyc1129/c1bd6555117b5a2c1c52789cc941a3da/stddef.c 
pipe_commands starting: /usr/bin/gcc -c /var/folders/fs/7lms62rj6gj_2s4fd9zzwfbc0000gn/T/cov-bencyc1129/61431742d474279c029d4463b7f3aad1/cov-bencyc1129/c1bd6555117b5a2c1c52789cc941a3da/stddef.c 
**** BEGIN FILE stdout: 

**** END FILE stdout ***
**** BEGIN FILE stderr: 

**** END FILE stderr ***
Test succeded
**** END PROBE run_test_sanity ****
**** BEGIN PROBE get_version_switch_output ****
Version switch: -E -v
**** BEGIN FILE source file: /var/folders/fs/7lms62rj6gj_2s4fd9zzwfbc0000gn/T/cov-bencyc1129/61431742d474279c029d4463b7f3aad1/cov-bencyc1129/c1bd6555117b5a2c1c52789cc941a3da/test.c
int main() {} 

**** END source file ***
pipe_command: /usr/bin/gcc -E -v /var/folders/fs/7lms62rj6gj_2s4fd9zzwfbc0000gn/T/cov-bencyc1129/61431742d474279c029d4463b7f3aad1/cov-bencyc1129/c1bd6555117b5a2c1c52789cc941a3da/test.c 
pipe_commands starting: /usr/bin/gcc -E -v /var/folders/fs/7lms62rj6gj_2s4fd9zzwfbc0000gn/T/cov-bencyc1129/61431742d474279c029d4463b7f3aad1/cov-bencyc1129/c1bd6555117b5a2c1c52789cc941a3da/test.c 
**** BEGIN FILE output: /var/folders/fs/7lms62rj6gj_2s4fd9zzwfbc0000gn/T/cov-bencyc1129/61431742d474279c029d4463b7f3aad1/cov-bencyc1129/c1bd6555117b5a2c1c52789cc941a3da/version_output
# 1 "/var/folders/fs/7lms62rj6gj_2s4fd9zzwfbc0000gn/T/cov-bencyc1129/61431742d474279c029d4463b7f3aad1/cov-bencyc1129/c1bd6555117b5a2c1c52789cc941a3da/test.c"
# 1 "<built-in>" 1
# 1 "<built-in>" 3
# 370 "<built-in>" 3
# 1 "<command line>" 1
# 1 "<built-in>" 2
# 1 "/var/folders/fs/7lms62rj6gj_2s4fd9zzwfbc0000gn/T/cov-bencyc1129/61431742d474279c029d4463b7f3aad1/cov-bencyc1129/c1bd6555117b5a2c1c52789cc941a3da/test.c" 2
int main() {}

**** END FILE output ***
**** BEGIN FILE error: 
Apple clang version 13.1.6 (clang-1316.0.21.2.5)
Target: x86_64-apple-darwin21.6.0
Thread model: posix
InstalledDir: /Library/Developer/CommandLineTools/usr/bin
 "/Library/Developer/CommandLineTools/usr/bin/clang" -cc1 -triple x86_64-apple-macosx12.0.0 -Wundef-prefix=TARGET_OS_ -Wdeprecated-objc-isa-usage -Werror=deprecated-objc-isa-usage -Werror=implicit-function-declaration -E -disable-free -disable-llvm-verifier -discard-value-names -main-file-name test.c -mrelocation-model pic -pic-level 2 -mframe-pointer=all -fno-strict-return -fno-rounding-math -munwind-tables -target-sdk-version=12.3 -fvisibility-inlines-hidden-static-local-var -target-cpu penryn -tune-cpu generic -debugger-tuning=lldb -target-linker-version 763 -v -resource-dir /Library/Developer/CommandLineTools/usr/lib/clang/13.1.6 -isysroot /Library/Developer/CommandLineTools/SDKs/MacOSX.sdk -I/usr/local/include -internal-isystem /Library/Developer/CommandLineTools/SDKs/MacOSX.sdk/usr/local/include -internal-isystem /Library/Developer/CommandLineTools/usr/lib/clang/13.1.6/include -internal-externc-isystem /Library/Developer/CommandLineTools/SDKs/MacOSX.sdk/usr/include -internal-externc-isystem /Library/Developer/CommandLineTools/usr/include -Wno-reorder-init-list -Wno-implicit-int-float-conversion -Wno-c99-designator -Wno-final-dtor-non-final-class -Wno-extra-semi-stmt -Wno-misleading-indentation -Wno-quoted-include-in-framework-header -Wno-implicit-fallthrough -Wno-enum-enum-conversion -Wno-enum-float-conversion -Wno-elaborated-enum-base -Wno-reserved-identifier -Wno-gnu-folding-constant -Wno-objc-load-method -fdebug-compilation-dir=/private/var/folders/fs/7lms62rj6gj_2s4fd9zzwfbc0000gn/T/cov-bencyc1129/61431742d474279c029d4463b7f3aad1/cov-bencyc1129/c1bd6555117b5a2c1c52789cc941a3da -ferror-limit 19 -stack-protector 1 -fstack-check -mdarwin-stkchk-strong-link -fblocks -fencode-extended-block-signature -fregister-global-dtors-with-atexit -fgnuc-version=4.2.1 -fmax-type-align=16 -fcommon -clang-vendor-feature=+messageToSelfInClassMethodIdReturnType -clang-vendor-feature=+disableInferNewAvailabilityFromInit -clang-vendor-feature=+disableNonDependentMemberExprInCurrentInstantiation -fno-odr-hash-protocols -clang-vendor-feature=+enableAggressiveVLAFolding -clang-vendor-feature=+revert09abecef7bbf -clang-vendor-feature=+thisNoAlignAttr -clang-vendor-feature=+thisNoNullAttr -mllvm -disable-aligned-alloc-awareness=1 -D__GCC_HAVE_DWARF2_CFI_ASM=1 -o - -x c /var/folders/fs/7lms62rj6gj_2s4fd9zzwfbc0000gn/T/cov-bencyc1129/61431742d474279c029d4463b7f3aad1/cov-bencyc1129/c1bd6555117b5a2c1c52789cc941a3da/test.c
clang -cc1 version 13.1.6 (clang-1316.0.21.2.5) default target x86_64-apple-darwin21.6.0
ignoring nonexistent directory "/Library/Developer/CommandLineTools/SDKs/MacOSX.sdk/usr/local/include"
ignoring nonexistent directory "/Library/Developer/CommandLineTools/SDKs/MacOSX.sdk/Library/Frameworks"
#include "..." search starts here:
#include <...> search starts here:
 /usr/local/include
 /Library/Developer/CommandLineTools/usr/lib/clang/13.1.6/include
 /Library/Developer/CommandLineTools/SDKs/MacOSX.sdk/usr/include
 /Library/Developer/CommandLineTools/usr/include
 /Library/Developer/CommandLineTools/SDKs/MacOSX.sdk/System/Library/Frameworks (framework directory)
End of search list.

**** END FILE error ***
**** END PROBE get_version_switch_output ****
Version string before regex:  4.8.0
Attempting to match the following regex:  .*g[c+][c+] version 2\.9.* \(2.96.*\).*
Attempting to match the following regex:  .*g[c+][c+][^\s]* [^\s]+ (\d+\.\d+(\.\d+)?) \(.*\).*
Attempting to match the following regex:  .*g[c+][c+][^\s]* \([^)]*\) (\d+\.\d+(\.\d+)?).*
Attempting to match the following regex:  .*(?:cc|\+\+)(?:-[^\h]+)?(?:\.exe)?\h+(?:.*?\h+)?(\d+\.\d+(\.\d+)?).*
Attempting to match the following regex:  .*[^0-9.](\d+\.\d+\.\d+).*
Compiler version found: 4.8.0
**** BEGIN PROBE run_type_size_and_alignment_tests ****
**** BEGIN PROBE probe_helpful_compiler_info ****
**** BEGIN FILE source file: /var/folders/fs/7lms62rj6gj_2s4fd9zzwfbc0000gn/T/cov-bencyc1129/61431742d474279c029d4463b7f3aad1/cov-bencyc1129/c1bd6555117b5a2c1c52789cc941a3da/sloppy_assign.c
int *i; unsigned long *c; void foo() { c = i; }

**** END FILE source file ***
pipe_command: /usr/bin/gcc -c /var/folders/fs/7lms62rj6gj_2s4fd9zzwfbc0000gn/T/cov-bencyc1129/61431742d474279c029d4463b7f3aad1/cov-bencyc1129/c1bd6555117b5a2c1c52789cc941a3da/sloppy_assign.c 
pipe_commands starting: /usr/bin/gcc -c /var/folders/fs/7lms62rj6gj_2s4fd9zzwfbc0000gn/T/cov-bencyc1129/61431742d474279c029d4463b7f3aad1/cov-bencyc1129/c1bd6555117b5a2c1c52789cc941a3da/sloppy_assign.c 
**** BEGIN FILE stdout: 

**** END FILE stdout ***
**** BEGIN FILE stderr: 
/var/folders/fs/7lms62rj6gj_2s4fd9zzwfbc0000gn/T/cov-bencyc1129/61431742d474279c029d4463b7f3aad1/cov-bencyc1129/c1bd6555117b5a2c1c52789cc941a3da/sloppy_assign.c:1:42: warning: incompatible pointer types assigning to 'unsigned long *' from 'int *' [-Wincompatible-pointer-types]
int *i; unsigned long *c; void foo() { c = i; }
                                         ^ ~
1 warning generated.

**** END FILE stderr ***
Test succeded
Native compiler allows sloppy assigns.
**** BEGIN FILE source file: /var/folders/fs/7lms62rj6gj_2s4fd9zzwfbc0000gn/T/cov-bencyc1129/61431742d474279c029d4463b7f3aad1/cov-bencyc1129/c1bd6555117b5a2c1c52789cc941a3da/sizeof_neg_array_size.c
 int x[((int)sizeof (int *)) - 13000];

**** END FILE source file ***
pipe_command: /usr/bin/gcc -c /var/folders/fs/7lms62rj6gj_2s4fd9zzwfbc0000gn/T/cov-bencyc1129/61431742d474279c029d4463b7f3aad1/cov-bencyc1129/c1bd6555117b5a2c1c52789cc941a3da/sizeof_neg_array_size.c 
pipe_commands starting: /usr/bin/gcc -c /var/folders/fs/7lms62rj6gj_2s4fd9zzwfbc0000gn/T/cov-bencyc1129/61431742d474279c029d4463b7f3aad1/cov-bencyc1129/c1bd6555117b5a2c1c52789cc941a3da/sizeof_neg_array_size.c 
**** BEGIN FILE stdout: 

**** END FILE stdout ***
**** BEGIN FILE stderr: 
/var/folders/fs/7lms62rj6gj_2s4fd9zzwfbc0000gn/T/cov-bencyc1129/61431742d474279c029d4463b7f3aad1/cov-bencyc1129/c1bd6555117b5a2c1c52789cc941a3da/sizeof_neg_array_size.c:1:8: error: 'x' declared as an array with a negative size
 int x[((int)sizeof (int *)) - 13000];
       ^~~~~~~~~~~~~~~~~~~~~~~~~~~~~
1 error generated.

**** END FILE stderr ***
Test failed
**** BEGIN FILE source file: /var/folders/fs/7lms62rj6gj_2s4fd9zzwfbc0000gn/T/cov-bencyc1129/61431742d474279c029d4463b7f3aad1/cov-bencyc1129/c1bd6555117b5a2c1c52789cc941a3da/zero_size_array.c
 int x[0];

**** END FILE source file ***
pipe_command: /usr/bin/gcc -c /var/folders/fs/7lms62rj6gj_2s4fd9zzwfbc0000gn/T/cov-bencyc1129/61431742d474279c029d4463b7f3aad1/cov-bencyc1129/c1bd6555117b5a2c1c52789cc941a3da/zero_size_array.c 
pipe_commands starting: /usr/bin/gcc -c /var/folders/fs/7lms62rj6gj_2s4fd9zzwfbc0000gn/T/cov-bencyc1129/61431742d474279c029d4463b7f3aad1/cov-bencyc1129/c1bd6555117b5a2c1c52789cc941a3da/zero_size_array.c 
**** BEGIN FILE stdout: 

**** END FILE stdout ***
**** BEGIN FILE stderr: 

**** END FILE stderr ***
Test succeded
Native compiler minimum array index is 0.
**** END PROBE probe_helpful_compiler_info ****
**** BEGIN PROBE Detecting size_t ****
Detecting size_t.
**** BEGIN FILE source file: /var/folders/fs/7lms62rj6gj_2s4fd9zzwfbc0000gn/T/cov-bencyc1129/61431742d474279c029d4463b7f3aad1/cov-bencyc1129/c1bd6555117b5a2c1c52789cc941a3da/size_t_is_valid_type.c
size_t * s;


**** END FILE source file ***
pipe_command: /usr/bin/gcc -c /var/folders/fs/7lms62rj6gj_2s4fd9zzwfbc0000gn/T/cov-bencyc1129/61431742d474279c029d4463b7f3aad1/cov-bencyc1129/c1bd6555117b5a2c1c52789cc941a3da/size_t_is_valid_type.c 
pipe_commands starting: /usr/bin/gcc -c /var/folders/fs/7lms62rj6gj_2s4fd9zzwfbc0000gn/T/cov-bencyc1129/61431742d474279c029d4463b7f3aad1/cov-bencyc1129/c1bd6555117b5a2c1c52789cc941a3da/size_t_is_valid_type.c 
**** BEGIN FILE stdout: 

**** END FILE stdout ***
**** BEGIN FILE stderr: 
/var/folders/fs/7lms62rj6gj_2s4fd9zzwfbc0000gn/T/cov-bencyc1129/61431742d474279c029d4463b7f3aad1/cov-bencyc1129/c1bd6555117b5a2c1c52789cc941a3da/size_t_is_valid_type.c:1:1: error: unknown type name 'size_t'
size_t * s;
^
1 error generated.

**** END FILE stderr ***
Test failed
**** BEGIN FILE source file: /var/folders/fs/7lms62rj6gj_2s4fd9zzwfbc0000gn/T/cov-bencyc1129/61431742d474279c029d4463b7f3aad1/cov-bencyc1129/c1bd6555117b5a2c1c52789cc941a3da/size_t_is_valid_type2.c
#include <stddef.h>
size_t * s;


**** END FILE source file ***
pipe_command: /usr/bin/gcc -c /var/folders/fs/7lms62rj6gj_2s4fd9zzwfbc0000gn/T/cov-bencyc1129/61431742d474279c029d4463b7f3aad1/cov-bencyc1129/c1bd6555117b5a2c1c52789cc941a3da/size_t_is_valid_type2.c 
pipe_commands starting: /usr/bin/gcc -c /var/folders/fs/7lms62rj6gj_2s4fd9zzwfbc0000gn/T/cov-bencyc1129/61431742d474279c029d4463b7f3aad1/cov-bencyc1129/c1bd6555117b5a2c1c52789cc941a3da/size_t_is_valid_type2.c 
**** BEGIN FILE stdout: 

**** END FILE stdout ***
**** BEGIN FILE stderr: 

**** END FILE stderr ***
Test succeded
**** BEGIN FILE source file: /var/folders/fs/7lms62rj6gj_2s4fd9zzwfbc0000gn/T/cov-bencyc1129/61431742d474279c029d4463b7f3aad1/cov-bencyc1129/c1bd6555117b5a2c1c52789cc941a3da/size_t_sloppy_typedef.c
#include <stddef.h>
typedef void ***size_t;


**** END FILE source file ***
pipe_command: /usr/bin/gcc -c /var/folders/fs/7lms62rj6gj_2s4fd9zzwfbc0000gn/T/cov-bencyc1129/61431742d474279c029d4463b7f3aad1/cov-bencyc1129/c1bd6555117b5a2c1c52789cc941a3da/size_t_sloppy_typedef.c 
pipe_commands starting: /usr/bin/gcc -c /var/folders/fs/7lms62rj6gj_2s4fd9zzwfbc0000gn/T/cov-bencyc1129/61431742d474279c029d4463b7f3aad1/cov-bencyc1129/c1bd6555117b5a2c1c52789cc941a3da/size_t_sloppy_typedef.c 
**** BEGIN FILE stdout: 

**** END FILE stdout ***
**** BEGIN FILE stderr: 
/var/folders/fs/7lms62rj6gj_2s4fd9zzwfbc0000gn/T/cov-bencyc1129/61431742d474279c029d4463b7f3aad1/cov-bencyc1129/c1bd6555117b5a2c1c52789cc941a3da/size_t_sloppy_typedef.c:2:17: error: typedef redefinition with different types ('void ***' vs 'unsigned long')
typedef void ***size_t;
                ^
/Library/Developer/CommandLineTools/usr/lib/clang/13.1.6/include/stddef.h:46:23: note: previous definition is here
typedef __SIZE_TYPE__ size_t;
                      ^
1 error generated.

**** END FILE stderr ***
Test failed
**** BEGIN FILE source file: /var/folders/fs/7lms62rj6gj_2s4fd9zzwfbc0000gn/T/cov-bencyc1129/61431742d474279c029d4463b7f3aad1/cov-bencyc1129/c1bd6555117b5a2c1c52789cc941a3da/size_t_is_unsigned_int.c
#include <stddef.h>
typedef unsigned int size_t;size_t x;


**** END FILE source file ***
pipe_command: /usr/bin/gcc -c /var/folders/fs/7lms62rj6gj_2s4fd9zzwfbc0000gn/T/cov-bencyc1129/61431742d474279c029d4463b7f3aad1/cov-bencyc1129/c1bd6555117b5a2c1c52789cc941a3da/size_t_is_unsigned_int.c 
pipe_commands starting: /usr/bin/gcc -c /var/folders/fs/7lms62rj6gj_2s4fd9zzwfbc0000gn/T/cov-bencyc1129/61431742d474279c029d4463b7f3aad1/cov-bencyc1129/c1bd6555117b5a2c1c52789cc941a3da/size_t_is_unsigned_int.c 
**** BEGIN FILE stdout: 

**** END FILE stdout ***
**** BEGIN FILE stderr: 
/var/folders/fs/7lms62rj6gj_2s4fd9zzwfbc0000gn/T/cov-bencyc1129/61431742d474279c029d4463b7f3aad1/cov-bencyc1129/c1bd6555117b5a2c1c52789cc941a3da/size_t_is_unsigned_int.c:2:22: error: typedef redefinition with different types ('unsigned int' vs 'unsigned long')
typedef unsigned int size_t;size_t x;
                     ^
/Library/Developer/CommandLineTools/usr/lib/clang/13.1.6/include/stddef.h:46:23: note: previous definition is here
typedef __SIZE_TYPE__ size_t;
                      ^
1 error generated.

**** END FILE stderr ***
Test failed
**** BEGIN FILE source file: /var/folders/fs/7lms62rj6gj_2s4fd9zzwfbc0000gn/T/cov-bencyc1129/61431742d474279c029d4463b7f3aad1/cov-bencyc1129/c1bd6555117b5a2c1c52789cc941a3da/size_t_is_unsigned_long.c
#include <stddef.h>
typedef unsigned long size_t;size_t x;


**** END FILE source file ***
pipe_command: /usr/bin/gcc -c /var/folders/fs/7lms62rj6gj_2s4fd9zzwfbc0000gn/T/cov-bencyc1129/61431742d474279c029d4463b7f3aad1/cov-bencyc1129/c1bd6555117b5a2c1c52789cc941a3da/size_t_is_unsigned_long.c 
pipe_commands starting: /usr/bin/gcc -c /var/folders/fs/7lms62rj6gj_2s4fd9zzwfbc0000gn/T/cov-bencyc1129/61431742d474279c029d4463b7f3aad1/cov-bencyc1129/c1bd6555117b5a2c1c52789cc941a3da/size_t_is_unsigned_long.c 
**** BEGIN FILE stdout: 

**** END FILE stdout ***
**** BEGIN FILE stderr: 

**** END FILE stderr ***
Test succeded
**** END PROBE Detecting size_t ****
**** BEGIN PROBE Detecting ptrdiff_t ****
Detecting ptrdiff_t.
**** BEGIN FILE source file: /var/folders/fs/7lms62rj6gj_2s4fd9zzwfbc0000gn/T/cov-bencyc1129/61431742d474279c029d4463b7f3aad1/cov-bencyc1129/c1bd6555117b5a2c1c52789cc941a3da/ptrdiff_t_is_valid_type.c
ptrdiff_t * s;


**** END FILE source file ***
pipe_command: /usr/bin/gcc -c /var/folders/fs/7lms62rj6gj_2s4fd9zzwfbc0000gn/T/cov-bencyc1129/61431742d474279c029d4463b7f3aad1/cov-bencyc1129/c1bd6555117b5a2c1c52789cc941a3da/ptrdiff_t_is_valid_type.c 
pipe_commands starting: /usr/bin/gcc -c /var/folders/fs/7lms62rj6gj_2s4fd9zzwfbc0000gn/T/cov-bencyc1129/61431742d474279c029d4463b7f3aad1/cov-bencyc1129/c1bd6555117b5a2c1c52789cc941a3da/ptrdiff_t_is_valid_type.c 
**** BEGIN FILE stdout: 

**** END FILE stdout ***
**** BEGIN FILE stderr: 
/var/folders/fs/7lms62rj6gj_2s4fd9zzwfbc0000gn/T/cov-bencyc1129/61431742d474279c029d4463b7f3aad1/cov-bencyc1129/c1bd6555117b5a2c1c52789cc941a3da/ptrdiff_t_is_valid_type.c:1:1: error: unknown type name 'ptrdiff_t'
ptrdiff_t * s;
^
1 error generated.

**** END FILE stderr ***
Test failed
**** BEGIN FILE source file: /var/folders/fs/7lms62rj6gj_2s4fd9zzwfbc0000gn/T/cov-bencyc1129/61431742d474279c029d4463b7f3aad1/cov-bencyc1129/c1bd6555117b5a2c1c52789cc941a3da/ptrdiff_t_is_valid_type2.c
#include <stddef.h>
ptrdiff_t * s;


**** END FILE source file ***
pipe_command: /usr/bin/gcc -c /var/folders/fs/7lms62rj6gj_2s4fd9zzwfbc0000gn/T/cov-bencyc1129/61431742d474279c029d4463b7f3aad1/cov-bencyc1129/c1bd6555117b5a2c1c52789cc941a3da/ptrdiff_t_is_valid_type2.c 
pipe_commands starting: /usr/bin/gcc -c /var/folders/fs/7lms62rj6gj_2s4fd9zzwfbc0000gn/T/cov-bencyc1129/61431742d474279c029d4463b7f3aad1/cov-bencyc1129/c1bd6555117b5a2c1c52789cc941a3da/ptrdiff_t_is_valid_type2.c 
**** BEGIN FILE stdout: 

**** END FILE stdout ***
**** BEGIN FILE stderr: 

**** END FILE stderr ***
Test succeded
**** BEGIN FILE source file: /var/folders/fs/7lms62rj6gj_2s4fd9zzwfbc0000gn/T/cov-bencyc1129/61431742d474279c029d4463b7f3aad1/cov-bencyc1129/c1bd6555117b5a2c1c52789cc941a3da/ptrdiff_t_sloppy_typedef.c
#include <stddef.h>
typedef void ***ptrdiff_t;


**** END FILE source file ***
pipe_command: /usr/bin/gcc -c /var/folders/fs/7lms62rj6gj_2s4fd9zzwfbc0000gn/T/cov-bencyc1129/61431742d474279c029d4463b7f3aad1/cov-bencyc1129/c1bd6555117b5a2c1c52789cc941a3da/ptrdiff_t_sloppy_typedef.c 
pipe_commands starting: /usr/bin/gcc -c /var/folders/fs/7lms62rj6gj_2s4fd9zzwfbc0000gn/T/cov-bencyc1129/61431742d474279c029d4463b7f3aad1/cov-bencyc1129/c1bd6555117b5a2c1c52789cc941a3da/ptrdiff_t_sloppy_typedef.c 
**** BEGIN FILE stdout: 

**** END FILE stdout ***
**** BEGIN FILE stderr: 
/var/folders/fs/7lms62rj6gj_2s4fd9zzwfbc0000gn/T/cov-bencyc1129/61431742d474279c029d4463b7f3aad1/cov-bencyc1129/c1bd6555117b5a2c1c52789cc941a3da/ptrdiff_t_sloppy_typedef.c:2:17: error: typedef redefinition with different types ('void ***' vs 'long')
typedef void ***ptrdiff_t;
                ^
/Library/Developer/CommandLineTools/usr/lib/clang/13.1.6/include/stddef.h:35:26: note: previous definition is here
typedef __PTRDIFF_TYPE__ ptrdiff_t;
                         ^
1 error generated.

**** END FILE stderr ***
Test failed
**** BEGIN FILE source file: /var/folders/fs/7lms62rj6gj_2s4fd9zzwfbc0000gn/T/cov-bencyc1129/61431742d474279c029d4463b7f3aad1/cov-bencyc1129/c1bd6555117b5a2c1c52789cc941a3da/size_t_is_int.c
#include <stddef.h>
typedef int ptrdiff_t;ptrdiff_t x;


**** END FILE source file ***
pipe_command: /usr/bin/gcc -c /var/folders/fs/7lms62rj6gj_2s4fd9zzwfbc0000gn/T/cov-bencyc1129/61431742d474279c029d4463b7f3aad1/cov-bencyc1129/c1bd6555117b5a2c1c52789cc941a3da/size_t_is_int.c 
pipe_commands starting: /usr/bin/gcc -c /var/folders/fs/7lms62rj6gj_2s4fd9zzwfbc0000gn/T/cov-bencyc1129/61431742d474279c029d4463b7f3aad1/cov-bencyc1129/c1bd6555117b5a2c1c52789cc941a3da/size_t_is_int.c 
**** BEGIN FILE stdout: 

**** END FILE stdout ***
**** BEGIN FILE stderr: 
/var/folders/fs/7lms62rj6gj_2s4fd9zzwfbc0000gn/T/cov-bencyc1129/61431742d474279c029d4463b7f3aad1/cov-bencyc1129/c1bd6555117b5a2c1c52789cc941a3da/size_t_is_int.c:2:13: error: typedef redefinition with different types ('int' vs 'long')
typedef int ptrdiff_t;ptrdiff_t x;
            ^
/Library/Developer/CommandLineTools/usr/lib/clang/13.1.6/include/stddef.h:35:26: note: previous definition is here
typedef __PTRDIFF_TYPE__ ptrdiff_t;
                         ^
1 error generated.

**** END FILE stderr ***
Test failed
**** BEGIN FILE source file: /var/folders/fs/7lms62rj6gj_2s4fd9zzwfbc0000gn/T/cov-bencyc1129/61431742d474279c029d4463b7f3aad1/cov-bencyc1129/c1bd6555117b5a2c1c52789cc941a3da/size_t_is_long.c
#include <stddef.h>
typedef long ptrdiff_t;ptrdiff_t x;


**** END FILE source file ***
pipe_command: /usr/bin/gcc -c /var/folders/fs/7lms62rj6gj_2s4fd9zzwfbc0000gn/T/cov-bencyc1129/61431742d474279c029d4463b7f3aad1/cov-bencyc1129/c1bd6555117b5a2c1c52789cc941a3da/size_t_is_long.c 
pipe_commands starting: /usr/bin/gcc -c /var/folders/fs/7lms62rj6gj_2s4fd9zzwfbc0000gn/T/cov-bencyc1129/61431742d474279c029d4463b7f3aad1/cov-bencyc1129/c1bd6555117b5a2c1c52789cc941a3da/size_t_is_long.c 
**** BEGIN FILE stdout: 

**** END FILE stdout ***
**** BEGIN FILE stderr: 

**** END FILE stderr ***
Test succeded
**** END PROBE Detecting ptrdiff_t ****
**** BEGIN PROBE add_appropriate_type_size_and_alignment_switch ****
[STATUS] gcc-config-0: Detecting size and alignment of fundamental types.
Detecting size and alignment of wchar_t
**** BEGIN PROBE run_type_size_test ****
**** BEGIN FILE source file: /var/folders/fs/7lms62rj6gj_2s4fd9zzwfbc0000gn/T/cov-bencyc1129/61431742d474279c029d4463b7f3aad1/cov-bencyc1129/c1bd6555117b5a2c1c52789cc941a3da/keyword_wchar_t.c
wchar_t x;

**** END FILE source file ***
pipe_command: /usr/bin/gcc -c /var/folders/fs/7lms62rj6gj_2s4fd9zzwfbc0000gn/T/cov-bencyc1129/61431742d474279c029d4463b7f3aad1/cov-bencyc1129/c1bd6555117b5a2c1c52789cc941a3da/keyword_wchar_t.c 
pipe_commands starting: /usr/bin/gcc -c /var/folders/fs/7lms62rj6gj_2s4fd9zzwfbc0000gn/T/cov-bencyc1129/61431742d474279c029d4463b7f3aad1/cov-bencyc1129/c1bd6555117b5a2c1c52789cc941a3da/keyword_wchar_t.c 
**** BEGIN FILE stdout: 

**** END FILE stdout ***
**** BEGIN FILE stderr: 
/var/folders/fs/7lms62rj6gj_2s4fd9zzwfbc0000gn/T/cov-bencyc1129/61431742d474279c029d4463b7f3aad1/cov-bencyc1129/c1bd6555117b5a2c1c52789cc941a3da/keyword_wchar_t.c:1:1: error: unknown type name 'wchar_t'
wchar_t x;
^
1 error generated.

**** END FILE stderr ***
Test failed
**** END PROBE run_type_size_test ****
Detecting size and alignment of long long
**** BEGIN PROBE run_type_size_test ****
**** BEGIN FILE source file: /var/folders/fs/7lms62rj6gj_2s4fd9zzwfbc0000gn/T/cov-bencyc1129/61431742d474279c029d4463b7f3aad1/cov-bencyc1129/c1bd6555117b5a2c1c52789cc941a3da/keyword_long_long.c
long long x;

**** END FILE source file ***
pipe_command: /usr/bin/gcc -c /var/folders/fs/7lms62rj6gj_2s4fd9zzwfbc0000gn/T/cov-bencyc1129/61431742d474279c029d4463b7f3aad1/cov-bencyc1129/c1bd6555117b5a2c1c52789cc941a3da/keyword_long_long.c 
pipe_commands starting: /usr/bin/gcc -c /var/folders/fs/7lms62rj6gj_2s4fd9zzwfbc0000gn/T/cov-bencyc1129/61431742d474279c029d4463b7f3aad1/cov-bencyc1129/c1bd6555117b5a2c1c52789cc941a3da/keyword_long_long.c 
**** BEGIN FILE stdout: 

**** END FILE stdout ***
**** BEGIN FILE stderr: 

**** END FILE stderr ***
Test succeded
**** BEGIN FILE source file: /var/folders/fs/7lms62rj6gj_2s4fd9zzwfbc0000gn/T/cov-bencyc1129/61431742d474279c029d4463b7f3aad1/cov-bencyc1129/c1bd6555117b5a2c1c52789cc941a3da/long_long_size_8.c
int x [((int)sizeof (long long)) -8];

**** END FILE source file ***
pipe_command: /usr/bin/gcc -c /var/folders/fs/7lms62rj6gj_2s4fd9zzwfbc0000gn/T/cov-bencyc1129/61431742d474279c029d4463b7f3aad1/cov-bencyc1129/c1bd6555117b5a2c1c52789cc941a3da/long_long_size_8.c 
pipe_commands starting: /usr/bin/gcc -c /var/folders/fs/7lms62rj6gj_2s4fd9zzwfbc0000gn/T/cov-bencyc1129/61431742d474279c029d4463b7f3aad1/cov-bencyc1129/c1bd6555117b5a2c1c52789cc941a3da/long_long_size_8.c 
**** BEGIN FILE stdout: 

**** END FILE stdout ***
**** BEGIN FILE stderr: 

**** END FILE stderr ***
Test succeded
**** END PROBE run_type_size_test ****
**** BEGIN FILE source file: /var/folders/fs/7lms62rj6gj_2s4fd9zzwfbc0000gn/T/cov-bencyc1129/61431742d474279c029d4463b7f3aad1/cov-bencyc1129/c1bd6555117b5a2c1c52789cc941a3da/long_long_align_8.c
struct X { char a; long long b; };
struct Y {
char a1;
char a2;
char a3;
char a4;
char a5;
char a6;
char a7;
char a8;
long long b; };
int x[sizeof(struct X)==sizeof(struct Y)?1:-1];


**** END FILE source file ***
pipe_command: /usr/bin/gcc -c /var/folders/fs/7lms62rj6gj_2s4fd9zzwfbc0000gn/T/cov-bencyc1129/61431742d474279c029d4463b7f3aad1/cov-bencyc1129/c1bd6555117b5a2c1c52789cc941a3da/long_long_align_8.c 
pipe_commands starting: /usr/bin/gcc -c /var/folders/fs/7lms62rj6gj_2s4fd9zzwfbc0000gn/T/cov-bencyc1129/61431742d474279c029d4463b7f3aad1/cov-bencyc1129/c1bd6555117b5a2c1c52789cc941a3da/long_long_align_8.c 
**** BEGIN FILE stdout: 

**** END FILE stdout ***
**** BEGIN FILE stderr: 

**** END FILE stderr ***
Test succeded
Detecting size and alignment of long
**** BEGIN PROBE run_type_size_test ****
**** BEGIN FILE source file: /var/folders/fs/7lms62rj6gj_2s4fd9zzwfbc0000gn/T/cov-bencyc1129/61431742d474279c029d4463b7f3aad1/cov-bencyc1129/c1bd6555117b5a2c1c52789cc941a3da/keyword_long.c
long x;

**** END FILE source file ***
pipe_command: /usr/bin/gcc -c /var/folders/fs/7lms62rj6gj_2s4fd9zzwfbc0000gn/T/cov-bencyc1129/61431742d474279c029d4463b7f3aad1/cov-bencyc1129/c1bd6555117b5a2c1c52789cc941a3da/keyword_long.c 
pipe_commands starting: /usr/bin/gcc -c /var/folders/fs/7lms62rj6gj_2s4fd9zzwfbc0000gn/T/cov-bencyc1129/61431742d474279c029d4463b7f3aad1/cov-bencyc1129/c1bd6555117b5a2c1c52789cc941a3da/keyword_long.c 
**** BEGIN FILE stdout: 

**** END FILE stdout ***
**** BEGIN FILE stderr: 

**** END FILE stderr ***
Test succeded
**** BEGIN FILE source file: /var/folders/fs/7lms62rj6gj_2s4fd9zzwfbc0000gn/T/cov-bencyc1129/61431742d474279c029d4463b7f3aad1/cov-bencyc1129/c1bd6555117b5a2c1c52789cc941a3da/long_size_8.c
int x [((int)sizeof (long)) -8];

**** END FILE source file ***
pipe_command: /usr/bin/gcc -c /var/folders/fs/7lms62rj6gj_2s4fd9zzwfbc0000gn/T/cov-bencyc1129/61431742d474279c029d4463b7f3aad1/cov-bencyc1129/c1bd6555117b5a2c1c52789cc941a3da/long_size_8.c 
pipe_commands starting: /usr/bin/gcc -c /var/folders/fs/7lms62rj6gj_2s4fd9zzwfbc0000gn/T/cov-bencyc1129/61431742d474279c029d4463b7f3aad1/cov-bencyc1129/c1bd6555117b5a2c1c52789cc941a3da/long_size_8.c 
**** BEGIN FILE stdout: 

**** END FILE stdout ***
**** BEGIN FILE stderr: 

**** END FILE stderr ***
Test succeded
**** END PROBE run_type_size_test ****
**** BEGIN FILE source file: /var/folders/fs/7lms62rj6gj_2s4fd9zzwfbc0000gn/T/cov-bencyc1129/61431742d474279c029d4463b7f3aad1/cov-bencyc1129/c1bd6555117b5a2c1c52789cc941a3da/long_align_8.c
struct X { char a; long b; };
struct Y {
char a1;
char a2;
char a3;
char a4;
char a5;
char a6;
char a7;
char a8;
long b; };
int x[sizeof(struct X)==sizeof(struct Y)?1:-1];


**** END FILE source file ***
pipe_command: /usr/bin/gcc -c /var/folders/fs/7lms62rj6gj_2s4fd9zzwfbc0000gn/T/cov-bencyc1129/61431742d474279c029d4463b7f3aad1/cov-bencyc1129/c1bd6555117b5a2c1c52789cc941a3da/long_align_8.c 
pipe_commands starting: /usr/bin/gcc -c /var/folders/fs/7lms62rj6gj_2s4fd9zzwfbc0000gn/T/cov-bencyc1129/61431742d474279c029d4463b7f3aad1/cov-bencyc1129/c1bd6555117b5a2c1c52789cc941a3da/long_align_8.c 
**** BEGIN FILE stdout: 

**** END FILE stdout ***
**** BEGIN FILE stderr: 

**** END FILE stderr ***
Test succeded
Detecting size and alignment of int
**** BEGIN PROBE run_type_size_test ****
**** BEGIN FILE source file: /var/folders/fs/7lms62rj6gj_2s4fd9zzwfbc0000gn/T/cov-bencyc1129/61431742d474279c029d4463b7f3aad1/cov-bencyc1129/c1bd6555117b5a2c1c52789cc941a3da/keyword_int.c
int x;

**** END FILE source file ***
pipe_command: /usr/bin/gcc -c /var/folders/fs/7lms62rj6gj_2s4fd9zzwfbc0000gn/T/cov-bencyc1129/61431742d474279c029d4463b7f3aad1/cov-bencyc1129/c1bd6555117b5a2c1c52789cc941a3da/keyword_int.c 
pipe_commands starting: /usr/bin/gcc -c /var/folders/fs/7lms62rj6gj_2s4fd9zzwfbc0000gn/T/cov-bencyc1129/61431742d474279c029d4463b7f3aad1/cov-bencyc1129/c1bd6555117b5a2c1c52789cc941a3da/keyword_int.c 
**** BEGIN FILE stdout: 

**** END FILE stdout ***
**** BEGIN FILE stderr: 

**** END FILE stderr ***
Test succeded
**** BEGIN FILE source file: /var/folders/fs/7lms62rj6gj_2s4fd9zzwfbc0000gn/T/cov-bencyc1129/61431742d474279c029d4463b7f3aad1/cov-bencyc1129/c1bd6555117b5a2c1c52789cc941a3da/int_size_8.c
int x [((int)sizeof (int)) -8];

**** END FILE source file ***
pipe_command: /usr/bin/gcc -c /var/folders/fs/7lms62rj6gj_2s4fd9zzwfbc0000gn/T/cov-bencyc1129/61431742d474279c029d4463b7f3aad1/cov-bencyc1129/c1bd6555117b5a2c1c52789cc941a3da/int_size_8.c 
pipe_commands starting: /usr/bin/gcc -c /var/folders/fs/7lms62rj6gj_2s4fd9zzwfbc0000gn/T/cov-bencyc1129/61431742d474279c029d4463b7f3aad1/cov-bencyc1129/c1bd6555117b5a2c1c52789cc941a3da/int_size_8.c 
**** BEGIN FILE stdout: 

**** END FILE stdout ***
**** BEGIN FILE stderr: 
/var/folders/fs/7lms62rj6gj_2s4fd9zzwfbc0000gn/T/cov-bencyc1129/61431742d474279c029d4463b7f3aad1/cov-bencyc1129/c1bd6555117b5a2c1c52789cc941a3da/int_size_8.c:1:8: error: 'x' declared as an array with a negative size
int x [((int)sizeof (int)) -8];
       ^~~~~~~~~~~~~~~~~~~~~~
1 error generated.

**** END FILE stderr ***
Test failed
**** BEGIN FILE source file: /var/folders/fs/7lms62rj6gj_2s4fd9zzwfbc0000gn/T/cov-bencyc1129/61431742d474279c029d4463b7f3aad1/cov-bencyc1129/c1bd6555117b5a2c1c52789cc941a3da/int_size_7.c
int x [((int)sizeof (int)) -7];

**** END FILE source file ***
pipe_command: /usr/bin/gcc -c /var/folders/fs/7lms62rj6gj_2s4fd9zzwfbc0000gn/T/cov-bencyc1129/61431742d474279c029d4463b7f3aad1/cov-bencyc1129/c1bd6555117b5a2c1c52789cc941a3da/int_size_7.c 
pipe_commands starting: /usr/bin/gcc -c /var/folders/fs/7lms62rj6gj_2s4fd9zzwfbc0000gn/T/cov-bencyc1129/61431742d474279c029d4463b7f3aad1/cov-bencyc1129/c1bd6555117b5a2c1c52789cc941a3da/int_size_7.c 
**** BEGIN FILE stdout: 

**** END FILE stdout ***
**** BEGIN FILE stderr: 
/var/folders/fs/7lms62rj6gj_2s4fd9zzwfbc0000gn/T/cov-bencyc1129/61431742d474279c029d4463b7f3aad1/cov-bencyc1129/c1bd6555117b5a2c1c52789cc941a3da/int_size_7.c:1:8: error: 'x' declared as an array with a negative size
int x [((int)sizeof (int)) -7];
       ^~~~~~~~~~~~~~~~~~~~~~
1 error generated.

**** END FILE stderr ***
Test failed
**** BEGIN FILE source file: /var/folders/fs/7lms62rj6gj_2s4fd9zzwfbc0000gn/T/cov-bencyc1129/61431742d474279c029d4463b7f3aad1/cov-bencyc1129/c1bd6555117b5a2c1c52789cc941a3da/int_size_6.c
int x [((int)sizeof (int)) -6];

**** END FILE source file ***
pipe_command: /usr/bin/gcc -c /var/folders/fs/7lms62rj6gj_2s4fd9zzwfbc0000gn/T/cov-bencyc1129/61431742d474279c029d4463b7f3aad1/cov-bencyc1129/c1bd6555117b5a2c1c52789cc941a3da/int_size_6.c 
pipe_commands starting: /usr/bin/gcc -c /var/folders/fs/7lms62rj6gj_2s4fd9zzwfbc0000gn/T/cov-bencyc1129/61431742d474279c029d4463b7f3aad1/cov-bencyc1129/c1bd6555117b5a2c1c52789cc941a3da/int_size_6.c 
**** BEGIN FILE stdout: 

**** END FILE stdout ***
**** BEGIN FILE stderr: 
/var/folders/fs/7lms62rj6gj_2s4fd9zzwfbc0000gn/T/cov-bencyc1129/61431742d474279c029d4463b7f3aad1/cov-bencyc1129/c1bd6555117b5a2c1c52789cc941a3da/int_size_6.c:1:8: error: 'x' declared as an array with a negative size
int x [((int)sizeof (int)) -6];
       ^~~~~~~~~~~~~~~~~~~~~~
1 error generated.

**** END FILE stderr ***
Test failed
**** BEGIN FILE source file: /var/folders/fs/7lms62rj6gj_2s4fd9zzwfbc0000gn/T/cov-bencyc1129/61431742d474279c029d4463b7f3aad1/cov-bencyc1129/c1bd6555117b5a2c1c52789cc941a3da/int_size_5.c
int x [((int)sizeof (int)) -5];

**** END FILE source file ***
pipe_command: /usr/bin/gcc -c /var/folders/fs/7lms62rj6gj_2s4fd9zzwfbc0000gn/T/cov-bencyc1129/61431742d474279c029d4463b7f3aad1/cov-bencyc1129/c1bd6555117b5a2c1c52789cc941a3da/int_size_5.c 
pipe_commands starting: /usr/bin/gcc -c /var/folders/fs/7lms62rj6gj_2s4fd9zzwfbc0000gn/T/cov-bencyc1129/61431742d474279c029d4463b7f3aad1/cov-bencyc1129/c1bd6555117b5a2c1c52789cc941a3da/int_size_5.c 
**** BEGIN FILE stdout: 

**** END FILE stdout ***
**** BEGIN FILE stderr: 
/var/folders/fs/7lms62rj6gj_2s4fd9zzwfbc0000gn/T/cov-bencyc1129/61431742d474279c029d4463b7f3aad1/cov-bencyc1129/c1bd6555117b5a2c1c52789cc941a3da/int_size_5.c:1:8: error: 'x' declared as an array with a negative size
int x [((int)sizeof (int)) -5];
       ^~~~~~~~~~~~~~~~~~~~~~
1 error generated.

**** END FILE stderr ***
Test failed
**** BEGIN FILE source file: /var/folders/fs/7lms62rj6gj_2s4fd9zzwfbc0000gn/T/cov-bencyc1129/61431742d474279c029d4463b7f3aad1/cov-bencyc1129/c1bd6555117b5a2c1c52789cc941a3da/int_size_4.c
int x [((int)sizeof (int)) -4];

**** END FILE source file ***
pipe_command: /usr/bin/gcc -c /var/folders/fs/7lms62rj6gj_2s4fd9zzwfbc0000gn/T/cov-bencyc1129/61431742d474279c029d4463b7f3aad1/cov-bencyc1129/c1bd6555117b5a2c1c52789cc941a3da/int_size_4.c 
pipe_commands starting: /usr/bin/gcc -c /var/folders/fs/7lms62rj6gj_2s4fd9zzwfbc0000gn/T/cov-bencyc1129/61431742d474279c029d4463b7f3aad1/cov-bencyc1129/c1bd6555117b5a2c1c52789cc941a3da/int_size_4.c 
**** BEGIN FILE stdout: 

**** END FILE stdout ***
**** BEGIN FILE stderr: 

**** END FILE stderr ***
Test succeded
**** END PROBE run_type_size_test ****
**** BEGIN FILE source file: /var/folders/fs/7lms62rj6gj_2s4fd9zzwfbc0000gn/T/cov-bencyc1129/61431742d474279c029d4463b7f3aad1/cov-bencyc1129/c1bd6555117b5a2c1c52789cc941a3da/int_align_8.c
struct X { char a; int b; };
struct Y {
char a1;
char a2;
char a3;
char a4;
char a5;
char a6;
char a7;
char a8;
int b; };
int x[sizeof(struct X)==sizeof(struct Y)?1:-1];


**** END FILE source file ***
pipe_command: /usr/bin/gcc -c /var/folders/fs/7lms62rj6gj_2s4fd9zzwfbc0000gn/T/cov-bencyc1129/61431742d474279c029d4463b7f3aad1/cov-bencyc1129/c1bd6555117b5a2c1c52789cc941a3da/int_align_8.c 
pipe_commands starting: /usr/bin/gcc -c /var/folders/fs/7lms62rj6gj_2s4fd9zzwfbc0000gn/T/cov-bencyc1129/61431742d474279c029d4463b7f3aad1/cov-bencyc1129/c1bd6555117b5a2c1c52789cc941a3da/int_align_8.c 
**** BEGIN FILE stdout: 

**** END FILE stdout ***
**** BEGIN FILE stderr: 
/var/folders/fs/7lms62rj6gj_2s4fd9zzwfbc0000gn/T/cov-bencyc1129/61431742d474279c029d4463b7f3aad1/cov-bencyc1129/c1bd6555117b5a2c1c52789cc941a3da/int_align_8.c:12:7: error: 'x' declared as an array with a negative size
int x[sizeof(struct X)==sizeof(struct Y)?1:-1];
      ^~~~~~~~~~~~~~~~~~~~~~~~~~~~~~~~~~~~~~~
1 error generated.

**** END FILE stderr ***
Test failed
**** BEGIN FILE source file: /var/folders/fs/7lms62rj6gj_2s4fd9zzwfbc0000gn/T/cov-bencyc1129/61431742d474279c029d4463b7f3aad1/cov-bencyc1129/c1bd6555117b5a2c1c52789cc941a3da/int_align_7.c
struct X { char a; int b; };
struct Y {
char a1;
char a2;
char a3;
char a4;
char a5;
char a6;
char a7;
int b; };
int x[sizeof(struct X)==sizeof(struct Y)?1:-1];


**** END FILE source file ***
pipe_command: /usr/bin/gcc -c /var/folders/fs/7lms62rj6gj_2s4fd9zzwfbc0000gn/T/cov-bencyc1129/61431742d474279c029d4463b7f3aad1/cov-bencyc1129/c1bd6555117b5a2c1c52789cc941a3da/int_align_7.c 
pipe_commands starting: /usr/bin/gcc -c /var/folders/fs/7lms62rj6gj_2s4fd9zzwfbc0000gn/T/cov-bencyc1129/61431742d474279c029d4463b7f3aad1/cov-bencyc1129/c1bd6555117b5a2c1c52789cc941a3da/int_align_7.c 
**** BEGIN FILE stdout: 

**** END FILE stdout ***
**** BEGIN FILE stderr: 
/var/folders/fs/7lms62rj6gj_2s4fd9zzwfbc0000gn/T/cov-bencyc1129/61431742d474279c029d4463b7f3aad1/cov-bencyc1129/c1bd6555117b5a2c1c52789cc941a3da/int_align_7.c:11:7: error: 'x' declared as an array with a negative size
int x[sizeof(struct X)==sizeof(struct Y)?1:-1];
      ^~~~~~~~~~~~~~~~~~~~~~~~~~~~~~~~~~~~~~~
1 error generated.

**** END FILE stderr ***
Test failed
**** BEGIN FILE source file: /var/folders/fs/7lms62rj6gj_2s4fd9zzwfbc0000gn/T/cov-bencyc1129/61431742d474279c029d4463b7f3aad1/cov-bencyc1129/c1bd6555117b5a2c1c52789cc941a3da/int_align_6.c
struct X { char a; int b; };
struct Y {
char a1;
char a2;
char a3;
char a4;
char a5;
char a6;
int b; };
int x[sizeof(struct X)==sizeof(struct Y)?1:-1];


**** END FILE source file ***
pipe_command: /usr/bin/gcc -c /var/folders/fs/7lms62rj6gj_2s4fd9zzwfbc0000gn/T/cov-bencyc1129/61431742d474279c029d4463b7f3aad1/cov-bencyc1129/c1bd6555117b5a2c1c52789cc941a3da/int_align_6.c 
pipe_commands starting: /usr/bin/gcc -c /var/folders/fs/7lms62rj6gj_2s4fd9zzwfbc0000gn/T/cov-bencyc1129/61431742d474279c029d4463b7f3aad1/cov-bencyc1129/c1bd6555117b5a2c1c52789cc941a3da/int_align_6.c 
**** BEGIN FILE stdout: 

**** END FILE stdout ***
**** BEGIN FILE stderr: 
/var/folders/fs/7lms62rj6gj_2s4fd9zzwfbc0000gn/T/cov-bencyc1129/61431742d474279c029d4463b7f3aad1/cov-bencyc1129/c1bd6555117b5a2c1c52789cc941a3da/int_align_6.c:10:7: error: 'x' declared as an array with a negative size
int x[sizeof(struct X)==sizeof(struct Y)?1:-1];
      ^~~~~~~~~~~~~~~~~~~~~~~~~~~~~~~~~~~~~~~
1 error generated.

**** END FILE stderr ***
Test failed
**** BEGIN FILE source file: /var/folders/fs/7lms62rj6gj_2s4fd9zzwfbc0000gn/T/cov-bencyc1129/61431742d474279c029d4463b7f3aad1/cov-bencyc1129/c1bd6555117b5a2c1c52789cc941a3da/int_align_5.c
struct X { char a; int b; };
struct Y {
char a1;
char a2;
char a3;
char a4;
char a5;
int b; };
int x[sizeof(struct X)==sizeof(struct Y)?1:-1];


**** END FILE source file ***
pipe_command: /usr/bin/gcc -c /var/folders/fs/7lms62rj6gj_2s4fd9zzwfbc0000gn/T/cov-bencyc1129/61431742d474279c029d4463b7f3aad1/cov-bencyc1129/c1bd6555117b5a2c1c52789cc941a3da/int_align_5.c 
pipe_commands starting: /usr/bin/gcc -c /var/folders/fs/7lms62rj6gj_2s4fd9zzwfbc0000gn/T/cov-bencyc1129/61431742d474279c029d4463b7f3aad1/cov-bencyc1129/c1bd6555117b5a2c1c52789cc941a3da/int_align_5.c 
**** BEGIN FILE stdout: 

**** END FILE stdout ***
**** BEGIN FILE stderr: 
/var/folders/fs/7lms62rj6gj_2s4fd9zzwfbc0000gn/T/cov-bencyc1129/61431742d474279c029d4463b7f3aad1/cov-bencyc1129/c1bd6555117b5a2c1c52789cc941a3da/int_align_5.c:9:7: error: 'x' declared as an array with a negative size
int x[sizeof(struct X)==sizeof(struct Y)?1:-1];
      ^~~~~~~~~~~~~~~~~~~~~~~~~~~~~~~~~~~~~~~
1 error generated.

**** END FILE stderr ***
Test failed
**** BEGIN FILE source file: /var/folders/fs/7lms62rj6gj_2s4fd9zzwfbc0000gn/T/cov-bencyc1129/61431742d474279c029d4463b7f3aad1/cov-bencyc1129/c1bd6555117b5a2c1c52789cc941a3da/int_align_4.c
struct X { char a; int b; };
struct Y {
char a1;
char a2;
char a3;
char a4;
int b; };
int x[sizeof(struct X)==sizeof(struct Y)?1:-1];


**** END FILE source file ***
pipe_command: /usr/bin/gcc -c /var/folders/fs/7lms62rj6gj_2s4fd9zzwfbc0000gn/T/cov-bencyc1129/61431742d474279c029d4463b7f3aad1/cov-bencyc1129/c1bd6555117b5a2c1c52789cc941a3da/int_align_4.c 
pipe_commands starting: /usr/bin/gcc -c /var/folders/fs/7lms62rj6gj_2s4fd9zzwfbc0000gn/T/cov-bencyc1129/61431742d474279c029d4463b7f3aad1/cov-bencyc1129/c1bd6555117b5a2c1c52789cc941a3da/int_align_4.c 
**** BEGIN FILE stdout: 

**** END FILE stdout ***
**** BEGIN FILE stderr: 

**** END FILE stderr ***
Test succeded
Detecting size and alignment of short
**** BEGIN PROBE run_type_size_test ****
**** BEGIN FILE source file: /var/folders/fs/7lms62rj6gj_2s4fd9zzwfbc0000gn/T/cov-bencyc1129/61431742d474279c029d4463b7f3aad1/cov-bencyc1129/c1bd6555117b5a2c1c52789cc941a3da/keyword_short.c
short x;

**** END FILE source file ***
pipe_command: /usr/bin/gcc -c /var/folders/fs/7lms62rj6gj_2s4fd9zzwfbc0000gn/T/cov-bencyc1129/61431742d474279c029d4463b7f3aad1/cov-bencyc1129/c1bd6555117b5a2c1c52789cc941a3da/keyword_short.c 
pipe_commands starting: /usr/bin/gcc -c /var/folders/fs/7lms62rj6gj_2s4fd9zzwfbc0000gn/T/cov-bencyc1129/61431742d474279c029d4463b7f3aad1/cov-bencyc1129/c1bd6555117b5a2c1c52789cc941a3da/keyword_short.c 
**** BEGIN FILE stdout: 

**** END FILE stdout ***
**** BEGIN FILE stderr: 

**** END FILE stderr ***
Test succeded
**** BEGIN FILE source file: /var/folders/fs/7lms62rj6gj_2s4fd9zzwfbc0000gn/T/cov-bencyc1129/61431742d474279c029d4463b7f3aad1/cov-bencyc1129/c1bd6555117b5a2c1c52789cc941a3da/short_size_4.c
int x [((int)sizeof (short)) -4];

**** END FILE source file ***
pipe_command: /usr/bin/gcc -c /var/folders/fs/7lms62rj6gj_2s4fd9zzwfbc0000gn/T/cov-bencyc1129/61431742d474279c029d4463b7f3aad1/cov-bencyc1129/c1bd6555117b5a2c1c52789cc941a3da/short_size_4.c 
pipe_commands starting: /usr/bin/gcc -c /var/folders/fs/7lms62rj6gj_2s4fd9zzwfbc0000gn/T/cov-bencyc1129/61431742d474279c029d4463b7f3aad1/cov-bencyc1129/c1bd6555117b5a2c1c52789cc941a3da/short_size_4.c 
**** BEGIN FILE stdout: 

**** END FILE stdout ***
**** BEGIN FILE stderr: 
/var/folders/fs/7lms62rj6gj_2s4fd9zzwfbc0000gn/T/cov-bencyc1129/61431742d474279c029d4463b7f3aad1/cov-bencyc1129/c1bd6555117b5a2c1c52789cc941a3da/short_size_4.c:1:8: error: 'x' declared as an array with a negative size
int x [((int)sizeof (short)) -4];
       ^~~~~~~~~~~~~~~~~~~~~~~~
1 error generated.

**** END FILE stderr ***
Test failed
**** BEGIN FILE source file: /var/folders/fs/7lms62rj6gj_2s4fd9zzwfbc0000gn/T/cov-bencyc1129/61431742d474279c029d4463b7f3aad1/cov-bencyc1129/c1bd6555117b5a2c1c52789cc941a3da/short_size_3.c
int x [((int)sizeof (short)) -3];

**** END FILE source file ***
pipe_command: /usr/bin/gcc -c /var/folders/fs/7lms62rj6gj_2s4fd9zzwfbc0000gn/T/cov-bencyc1129/61431742d474279c029d4463b7f3aad1/cov-bencyc1129/c1bd6555117b5a2c1c52789cc941a3da/short_size_3.c 
pipe_commands starting: /usr/bin/gcc -c /var/folders/fs/7lms62rj6gj_2s4fd9zzwfbc0000gn/T/cov-bencyc1129/61431742d474279c029d4463b7f3aad1/cov-bencyc1129/c1bd6555117b5a2c1c52789cc941a3da/short_size_3.c 
**** BEGIN FILE stdout: 

**** END FILE stdout ***
**** BEGIN FILE stderr: 
/var/folders/fs/7lms62rj6gj_2s4fd9zzwfbc0000gn/T/cov-bencyc1129/61431742d474279c029d4463b7f3aad1/cov-bencyc1129/c1bd6555117b5a2c1c52789cc941a3da/short_size_3.c:1:8: error: 'x' declared as an array with a negative size
int x [((int)sizeof (short)) -3];
       ^~~~~~~~~~~~~~~~~~~~~~~~
1 error generated.

**** END FILE stderr ***
Test failed
**** BEGIN FILE source file: /var/folders/fs/7lms62rj6gj_2s4fd9zzwfbc0000gn/T/cov-bencyc1129/61431742d474279c029d4463b7f3aad1/cov-bencyc1129/c1bd6555117b5a2c1c52789cc941a3da/short_size_2.c
int x [((int)sizeof (short)) -2];

**** END FILE source file ***
pipe_command: /usr/bin/gcc -c /var/folders/fs/7lms62rj6gj_2s4fd9zzwfbc0000gn/T/cov-bencyc1129/61431742d474279c029d4463b7f3aad1/cov-bencyc1129/c1bd6555117b5a2c1c52789cc941a3da/short_size_2.c 
pipe_commands starting: /usr/bin/gcc -c /var/folders/fs/7lms62rj6gj_2s4fd9zzwfbc0000gn/T/cov-bencyc1129/61431742d474279c029d4463b7f3aad1/cov-bencyc1129/c1bd6555117b5a2c1c52789cc941a3da/short_size_2.c 
**** BEGIN FILE stdout: 

**** END FILE stdout ***
**** BEGIN FILE stderr: 

**** END FILE stderr ***
Test succeded
**** END PROBE run_type_size_test ****
**** BEGIN FILE source file: /var/folders/fs/7lms62rj6gj_2s4fd9zzwfbc0000gn/T/cov-bencyc1129/61431742d474279c029d4463b7f3aad1/cov-bencyc1129/c1bd6555117b5a2c1c52789cc941a3da/short_align_4.c
struct X { char a; short b; };
struct Y {
char a1;
char a2;
char a3;
char a4;
short b; };
int x[sizeof(struct X)==sizeof(struct Y)?1:-1];


**** END FILE source file ***
pipe_command: /usr/bin/gcc -c /var/folders/fs/7lms62rj6gj_2s4fd9zzwfbc0000gn/T/cov-bencyc1129/61431742d474279c029d4463b7f3aad1/cov-bencyc1129/c1bd6555117b5a2c1c52789cc941a3da/short_align_4.c 
pipe_commands starting: /usr/bin/gcc -c /var/folders/fs/7lms62rj6gj_2s4fd9zzwfbc0000gn/T/cov-bencyc1129/61431742d474279c029d4463b7f3aad1/cov-bencyc1129/c1bd6555117b5a2c1c52789cc941a3da/short_align_4.c 
**** BEGIN FILE stdout: 

**** END FILE stdout ***
**** BEGIN FILE stderr: 
/var/folders/fs/7lms62rj6gj_2s4fd9zzwfbc0000gn/T/cov-bencyc1129/61431742d474279c029d4463b7f3aad1/cov-bencyc1129/c1bd6555117b5a2c1c52789cc941a3da/short_align_4.c:8:7: error: 'x' declared as an array with a negative size
int x[sizeof(struct X)==sizeof(struct Y)?1:-1];
      ^~~~~~~~~~~~~~~~~~~~~~~~~~~~~~~~~~~~~~~
1 error generated.

**** END FILE stderr ***
Test failed
**** BEGIN FILE source file: /var/folders/fs/7lms62rj6gj_2s4fd9zzwfbc0000gn/T/cov-bencyc1129/61431742d474279c029d4463b7f3aad1/cov-bencyc1129/c1bd6555117b5a2c1c52789cc941a3da/short_align_3.c
struct X { char a; short b; };
struct Y {
char a1;
char a2;
char a3;
short b; };
int x[sizeof(struct X)==sizeof(struct Y)?1:-1];


**** END FILE source file ***
pipe_command: /usr/bin/gcc -c /var/folders/fs/7lms62rj6gj_2s4fd9zzwfbc0000gn/T/cov-bencyc1129/61431742d474279c029d4463b7f3aad1/cov-bencyc1129/c1bd6555117b5a2c1c52789cc941a3da/short_align_3.c 
pipe_commands starting: /usr/bin/gcc -c /var/folders/fs/7lms62rj6gj_2s4fd9zzwfbc0000gn/T/cov-bencyc1129/61431742d474279c029d4463b7f3aad1/cov-bencyc1129/c1bd6555117b5a2c1c52789cc941a3da/short_align_3.c 
**** BEGIN FILE stdout: 

**** END FILE stdout ***
**** BEGIN FILE stderr: 
/var/folders/fs/7lms62rj6gj_2s4fd9zzwfbc0000gn/T/cov-bencyc1129/61431742d474279c029d4463b7f3aad1/cov-bencyc1129/c1bd6555117b5a2c1c52789cc941a3da/short_align_3.c:7:7: error: 'x' declared as an array with a negative size
int x[sizeof(struct X)==sizeof(struct Y)?1:-1];
      ^~~~~~~~~~~~~~~~~~~~~~~~~~~~~~~~~~~~~~~
1 error generated.

**** END FILE stderr ***
Test failed
**** BEGIN FILE source file: /var/folders/fs/7lms62rj6gj_2s4fd9zzwfbc0000gn/T/cov-bencyc1129/61431742d474279c029d4463b7f3aad1/cov-bencyc1129/c1bd6555117b5a2c1c52789cc941a3da/short_align_2.c
struct X { char a; short b; };
struct Y {
char a1;
char a2;
short b; };
int x[sizeof(struct X)==sizeof(struct Y)?1:-1];


**** END FILE source file ***
pipe_command: /usr/bin/gcc -c /var/folders/fs/7lms62rj6gj_2s4fd9zzwfbc0000gn/T/cov-bencyc1129/61431742d474279c029d4463b7f3aad1/cov-bencyc1129/c1bd6555117b5a2c1c52789cc941a3da/short_align_2.c 
pipe_commands starting: /usr/bin/gcc -c /var/folders/fs/7lms62rj6gj_2s4fd9zzwfbc0000gn/T/cov-bencyc1129/61431742d474279c029d4463b7f3aad1/cov-bencyc1129/c1bd6555117b5a2c1c52789cc941a3da/short_align_2.c 
**** BEGIN FILE stdout: 

**** END FILE stdout ***
**** BEGIN FILE stderr: 

**** END FILE stderr ***
Test succeded
Detecting size and alignment of long double
**** BEGIN PROBE run_type_size_test ****
**** BEGIN FILE source file: /var/folders/fs/7lms62rj6gj_2s4fd9zzwfbc0000gn/T/cov-bencyc1129/61431742d474279c029d4463b7f3aad1/cov-bencyc1129/c1bd6555117b5a2c1c52789cc941a3da/keyword_long_double.c
long double x;

**** END FILE source file ***
pipe_command: /usr/bin/gcc -c /var/folders/fs/7lms62rj6gj_2s4fd9zzwfbc0000gn/T/cov-bencyc1129/61431742d474279c029d4463b7f3aad1/cov-bencyc1129/c1bd6555117b5a2c1c52789cc941a3da/keyword_long_double.c 
pipe_commands starting: /usr/bin/gcc -c /var/folders/fs/7lms62rj6gj_2s4fd9zzwfbc0000gn/T/cov-bencyc1129/61431742d474279c029d4463b7f3aad1/cov-bencyc1129/c1bd6555117b5a2c1c52789cc941a3da/keyword_long_double.c 
**** BEGIN FILE stdout: 

**** END FILE stdout ***
**** BEGIN FILE stderr: 

**** END FILE stderr ***
Test succeded
**** BEGIN FILE source file: /var/folders/fs/7lms62rj6gj_2s4fd9zzwfbc0000gn/T/cov-bencyc1129/61431742d474279c029d4463b7f3aad1/cov-bencyc1129/c1bd6555117b5a2c1c52789cc941a3da/long_double_size_16.c
int x [((int)sizeof (long double)) -16];

**** END FILE source file ***
pipe_command: /usr/bin/gcc -c /var/folders/fs/7lms62rj6gj_2s4fd9zzwfbc0000gn/T/cov-bencyc1129/61431742d474279c029d4463b7f3aad1/cov-bencyc1129/c1bd6555117b5a2c1c52789cc941a3da/long_double_size_16.c 
pipe_commands starting: /usr/bin/gcc -c /var/folders/fs/7lms62rj6gj_2s4fd9zzwfbc0000gn/T/cov-bencyc1129/61431742d474279c029d4463b7f3aad1/cov-bencyc1129/c1bd6555117b5a2c1c52789cc941a3da/long_double_size_16.c 
**** BEGIN FILE stdout: 

**** END FILE stdout ***
**** BEGIN FILE stderr: 

**** END FILE stderr ***
Test succeded
**** END PROBE run_type_size_test ****
**** BEGIN FILE source file: /var/folders/fs/7lms62rj6gj_2s4fd9zzwfbc0000gn/T/cov-bencyc1129/61431742d474279c029d4463b7f3aad1/cov-bencyc1129/c1bd6555117b5a2c1c52789cc941a3da/long_double_align_16.c
struct X { char a; long double b; };
struct Y {
char a1;
char a2;
char a3;
char a4;
char a5;
char a6;
char a7;
char a8;
char a9;
char a10;
char a11;
char a12;
char a13;
char a14;
char a15;
char a16;
long double b; };
int x[sizeof(struct X)==sizeof(struct Y)?1:-1];


**** END FILE source file ***
pipe_command: /usr/bin/gcc -c /var/folders/fs/7lms62rj6gj_2s4fd9zzwfbc0000gn/T/cov-bencyc1129/61431742d474279c029d4463b7f3aad1/cov-bencyc1129/c1bd6555117b5a2c1c52789cc941a3da/long_double_align_16.c 
pipe_commands starting: /usr/bin/gcc -c /var/folders/fs/7lms62rj6gj_2s4fd9zzwfbc0000gn/T/cov-bencyc1129/61431742d474279c029d4463b7f3aad1/cov-bencyc1129/c1bd6555117b5a2c1c52789cc941a3da/long_double_align_16.c 
**** BEGIN FILE stdout: 

**** END FILE stdout ***
**** BEGIN FILE stderr: 

**** END FILE stderr ***
Test succeded
Detecting size and alignment of double
**** BEGIN PROBE run_type_size_test ****
**** BEGIN FILE source file: /var/folders/fs/7lms62rj6gj_2s4fd9zzwfbc0000gn/T/cov-bencyc1129/61431742d474279c029d4463b7f3aad1/cov-bencyc1129/c1bd6555117b5a2c1c52789cc941a3da/keyword_double.c
double x;

**** END FILE source file ***
pipe_command: /usr/bin/gcc -c /var/folders/fs/7lms62rj6gj_2s4fd9zzwfbc0000gn/T/cov-bencyc1129/61431742d474279c029d4463b7f3aad1/cov-bencyc1129/c1bd6555117b5a2c1c52789cc941a3da/keyword_double.c 
pipe_commands starting: /usr/bin/gcc -c /var/folders/fs/7lms62rj6gj_2s4fd9zzwfbc0000gn/T/cov-bencyc1129/61431742d474279c029d4463b7f3aad1/cov-bencyc1129/c1bd6555117b5a2c1c52789cc941a3da/keyword_double.c 
**** BEGIN FILE stdout: 

**** END FILE stdout ***
**** BEGIN FILE stderr: 

**** END FILE stderr ***
Test succeded
**** BEGIN FILE source file: /var/folders/fs/7lms62rj6gj_2s4fd9zzwfbc0000gn/T/cov-bencyc1129/61431742d474279c029d4463b7f3aad1/cov-bencyc1129/c1bd6555117b5a2c1c52789cc941a3da/double_size_16.c
int x [((int)sizeof (double)) -16];

**** END FILE source file ***
pipe_command: /usr/bin/gcc -c /var/folders/fs/7lms62rj6gj_2s4fd9zzwfbc0000gn/T/cov-bencyc1129/61431742d474279c029d4463b7f3aad1/cov-bencyc1129/c1bd6555117b5a2c1c52789cc941a3da/double_size_16.c 
pipe_commands starting: /usr/bin/gcc -c /var/folders/fs/7lms62rj6gj_2s4fd9zzwfbc0000gn/T/cov-bencyc1129/61431742d474279c029d4463b7f3aad1/cov-bencyc1129/c1bd6555117b5a2c1c52789cc941a3da/double_size_16.c 
**** BEGIN FILE stdout: 

**** END FILE stdout ***
**** BEGIN FILE stderr: 
/var/folders/fs/7lms62rj6gj_2s4fd9zzwfbc0000gn/T/cov-bencyc1129/61431742d474279c029d4463b7f3aad1/cov-bencyc1129/c1bd6555117b5a2c1c52789cc941a3da/double_size_16.c:1:8: error: 'x' declared as an array with a negative size
int x [((int)sizeof (double)) -16];
       ^~~~~~~~~~~~~~~~~~~~~~~~~~
1 error generated.

**** END FILE stderr ***
Test failed
**** BEGIN FILE source file: /var/folders/fs/7lms62rj6gj_2s4fd9zzwfbc0000gn/T/cov-bencyc1129/61431742d474279c029d4463b7f3aad1/cov-bencyc1129/c1bd6555117b5a2c1c52789cc941a3da/double_size_15.c
int x [((int)sizeof (double)) -15];

**** END FILE source file ***
pipe_command: /usr/bin/gcc -c /var/folders/fs/7lms62rj6gj_2s4fd9zzwfbc0000gn/T/cov-bencyc1129/61431742d474279c029d4463b7f3aad1/cov-bencyc1129/c1bd6555117b5a2c1c52789cc941a3da/double_size_15.c 
pipe_commands starting: /usr/bin/gcc -c /var/folders/fs/7lms62rj6gj_2s4fd9zzwfbc0000gn/T/cov-bencyc1129/61431742d474279c029d4463b7f3aad1/cov-bencyc1129/c1bd6555117b5a2c1c52789cc941a3da/double_size_15.c 
**** BEGIN FILE stdout: 

**** END FILE stdout ***
**** BEGIN FILE stderr: 
/var/folders/fs/7lms62rj6gj_2s4fd9zzwfbc0000gn/T/cov-bencyc1129/61431742d474279c029d4463b7f3aad1/cov-bencyc1129/c1bd6555117b5a2c1c52789cc941a3da/double_size_15.c:1:8: error: 'x' declared as an array with a negative size
int x [((int)sizeof (double)) -15];
       ^~~~~~~~~~~~~~~~~~~~~~~~~~
1 error generated.

**** END FILE stderr ***
Test failed
**** BEGIN FILE source file: /var/folders/fs/7lms62rj6gj_2s4fd9zzwfbc0000gn/T/cov-bencyc1129/61431742d474279c029d4463b7f3aad1/cov-bencyc1129/c1bd6555117b5a2c1c52789cc941a3da/double_size_14.c
int x [((int)sizeof (double)) -14];

**** END FILE source file ***
pipe_command: /usr/bin/gcc -c /var/folders/fs/7lms62rj6gj_2s4fd9zzwfbc0000gn/T/cov-bencyc1129/61431742d474279c029d4463b7f3aad1/cov-bencyc1129/c1bd6555117b5a2c1c52789cc941a3da/double_size_14.c 
pipe_commands starting: /usr/bin/gcc -c /var/folders/fs/7lms62rj6gj_2s4fd9zzwfbc0000gn/T/cov-bencyc1129/61431742d474279c029d4463b7f3aad1/cov-bencyc1129/c1bd6555117b5a2c1c52789cc941a3da/double_size_14.c 
**** BEGIN FILE stdout: 

**** END FILE stdout ***
**** BEGIN FILE stderr: 
/var/folders/fs/7lms62rj6gj_2s4fd9zzwfbc0000gn/T/cov-bencyc1129/61431742d474279c029d4463b7f3aad1/cov-bencyc1129/c1bd6555117b5a2c1c52789cc941a3da/double_size_14.c:1:8: error: 'x' declared as an array with a negative size
int x [((int)sizeof (double)) -14];
       ^~~~~~~~~~~~~~~~~~~~~~~~~~
1 error generated.

**** END FILE stderr ***
Test failed
**** BEGIN FILE source file: /var/folders/fs/7lms62rj6gj_2s4fd9zzwfbc0000gn/T/cov-bencyc1129/61431742d474279c029d4463b7f3aad1/cov-bencyc1129/c1bd6555117b5a2c1c52789cc941a3da/double_size_13.c
int x [((int)sizeof (double)) -13];

**** END FILE source file ***
pipe_command: /usr/bin/gcc -c /var/folders/fs/7lms62rj6gj_2s4fd9zzwfbc0000gn/T/cov-bencyc1129/61431742d474279c029d4463b7f3aad1/cov-bencyc1129/c1bd6555117b5a2c1c52789cc941a3da/double_size_13.c 
pipe_commands starting: /usr/bin/gcc -c /var/folders/fs/7lms62rj6gj_2s4fd9zzwfbc0000gn/T/cov-bencyc1129/61431742d474279c029d4463b7f3aad1/cov-bencyc1129/c1bd6555117b5a2c1c52789cc941a3da/double_size_13.c 
**** BEGIN FILE stdout: 

**** END FILE stdout ***
**** BEGIN FILE stderr: 
/var/folders/fs/7lms62rj6gj_2s4fd9zzwfbc0000gn/T/cov-bencyc1129/61431742d474279c029d4463b7f3aad1/cov-bencyc1129/c1bd6555117b5a2c1c52789cc941a3da/double_size_13.c:1:8: error: 'x' declared as an array with a negative size
int x [((int)sizeof (double)) -13];
       ^~~~~~~~~~~~~~~~~~~~~~~~~~
1 error generated.

**** END FILE stderr ***
Test failed
**** BEGIN FILE source file: /var/folders/fs/7lms62rj6gj_2s4fd9zzwfbc0000gn/T/cov-bencyc1129/61431742d474279c029d4463b7f3aad1/cov-bencyc1129/c1bd6555117b5a2c1c52789cc941a3da/double_size_12.c
int x [((int)sizeof (double)) -12];

**** END FILE source file ***
pipe_command: /usr/bin/gcc -c /var/folders/fs/7lms62rj6gj_2s4fd9zzwfbc0000gn/T/cov-bencyc1129/61431742d474279c029d4463b7f3aad1/cov-bencyc1129/c1bd6555117b5a2c1c52789cc941a3da/double_size_12.c 
pipe_commands starting: /usr/bin/gcc -c /var/folders/fs/7lms62rj6gj_2s4fd9zzwfbc0000gn/T/cov-bencyc1129/61431742d474279c029d4463b7f3aad1/cov-bencyc1129/c1bd6555117b5a2c1c52789cc941a3da/double_size_12.c 
**** BEGIN FILE stdout: 

**** END FILE stdout ***
**** BEGIN FILE stderr: 
/var/folders/fs/7lms62rj6gj_2s4fd9zzwfbc0000gn/T/cov-bencyc1129/61431742d474279c029d4463b7f3aad1/cov-bencyc1129/c1bd6555117b5a2c1c52789cc941a3da/double_size_12.c:1:8: error: 'x' declared as an array with a negative size
int x [((int)sizeof (double)) -12];
       ^~~~~~~~~~~~~~~~~~~~~~~~~~
1 error generated.

**** END FILE stderr ***
Test failed
**** BEGIN FILE source file: /var/folders/fs/7lms62rj6gj_2s4fd9zzwfbc0000gn/T/cov-bencyc1129/61431742d474279c029d4463b7f3aad1/cov-bencyc1129/c1bd6555117b5a2c1c52789cc941a3da/double_size_11.c
int x [((int)sizeof (double)) -11];

**** END FILE source file ***
pipe_command: /usr/bin/gcc -c /var/folders/fs/7lms62rj6gj_2s4fd9zzwfbc0000gn/T/cov-bencyc1129/61431742d474279c029d4463b7f3aad1/cov-bencyc1129/c1bd6555117b5a2c1c52789cc941a3da/double_size_11.c 
pipe_commands starting: /usr/bin/gcc -c /var/folders/fs/7lms62rj6gj_2s4fd9zzwfbc0000gn/T/cov-bencyc1129/61431742d474279c029d4463b7f3aad1/cov-bencyc1129/c1bd6555117b5a2c1c52789cc941a3da/double_size_11.c 
**** BEGIN FILE stdout: 

**** END FILE stdout ***
**** BEGIN FILE stderr: 
/var/folders/fs/7lms62rj6gj_2s4fd9zzwfbc0000gn/T/cov-bencyc1129/61431742d474279c029d4463b7f3aad1/cov-bencyc1129/c1bd6555117b5a2c1c52789cc941a3da/double_size_11.c:1:8: error: 'x' declared as an array with a negative size
int x [((int)sizeof (double)) -11];
       ^~~~~~~~~~~~~~~~~~~~~~~~~~
1 error generated.

**** END FILE stderr ***
Test failed
**** BEGIN FILE source file: /var/folders/fs/7lms62rj6gj_2s4fd9zzwfbc0000gn/T/cov-bencyc1129/61431742d474279c029d4463b7f3aad1/cov-bencyc1129/c1bd6555117b5a2c1c52789cc941a3da/double_size_10.c
int x [((int)sizeof (double)) -10];

**** END FILE source file ***
pipe_command: /usr/bin/gcc -c /var/folders/fs/7lms62rj6gj_2s4fd9zzwfbc0000gn/T/cov-bencyc1129/61431742d474279c029d4463b7f3aad1/cov-bencyc1129/c1bd6555117b5a2c1c52789cc941a3da/double_size_10.c 
pipe_commands starting: /usr/bin/gcc -c /var/folders/fs/7lms62rj6gj_2s4fd9zzwfbc0000gn/T/cov-bencyc1129/61431742d474279c029d4463b7f3aad1/cov-bencyc1129/c1bd6555117b5a2c1c52789cc941a3da/double_size_10.c 
**** BEGIN FILE stdout: 

**** END FILE stdout ***
**** BEGIN FILE stderr: 
/var/folders/fs/7lms62rj6gj_2s4fd9zzwfbc0000gn/T/cov-bencyc1129/61431742d474279c029d4463b7f3aad1/cov-bencyc1129/c1bd6555117b5a2c1c52789cc941a3da/double_size_10.c:1:8: error: 'x' declared as an array with a negative size
int x [((int)sizeof (double)) -10];
       ^~~~~~~~~~~~~~~~~~~~~~~~~~
1 error generated.

**** END FILE stderr ***
Test failed
**** BEGIN FILE source file: /var/folders/fs/7lms62rj6gj_2s4fd9zzwfbc0000gn/T/cov-bencyc1129/61431742d474279c029d4463b7f3aad1/cov-bencyc1129/c1bd6555117b5a2c1c52789cc941a3da/double_size_9.c
int x [((int)sizeof (double)) -9];

**** END FILE source file ***
pipe_command: /usr/bin/gcc -c /var/folders/fs/7lms62rj6gj_2s4fd9zzwfbc0000gn/T/cov-bencyc1129/61431742d474279c029d4463b7f3aad1/cov-bencyc1129/c1bd6555117b5a2c1c52789cc941a3da/double_size_9.c 
pipe_commands starting: /usr/bin/gcc -c /var/folders/fs/7lms62rj6gj_2s4fd9zzwfbc0000gn/T/cov-bencyc1129/61431742d474279c029d4463b7f3aad1/cov-bencyc1129/c1bd6555117b5a2c1c52789cc941a3da/double_size_9.c 
**** BEGIN FILE stdout: 

**** END FILE stdout ***
**** BEGIN FILE stderr: 
/var/folders/fs/7lms62rj6gj_2s4fd9zzwfbc0000gn/T/cov-bencyc1129/61431742d474279c029d4463b7f3aad1/cov-bencyc1129/c1bd6555117b5a2c1c52789cc941a3da/double_size_9.c:1:8: error: 'x' declared as an array with a negative size
int x [((int)sizeof (double)) -9];
       ^~~~~~~~~~~~~~~~~~~~~~~~~
1 error generated.

**** END FILE stderr ***
Test failed
**** BEGIN FILE source file: /var/folders/fs/7lms62rj6gj_2s4fd9zzwfbc0000gn/T/cov-bencyc1129/61431742d474279c029d4463b7f3aad1/cov-bencyc1129/c1bd6555117b5a2c1c52789cc941a3da/double_size_8.c
int x [((int)sizeof (double)) -8];

**** END FILE source file ***
pipe_command: /usr/bin/gcc -c /var/folders/fs/7lms62rj6gj_2s4fd9zzwfbc0000gn/T/cov-bencyc1129/61431742d474279c029d4463b7f3aad1/cov-bencyc1129/c1bd6555117b5a2c1c52789cc941a3da/double_size_8.c 
pipe_commands starting: /usr/bin/gcc -c /var/folders/fs/7lms62rj6gj_2s4fd9zzwfbc0000gn/T/cov-bencyc1129/61431742d474279c029d4463b7f3aad1/cov-bencyc1129/c1bd6555117b5a2c1c52789cc941a3da/double_size_8.c 
**** BEGIN FILE stdout: 

**** END FILE stdout ***
**** BEGIN FILE stderr: 

**** END FILE stderr ***
Test succeded
**** END PROBE run_type_size_test ****
**** BEGIN FILE source file: /var/folders/fs/7lms62rj6gj_2s4fd9zzwfbc0000gn/T/cov-bencyc1129/61431742d474279c029d4463b7f3aad1/cov-bencyc1129/c1bd6555117b5a2c1c52789cc941a3da/double_align_16.c
struct X { char a; double b; };
struct Y {
char a1;
char a2;
char a3;
char a4;
char a5;
char a6;
char a7;
char a8;
char a9;
char a10;
char a11;
char a12;
char a13;
char a14;
char a15;
char a16;
double b; };
int x[sizeof(struct X)==sizeof(struct Y)?1:-1];


**** END FILE source file ***
pipe_command: /usr/bin/gcc -c /var/folders/fs/7lms62rj6gj_2s4fd9zzwfbc0000gn/T/cov-bencyc1129/61431742d474279c029d4463b7f3aad1/cov-bencyc1129/c1bd6555117b5a2c1c52789cc941a3da/double_align_16.c 
pipe_commands starting: /usr/bin/gcc -c /var/folders/fs/7lms62rj6gj_2s4fd9zzwfbc0000gn/T/cov-bencyc1129/61431742d474279c029d4463b7f3aad1/cov-bencyc1129/c1bd6555117b5a2c1c52789cc941a3da/double_align_16.c 
**** BEGIN FILE stdout: 

**** END FILE stdout ***
**** BEGIN FILE stderr: 
/var/folders/fs/7lms62rj6gj_2s4fd9zzwfbc0000gn/T/cov-bencyc1129/61431742d474279c029d4463b7f3aad1/cov-bencyc1129/c1bd6555117b5a2c1c52789cc941a3da/double_align_16.c:20:7: error: 'x' declared as an array with a negative size
int x[sizeof(struct X)==sizeof(struct Y)?1:-1];
      ^~~~~~~~~~~~~~~~~~~~~~~~~~~~~~~~~~~~~~~
1 error generated.

**** END FILE stderr ***
Test failed
**** BEGIN FILE source file: /var/folders/fs/7lms62rj6gj_2s4fd9zzwfbc0000gn/T/cov-bencyc1129/61431742d474279c029d4463b7f3aad1/cov-bencyc1129/c1bd6555117b5a2c1c52789cc941a3da/double_align_15.c
struct X { char a; double b; };
struct Y {
char a1;
char a2;
char a3;
char a4;
char a5;
char a6;
char a7;
char a8;
char a9;
char a10;
char a11;
char a12;
char a13;
char a14;
char a15;
double b; };
int x[sizeof(struct X)==sizeof(struct Y)?1:-1];


**** END FILE source file ***
pipe_command: /usr/bin/gcc -c /var/folders/fs/7lms62rj6gj_2s4fd9zzwfbc0000gn/T/cov-bencyc1129/61431742d474279c029d4463b7f3aad1/cov-bencyc1129/c1bd6555117b5a2c1c52789cc941a3da/double_align_15.c 
pipe_commands starting: /usr/bin/gcc -c /var/folders/fs/7lms62rj6gj_2s4fd9zzwfbc0000gn/T/cov-bencyc1129/61431742d474279c029d4463b7f3aad1/cov-bencyc1129/c1bd6555117b5a2c1c52789cc941a3da/double_align_15.c 
**** BEGIN FILE stdout: 

**** END FILE stdout ***
**** BEGIN FILE stderr: 
/var/folders/fs/7lms62rj6gj_2s4fd9zzwfbc0000gn/T/cov-bencyc1129/61431742d474279c029d4463b7f3aad1/cov-bencyc1129/c1bd6555117b5a2c1c52789cc941a3da/double_align_15.c:19:7: error: 'x' declared as an array with a negative size
int x[sizeof(struct X)==sizeof(struct Y)?1:-1];
      ^~~~~~~~~~~~~~~~~~~~~~~~~~~~~~~~~~~~~~~
1 error generated.

**** END FILE stderr ***
Test failed
**** BEGIN FILE source file: /var/folders/fs/7lms62rj6gj_2s4fd9zzwfbc0000gn/T/cov-bencyc1129/61431742d474279c029d4463b7f3aad1/cov-bencyc1129/c1bd6555117b5a2c1c52789cc941a3da/double_align_14.c
struct X { char a; double b; };
struct Y {
char a1;
char a2;
char a3;
char a4;
char a5;
char a6;
char a7;
char a8;
char a9;
char a10;
char a11;
char a12;
char a13;
char a14;
double b; };
int x[sizeof(struct X)==sizeof(struct Y)?1:-1];


**** END FILE source file ***
pipe_command: /usr/bin/gcc -c /var/folders/fs/7lms62rj6gj_2s4fd9zzwfbc0000gn/T/cov-bencyc1129/61431742d474279c029d4463b7f3aad1/cov-bencyc1129/c1bd6555117b5a2c1c52789cc941a3da/double_align_14.c 
pipe_commands starting: /usr/bin/gcc -c /var/folders/fs/7lms62rj6gj_2s4fd9zzwfbc0000gn/T/cov-bencyc1129/61431742d474279c029d4463b7f3aad1/cov-bencyc1129/c1bd6555117b5a2c1c52789cc941a3da/double_align_14.c 
**** BEGIN FILE stdout: 

**** END FILE stdout ***
**** BEGIN FILE stderr: 
/var/folders/fs/7lms62rj6gj_2s4fd9zzwfbc0000gn/T/cov-bencyc1129/61431742d474279c029d4463b7f3aad1/cov-bencyc1129/c1bd6555117b5a2c1c52789cc941a3da/double_align_14.c:18:7: error: 'x' declared as an array with a negative size
int x[sizeof(struct X)==sizeof(struct Y)?1:-1];
      ^~~~~~~~~~~~~~~~~~~~~~~~~~~~~~~~~~~~~~~
1 error generated.

**** END FILE stderr ***
Test failed
**** BEGIN FILE source file: /var/folders/fs/7lms62rj6gj_2s4fd9zzwfbc0000gn/T/cov-bencyc1129/61431742d474279c029d4463b7f3aad1/cov-bencyc1129/c1bd6555117b5a2c1c52789cc941a3da/double_align_13.c
struct X { char a; double b; };
struct Y {
char a1;
char a2;
char a3;
char a4;
char a5;
char a6;
char a7;
char a8;
char a9;
char a10;
char a11;
char a12;
char a13;
double b; };
int x[sizeof(struct X)==sizeof(struct Y)?1:-1];


**** END FILE source file ***
pipe_command: /usr/bin/gcc -c /var/folders/fs/7lms62rj6gj_2s4fd9zzwfbc0000gn/T/cov-bencyc1129/61431742d474279c029d4463b7f3aad1/cov-bencyc1129/c1bd6555117b5a2c1c52789cc941a3da/double_align_13.c 
pipe_commands starting: /usr/bin/gcc -c /var/folders/fs/7lms62rj6gj_2s4fd9zzwfbc0000gn/T/cov-bencyc1129/61431742d474279c029d4463b7f3aad1/cov-bencyc1129/c1bd6555117b5a2c1c52789cc941a3da/double_align_13.c 
**** BEGIN FILE stdout: 

**** END FILE stdout ***
**** BEGIN FILE stderr: 
/var/folders/fs/7lms62rj6gj_2s4fd9zzwfbc0000gn/T/cov-bencyc1129/61431742d474279c029d4463b7f3aad1/cov-bencyc1129/c1bd6555117b5a2c1c52789cc941a3da/double_align_13.c:17:7: error: 'x' declared as an array with a negative size
int x[sizeof(struct X)==sizeof(struct Y)?1:-1];
      ^~~~~~~~~~~~~~~~~~~~~~~~~~~~~~~~~~~~~~~
1 error generated.

**** END FILE stderr ***
Test failed
**** BEGIN FILE source file: /var/folders/fs/7lms62rj6gj_2s4fd9zzwfbc0000gn/T/cov-bencyc1129/61431742d474279c029d4463b7f3aad1/cov-bencyc1129/c1bd6555117b5a2c1c52789cc941a3da/double_align_12.c
struct X { char a; double b; };
struct Y {
char a1;
char a2;
char a3;
char a4;
char a5;
char a6;
char a7;
char a8;
char a9;
char a10;
char a11;
char a12;
double b; };
int x[sizeof(struct X)==sizeof(struct Y)?1:-1];


**** END FILE source file ***
pipe_command: /usr/bin/gcc -c /var/folders/fs/7lms62rj6gj_2s4fd9zzwfbc0000gn/T/cov-bencyc1129/61431742d474279c029d4463b7f3aad1/cov-bencyc1129/c1bd6555117b5a2c1c52789cc941a3da/double_align_12.c 
pipe_commands starting: /usr/bin/gcc -c /var/folders/fs/7lms62rj6gj_2s4fd9zzwfbc0000gn/T/cov-bencyc1129/61431742d474279c029d4463b7f3aad1/cov-bencyc1129/c1bd6555117b5a2c1c52789cc941a3da/double_align_12.c 
**** BEGIN FILE stdout: 

**** END FILE stdout ***
**** BEGIN FILE stderr: 
/var/folders/fs/7lms62rj6gj_2s4fd9zzwfbc0000gn/T/cov-bencyc1129/61431742d474279c029d4463b7f3aad1/cov-bencyc1129/c1bd6555117b5a2c1c52789cc941a3da/double_align_12.c:16:7: error: 'x' declared as an array with a negative size
int x[sizeof(struct X)==sizeof(struct Y)?1:-1];
      ^~~~~~~~~~~~~~~~~~~~~~~~~~~~~~~~~~~~~~~
1 error generated.

**** END FILE stderr ***
Test failed
**** BEGIN FILE source file: /var/folders/fs/7lms62rj6gj_2s4fd9zzwfbc0000gn/T/cov-bencyc1129/61431742d474279c029d4463b7f3aad1/cov-bencyc1129/c1bd6555117b5a2c1c52789cc941a3da/double_align_11.c
struct X { char a; double b; };
struct Y {
char a1;
char a2;
char a3;
char a4;
char a5;
char a6;
char a7;
char a8;
char a9;
char a10;
char a11;
double b; };
int x[sizeof(struct X)==sizeof(struct Y)?1:-1];


**** END FILE source file ***
pipe_command: /usr/bin/gcc -c /var/folders/fs/7lms62rj6gj_2s4fd9zzwfbc0000gn/T/cov-bencyc1129/61431742d474279c029d4463b7f3aad1/cov-bencyc1129/c1bd6555117b5a2c1c52789cc941a3da/double_align_11.c 
pipe_commands starting: /usr/bin/gcc -c /var/folders/fs/7lms62rj6gj_2s4fd9zzwfbc0000gn/T/cov-bencyc1129/61431742d474279c029d4463b7f3aad1/cov-bencyc1129/c1bd6555117b5a2c1c52789cc941a3da/double_align_11.c 
**** BEGIN FILE stdout: 

**** END FILE stdout ***
**** BEGIN FILE stderr: 
/var/folders/fs/7lms62rj6gj_2s4fd9zzwfbc0000gn/T/cov-bencyc1129/61431742d474279c029d4463b7f3aad1/cov-bencyc1129/c1bd6555117b5a2c1c52789cc941a3da/double_align_11.c:15:7: error: 'x' declared as an array with a negative size
int x[sizeof(struct X)==sizeof(struct Y)?1:-1];
      ^~~~~~~~~~~~~~~~~~~~~~~~~~~~~~~~~~~~~~~
1 error generated.

**** END FILE stderr ***
Test failed
**** BEGIN FILE source file: /var/folders/fs/7lms62rj6gj_2s4fd9zzwfbc0000gn/T/cov-bencyc1129/61431742d474279c029d4463b7f3aad1/cov-bencyc1129/c1bd6555117b5a2c1c52789cc941a3da/double_align_10.c
struct X { char a; double b; };
struct Y {
char a1;
char a2;
char a3;
char a4;
char a5;
char a6;
char a7;
char a8;
char a9;
char a10;
double b; };
int x[sizeof(struct X)==sizeof(struct Y)?1:-1];


**** END FILE source file ***
pipe_command: /usr/bin/gcc -c /var/folders/fs/7lms62rj6gj_2s4fd9zzwfbc0000gn/T/cov-bencyc1129/61431742d474279c029d4463b7f3aad1/cov-bencyc1129/c1bd6555117b5a2c1c52789cc941a3da/double_align_10.c 
pipe_commands starting: /usr/bin/gcc -c /var/folders/fs/7lms62rj6gj_2s4fd9zzwfbc0000gn/T/cov-bencyc1129/61431742d474279c029d4463b7f3aad1/cov-bencyc1129/c1bd6555117b5a2c1c52789cc941a3da/double_align_10.c 
**** BEGIN FILE stdout: 

**** END FILE stdout ***
**** BEGIN FILE stderr: 
/var/folders/fs/7lms62rj6gj_2s4fd9zzwfbc0000gn/T/cov-bencyc1129/61431742d474279c029d4463b7f3aad1/cov-bencyc1129/c1bd6555117b5a2c1c52789cc941a3da/double_align_10.c:14:7: error: 'x' declared as an array with a negative size
int x[sizeof(struct X)==sizeof(struct Y)?1:-1];
      ^~~~~~~~~~~~~~~~~~~~~~~~~~~~~~~~~~~~~~~
1 error generated.

**** END FILE stderr ***
Test failed
**** BEGIN FILE source file: /var/folders/fs/7lms62rj6gj_2s4fd9zzwfbc0000gn/T/cov-bencyc1129/61431742d474279c029d4463b7f3aad1/cov-bencyc1129/c1bd6555117b5a2c1c52789cc941a3da/double_align_9.c
struct X { char a; double b; };
struct Y {
char a1;
char a2;
char a3;
char a4;
char a5;
char a6;
char a7;
char a8;
char a9;
double b; };
int x[sizeof(struct X)==sizeof(struct Y)?1:-1];


**** END FILE source file ***
pipe_command: /usr/bin/gcc -c /var/folders/fs/7lms62rj6gj_2s4fd9zzwfbc0000gn/T/cov-bencyc1129/61431742d474279c029d4463b7f3aad1/cov-bencyc1129/c1bd6555117b5a2c1c52789cc941a3da/double_align_9.c 
pipe_commands starting: /usr/bin/gcc -c /var/folders/fs/7lms62rj6gj_2s4fd9zzwfbc0000gn/T/cov-bencyc1129/61431742d474279c029d4463b7f3aad1/cov-bencyc1129/c1bd6555117b5a2c1c52789cc941a3da/double_align_9.c 
**** BEGIN FILE stdout: 

**** END FILE stdout ***
**** BEGIN FILE stderr: 
/var/folders/fs/7lms62rj6gj_2s4fd9zzwfbc0000gn/T/cov-bencyc1129/61431742d474279c029d4463b7f3aad1/cov-bencyc1129/c1bd6555117b5a2c1c52789cc941a3da/double_align_9.c:13:7: error: 'x' declared as an array with a negative size
int x[sizeof(struct X)==sizeof(struct Y)?1:-1];
      ^~~~~~~~~~~~~~~~~~~~~~~~~~~~~~~~~~~~~~~
1 error generated.

**** END FILE stderr ***
Test failed
**** BEGIN FILE source file: /var/folders/fs/7lms62rj6gj_2s4fd9zzwfbc0000gn/T/cov-bencyc1129/61431742d474279c029d4463b7f3aad1/cov-bencyc1129/c1bd6555117b5a2c1c52789cc941a3da/double_align_8.c
struct X { char a; double b; };
struct Y {
char a1;
char a2;
char a3;
char a4;
char a5;
char a6;
char a7;
char a8;
double b; };
int x[sizeof(struct X)==sizeof(struct Y)?1:-1];


**** END FILE source file ***
pipe_command: /usr/bin/gcc -c /var/folders/fs/7lms62rj6gj_2s4fd9zzwfbc0000gn/T/cov-bencyc1129/61431742d474279c029d4463b7f3aad1/cov-bencyc1129/c1bd6555117b5a2c1c52789cc941a3da/double_align_8.c 
pipe_commands starting: /usr/bin/gcc -c /var/folders/fs/7lms62rj6gj_2s4fd9zzwfbc0000gn/T/cov-bencyc1129/61431742d474279c029d4463b7f3aad1/cov-bencyc1129/c1bd6555117b5a2c1c52789cc941a3da/double_align_8.c 
**** BEGIN FILE stdout: 

**** END FILE stdout ***
**** BEGIN FILE stderr: 

**** END FILE stderr ***
Test succeded
Detecting size and alignment of float
**** BEGIN PROBE run_type_size_test ****
**** BEGIN FILE source file: /var/folders/fs/7lms62rj6gj_2s4fd9zzwfbc0000gn/T/cov-bencyc1129/61431742d474279c029d4463b7f3aad1/cov-bencyc1129/c1bd6555117b5a2c1c52789cc941a3da/keyword_float.c
float x;

**** END FILE source file ***
pipe_command: /usr/bin/gcc -c /var/folders/fs/7lms62rj6gj_2s4fd9zzwfbc0000gn/T/cov-bencyc1129/61431742d474279c029d4463b7f3aad1/cov-bencyc1129/c1bd6555117b5a2c1c52789cc941a3da/keyword_float.c 
pipe_commands starting: /usr/bin/gcc -c /var/folders/fs/7lms62rj6gj_2s4fd9zzwfbc0000gn/T/cov-bencyc1129/61431742d474279c029d4463b7f3aad1/cov-bencyc1129/c1bd6555117b5a2c1c52789cc941a3da/keyword_float.c 
**** BEGIN FILE stdout: 

**** END FILE stdout ***
**** BEGIN FILE stderr: 

**** END FILE stderr ***
Test succeded
**** BEGIN FILE source file: /var/folders/fs/7lms62rj6gj_2s4fd9zzwfbc0000gn/T/cov-bencyc1129/61431742d474279c029d4463b7f3aad1/cov-bencyc1129/c1bd6555117b5a2c1c52789cc941a3da/float_size_8.c
int x [((int)sizeof (float)) -8];

**** END FILE source file ***
pipe_command: /usr/bin/gcc -c /var/folders/fs/7lms62rj6gj_2s4fd9zzwfbc0000gn/T/cov-bencyc1129/61431742d474279c029d4463b7f3aad1/cov-bencyc1129/c1bd6555117b5a2c1c52789cc941a3da/float_size_8.c 
pipe_commands starting: /usr/bin/gcc -c /var/folders/fs/7lms62rj6gj_2s4fd9zzwfbc0000gn/T/cov-bencyc1129/61431742d474279c029d4463b7f3aad1/cov-bencyc1129/c1bd6555117b5a2c1c52789cc941a3da/float_size_8.c 
**** BEGIN FILE stdout: 

**** END FILE stdout ***
**** BEGIN FILE stderr: 
/var/folders/fs/7lms62rj6gj_2s4fd9zzwfbc0000gn/T/cov-bencyc1129/61431742d474279c029d4463b7f3aad1/cov-bencyc1129/c1bd6555117b5a2c1c52789cc941a3da/float_size_8.c:1:8: error: 'x' declared as an array with a negative size
int x [((int)sizeof (float)) -8];
       ^~~~~~~~~~~~~~~~~~~~~~~~
1 error generated.

**** END FILE stderr ***
Test failed
**** BEGIN FILE source file: /var/folders/fs/7lms62rj6gj_2s4fd9zzwfbc0000gn/T/cov-bencyc1129/61431742d474279c029d4463b7f3aad1/cov-bencyc1129/c1bd6555117b5a2c1c52789cc941a3da/float_size_7.c
int x [((int)sizeof (float)) -7];

**** END FILE source file ***
pipe_command: /usr/bin/gcc -c /var/folders/fs/7lms62rj6gj_2s4fd9zzwfbc0000gn/T/cov-bencyc1129/61431742d474279c029d4463b7f3aad1/cov-bencyc1129/c1bd6555117b5a2c1c52789cc941a3da/float_size_7.c 
pipe_commands starting: /usr/bin/gcc -c /var/folders/fs/7lms62rj6gj_2s4fd9zzwfbc0000gn/T/cov-bencyc1129/61431742d474279c029d4463b7f3aad1/cov-bencyc1129/c1bd6555117b5a2c1c52789cc941a3da/float_size_7.c 
**** BEGIN FILE stdout: 

**** END FILE stdout ***
**** BEGIN FILE stderr: 
/var/folders/fs/7lms62rj6gj_2s4fd9zzwfbc0000gn/T/cov-bencyc1129/61431742d474279c029d4463b7f3aad1/cov-bencyc1129/c1bd6555117b5a2c1c52789cc941a3da/float_size_7.c:1:8: error: 'x' declared as an array with a negative size
int x [((int)sizeof (float)) -7];
       ^~~~~~~~~~~~~~~~~~~~~~~~
1 error generated.

**** END FILE stderr ***
Test failed
**** BEGIN FILE source file: /var/folders/fs/7lms62rj6gj_2s4fd9zzwfbc0000gn/T/cov-bencyc1129/61431742d474279c029d4463b7f3aad1/cov-bencyc1129/c1bd6555117b5a2c1c52789cc941a3da/float_size_6.c
int x [((int)sizeof (float)) -6];

**** END FILE source file ***
pipe_command: /usr/bin/gcc -c /var/folders/fs/7lms62rj6gj_2s4fd9zzwfbc0000gn/T/cov-bencyc1129/61431742d474279c029d4463b7f3aad1/cov-bencyc1129/c1bd6555117b5a2c1c52789cc941a3da/float_size_6.c 
pipe_commands starting: /usr/bin/gcc -c /var/folders/fs/7lms62rj6gj_2s4fd9zzwfbc0000gn/T/cov-bencyc1129/61431742d474279c029d4463b7f3aad1/cov-bencyc1129/c1bd6555117b5a2c1c52789cc941a3da/float_size_6.c 
**** BEGIN FILE stdout: 

**** END FILE stdout ***
**** BEGIN FILE stderr: 
/var/folders/fs/7lms62rj6gj_2s4fd9zzwfbc0000gn/T/cov-bencyc1129/61431742d474279c029d4463b7f3aad1/cov-bencyc1129/c1bd6555117b5a2c1c52789cc941a3da/float_size_6.c:1:8: error: 'x' declared as an array with a negative size
int x [((int)sizeof (float)) -6];
       ^~~~~~~~~~~~~~~~~~~~~~~~
1 error generated.

**** END FILE stderr ***
Test failed
**** BEGIN FILE source file: /var/folders/fs/7lms62rj6gj_2s4fd9zzwfbc0000gn/T/cov-bencyc1129/61431742d474279c029d4463b7f3aad1/cov-bencyc1129/c1bd6555117b5a2c1c52789cc941a3da/float_size_5.c
int x [((int)sizeof (float)) -5];

**** END FILE source file ***
pipe_command: /usr/bin/gcc -c /var/folders/fs/7lms62rj6gj_2s4fd9zzwfbc0000gn/T/cov-bencyc1129/61431742d474279c029d4463b7f3aad1/cov-bencyc1129/c1bd6555117b5a2c1c52789cc941a3da/float_size_5.c 
pipe_commands starting: /usr/bin/gcc -c /var/folders/fs/7lms62rj6gj_2s4fd9zzwfbc0000gn/T/cov-bencyc1129/61431742d474279c029d4463b7f3aad1/cov-bencyc1129/c1bd6555117b5a2c1c52789cc941a3da/float_size_5.c 
**** BEGIN FILE stdout: 

**** END FILE stdout ***
**** BEGIN FILE stderr: 
/var/folders/fs/7lms62rj6gj_2s4fd9zzwfbc0000gn/T/cov-bencyc1129/61431742d474279c029d4463b7f3aad1/cov-bencyc1129/c1bd6555117b5a2c1c52789cc941a3da/float_size_5.c:1:8: error: 'x' declared as an array with a negative size
int x [((int)sizeof (float)) -5];
       ^~~~~~~~~~~~~~~~~~~~~~~~
1 error generated.

**** END FILE stderr ***
Test failed
**** BEGIN FILE source file: /var/folders/fs/7lms62rj6gj_2s4fd9zzwfbc0000gn/T/cov-bencyc1129/61431742d474279c029d4463b7f3aad1/cov-bencyc1129/c1bd6555117b5a2c1c52789cc941a3da/float_size_4.c
int x [((int)sizeof (float)) -4];

**** END FILE source file ***
pipe_command: /usr/bin/gcc -c /var/folders/fs/7lms62rj6gj_2s4fd9zzwfbc0000gn/T/cov-bencyc1129/61431742d474279c029d4463b7f3aad1/cov-bencyc1129/c1bd6555117b5a2c1c52789cc941a3da/float_size_4.c 
pipe_commands starting: /usr/bin/gcc -c /var/folders/fs/7lms62rj6gj_2s4fd9zzwfbc0000gn/T/cov-bencyc1129/61431742d474279c029d4463b7f3aad1/cov-bencyc1129/c1bd6555117b5a2c1c52789cc941a3da/float_size_4.c 
**** BEGIN FILE stdout: 

**** END FILE stdout ***
**** BEGIN FILE stderr: 

**** END FILE stderr ***
Test succeded
**** END PROBE run_type_size_test ****
**** BEGIN FILE source file: /var/folders/fs/7lms62rj6gj_2s4fd9zzwfbc0000gn/T/cov-bencyc1129/61431742d474279c029d4463b7f3aad1/cov-bencyc1129/c1bd6555117b5a2c1c52789cc941a3da/float_align_8.c
struct X { char a; float b; };
struct Y {
char a1;
char a2;
char a3;
char a4;
char a5;
char a6;
char a7;
char a8;
float b; };
int x[sizeof(struct X)==sizeof(struct Y)?1:-1];


**** END FILE source file ***
pipe_command: /usr/bin/gcc -c /var/folders/fs/7lms62rj6gj_2s4fd9zzwfbc0000gn/T/cov-bencyc1129/61431742d474279c029d4463b7f3aad1/cov-bencyc1129/c1bd6555117b5a2c1c52789cc941a3da/float_align_8.c 
pipe_commands starting: /usr/bin/gcc -c /var/folders/fs/7lms62rj6gj_2s4fd9zzwfbc0000gn/T/cov-bencyc1129/61431742d474279c029d4463b7f3aad1/cov-bencyc1129/c1bd6555117b5a2c1c52789cc941a3da/float_align_8.c 
**** BEGIN FILE stdout: 

**** END FILE stdout ***
**** BEGIN FILE stderr: 
/var/folders/fs/7lms62rj6gj_2s4fd9zzwfbc0000gn/T/cov-bencyc1129/61431742d474279c029d4463b7f3aad1/cov-bencyc1129/c1bd6555117b5a2c1c52789cc941a3da/float_align_8.c:12:7: error: 'x' declared as an array with a negative size
int x[sizeof(struct X)==sizeof(struct Y)?1:-1];
      ^~~~~~~~~~~~~~~~~~~~~~~~~~~~~~~~~~~~~~~
1 error generated.

**** END FILE stderr ***
Test failed
**** BEGIN FILE source file: /var/folders/fs/7lms62rj6gj_2s4fd9zzwfbc0000gn/T/cov-bencyc1129/61431742d474279c029d4463b7f3aad1/cov-bencyc1129/c1bd6555117b5a2c1c52789cc941a3da/float_align_7.c
struct X { char a; float b; };
struct Y {
char a1;
char a2;
char a3;
char a4;
char a5;
char a6;
char a7;
float b; };
int x[sizeof(struct X)==sizeof(struct Y)?1:-1];


**** END FILE source file ***
pipe_command: /usr/bin/gcc -c /var/folders/fs/7lms62rj6gj_2s4fd9zzwfbc0000gn/T/cov-bencyc1129/61431742d474279c029d4463b7f3aad1/cov-bencyc1129/c1bd6555117b5a2c1c52789cc941a3da/float_align_7.c 
pipe_commands starting: /usr/bin/gcc -c /var/folders/fs/7lms62rj6gj_2s4fd9zzwfbc0000gn/T/cov-bencyc1129/61431742d474279c029d4463b7f3aad1/cov-bencyc1129/c1bd6555117b5a2c1c52789cc941a3da/float_align_7.c 
**** BEGIN FILE stdout: 

**** END FILE stdout ***
**** BEGIN FILE stderr: 
/var/folders/fs/7lms62rj6gj_2s4fd9zzwfbc0000gn/T/cov-bencyc1129/61431742d474279c029d4463b7f3aad1/cov-bencyc1129/c1bd6555117b5a2c1c52789cc941a3da/float_align_7.c:11:7: error: 'x' declared as an array with a negative size
int x[sizeof(struct X)==sizeof(struct Y)?1:-1];
      ^~~~~~~~~~~~~~~~~~~~~~~~~~~~~~~~~~~~~~~
1 error generated.

**** END FILE stderr ***
Test failed
**** BEGIN FILE source file: /var/folders/fs/7lms62rj6gj_2s4fd9zzwfbc0000gn/T/cov-bencyc1129/61431742d474279c029d4463b7f3aad1/cov-bencyc1129/c1bd6555117b5a2c1c52789cc941a3da/float_align_6.c
struct X { char a; float b; };
struct Y {
char a1;
char a2;
char a3;
char a4;
char a5;
char a6;
float b; };
int x[sizeof(struct X)==sizeof(struct Y)?1:-1];


**** END FILE source file ***
pipe_command: /usr/bin/gcc -c /var/folders/fs/7lms62rj6gj_2s4fd9zzwfbc0000gn/T/cov-bencyc1129/61431742d474279c029d4463b7f3aad1/cov-bencyc1129/c1bd6555117b5a2c1c52789cc941a3da/float_align_6.c 
pipe_commands starting: /usr/bin/gcc -c /var/folders/fs/7lms62rj6gj_2s4fd9zzwfbc0000gn/T/cov-bencyc1129/61431742d474279c029d4463b7f3aad1/cov-bencyc1129/c1bd6555117b5a2c1c52789cc941a3da/float_align_6.c 
**** BEGIN FILE stdout: 

**** END FILE stdout ***
**** BEGIN FILE stderr: 
/var/folders/fs/7lms62rj6gj_2s4fd9zzwfbc0000gn/T/cov-bencyc1129/61431742d474279c029d4463b7f3aad1/cov-bencyc1129/c1bd6555117b5a2c1c52789cc941a3da/float_align_6.c:10:7: error: 'x' declared as an array with a negative size
int x[sizeof(struct X)==sizeof(struct Y)?1:-1];
      ^~~~~~~~~~~~~~~~~~~~~~~~~~~~~~~~~~~~~~~
1 error generated.

**** END FILE stderr ***
Test failed
**** BEGIN FILE source file: /var/folders/fs/7lms62rj6gj_2s4fd9zzwfbc0000gn/T/cov-bencyc1129/61431742d474279c029d4463b7f3aad1/cov-bencyc1129/c1bd6555117b5a2c1c52789cc941a3da/float_align_5.c
struct X { char a; float b; };
struct Y {
char a1;
char a2;
char a3;
char a4;
char a5;
float b; };
int x[sizeof(struct X)==sizeof(struct Y)?1:-1];


**** END FILE source file ***
pipe_command: /usr/bin/gcc -c /var/folders/fs/7lms62rj6gj_2s4fd9zzwfbc0000gn/T/cov-bencyc1129/61431742d474279c029d4463b7f3aad1/cov-bencyc1129/c1bd6555117b5a2c1c52789cc941a3da/float_align_5.c 
pipe_commands starting: /usr/bin/gcc -c /var/folders/fs/7lms62rj6gj_2s4fd9zzwfbc0000gn/T/cov-bencyc1129/61431742d474279c029d4463b7f3aad1/cov-bencyc1129/c1bd6555117b5a2c1c52789cc941a3da/float_align_5.c 
**** BEGIN FILE stdout: 

**** END FILE stdout ***
**** BEGIN FILE stderr: 
/var/folders/fs/7lms62rj6gj_2s4fd9zzwfbc0000gn/T/cov-bencyc1129/61431742d474279c029d4463b7f3aad1/cov-bencyc1129/c1bd6555117b5a2c1c52789cc941a3da/float_align_5.c:9:7: error: 'x' declared as an array with a negative size
int x[sizeof(struct X)==sizeof(struct Y)?1:-1];
      ^~~~~~~~~~~~~~~~~~~~~~~~~~~~~~~~~~~~~~~
1 error generated.

**** END FILE stderr ***
Test failed
**** BEGIN FILE source file: /var/folders/fs/7lms62rj6gj_2s4fd9zzwfbc0000gn/T/cov-bencyc1129/61431742d474279c029d4463b7f3aad1/cov-bencyc1129/c1bd6555117b5a2c1c52789cc941a3da/float_align_4.c
struct X { char a; float b; };
struct Y {
char a1;
char a2;
char a3;
char a4;
float b; };
int x[sizeof(struct X)==sizeof(struct Y)?1:-1];


**** END FILE source file ***
pipe_command: /usr/bin/gcc -c /var/folders/fs/7lms62rj6gj_2s4fd9zzwfbc0000gn/T/cov-bencyc1129/61431742d474279c029d4463b7f3aad1/cov-bencyc1129/c1bd6555117b5a2c1c52789cc941a3da/float_align_4.c 
pipe_commands starting: /usr/bin/gcc -c /var/folders/fs/7lms62rj6gj_2s4fd9zzwfbc0000gn/T/cov-bencyc1129/61431742d474279c029d4463b7f3aad1/cov-bencyc1129/c1bd6555117b5a2c1c52789cc941a3da/float_align_4.c 
**** BEGIN FILE stdout: 

**** END FILE stdout ***
**** BEGIN FILE stderr: 

**** END FILE stderr ***
Test succeded
Detecting size and alignment of int *
**** BEGIN PROBE run_type_size_test ****
**** BEGIN FILE source file: /var/folders/fs/7lms62rj6gj_2s4fd9zzwfbc0000gn/T/cov-bencyc1129/61431742d474279c029d4463b7f3aad1/cov-bencyc1129/c1bd6555117b5a2c1c52789cc941a3da/keyword_int__ptr_.c
int * x;

**** END FILE source file ***
pipe_command: /usr/bin/gcc -c /var/folders/fs/7lms62rj6gj_2s4fd9zzwfbc0000gn/T/cov-bencyc1129/61431742d474279c029d4463b7f3aad1/cov-bencyc1129/c1bd6555117b5a2c1c52789cc941a3da/keyword_int__ptr_.c 
pipe_commands starting: /usr/bin/gcc -c /var/folders/fs/7lms62rj6gj_2s4fd9zzwfbc0000gn/T/cov-bencyc1129/61431742d474279c029d4463b7f3aad1/cov-bencyc1129/c1bd6555117b5a2c1c52789cc941a3da/keyword_int__ptr_.c 
**** BEGIN FILE stdout: 

**** END FILE stdout ***
**** BEGIN FILE stderr: 

**** END FILE stderr ***
Test succeded
**** BEGIN FILE source file: /var/folders/fs/7lms62rj6gj_2s4fd9zzwfbc0000gn/T/cov-bencyc1129/61431742d474279c029d4463b7f3aad1/cov-bencyc1129/c1bd6555117b5a2c1c52789cc941a3da/int__ptr__size_8.c
int x [((int)sizeof (int *)) -8];

**** END FILE source file ***
pipe_command: /usr/bin/gcc -c /var/folders/fs/7lms62rj6gj_2s4fd9zzwfbc0000gn/T/cov-bencyc1129/61431742d474279c029d4463b7f3aad1/cov-bencyc1129/c1bd6555117b5a2c1c52789cc941a3da/int__ptr__size_8.c 
pipe_commands starting: /usr/bin/gcc -c /var/folders/fs/7lms62rj6gj_2s4fd9zzwfbc0000gn/T/cov-bencyc1129/61431742d474279c029d4463b7f3aad1/cov-bencyc1129/c1bd6555117b5a2c1c52789cc941a3da/int__ptr__size_8.c 
**** BEGIN FILE stdout: 

**** END FILE stdout ***
**** BEGIN FILE stderr: 

**** END FILE stderr ***
Test succeded
**** END PROBE run_type_size_test ****
**** BEGIN FILE source file: /var/folders/fs/7lms62rj6gj_2s4fd9zzwfbc0000gn/T/cov-bencyc1129/61431742d474279c029d4463b7f3aad1/cov-bencyc1129/c1bd6555117b5a2c1c52789cc941a3da/int__ptr__align_8.c
struct X { char a; int * b; };
struct Y {
char a1;
char a2;
char a3;
char a4;
char a5;
char a6;
char a7;
char a8;
int * b; };
int x[sizeof(struct X)==sizeof(struct Y)?1:-1];


**** END FILE source file ***
pipe_command: /usr/bin/gcc -c /var/folders/fs/7lms62rj6gj_2s4fd9zzwfbc0000gn/T/cov-bencyc1129/61431742d474279c029d4463b7f3aad1/cov-bencyc1129/c1bd6555117b5a2c1c52789cc941a3da/int__ptr__align_8.c 
pipe_commands starting: /usr/bin/gcc -c /var/folders/fs/7lms62rj6gj_2s4fd9zzwfbc0000gn/T/cov-bencyc1129/61431742d474279c029d4463b7f3aad1/cov-bencyc1129/c1bd6555117b5a2c1c52789cc941a3da/int__ptr__align_8.c 
**** BEGIN FILE stdout: 

**** END FILE stdout ***
**** BEGIN FILE stderr: 

**** END FILE stderr ***
Test succeded
**** END PROBE add_appropriate_type_size_and_alignment_switch ****
**** BEGIN PROBE run_char_bit_size_test ****
**** BEGIN FILE source file: /var/folders/fs/7lms62rj6gj_2s4fd9zzwfbc0000gn/T/cov-bencyc1129/61431742d474279c029d4463b7f3aad1/cov-bencyc1129/c1bd6555117b5a2c1c52789cc941a3da/char_bit_1.c
#define N 1
#define SHIFT(VALUE,AMOUNT)            \
  ((VALUE) << ((AMOUNT) >= 63 ? 7 : 0) \
           << ((AMOUNT) >= 56 ? 7 : 0) \
           << ((AMOUNT) >= 49 ? 7 : 0) \
           << ((AMOUNT) >= 42 ? 7 : 0) \
           << ((AMOUNT) >= 35 ? 7 : 0) \
           << ((AMOUNT) >= 28 ? 7 : 0) \
           << ((AMOUNT) >= 21 ? 7 : 0) \
           << ((AMOUNT) >= 14 ? 7 : 0) \
           << ((AMOUNT) >=  7 ? 7 : 0) \
           << ((AMOUNT) % 7))
typedef unsigned char UC;
void foo() {
  static int check_char_bit[(UC)SHIFT(1U,N-1U) != 0 ? 1 : -1];
}


**** END FILE source file ***
pipe_command: /usr/bin/gcc -c /var/folders/fs/7lms62rj6gj_2s4fd9zzwfbc0000gn/T/cov-bencyc1129/61431742d474279c029d4463b7f3aad1/cov-bencyc1129/c1bd6555117b5a2c1c52789cc941a3da/char_bit_1.c 
pipe_commands starting: /usr/bin/gcc -c /var/folders/fs/7lms62rj6gj_2s4fd9zzwfbc0000gn/T/cov-bencyc1129/61431742d474279c029d4463b7f3aad1/cov-bencyc1129/c1bd6555117b5a2c1c52789cc941a3da/char_bit_1.c 
**** BEGIN FILE stdout: 

**** END FILE stdout ***
**** BEGIN FILE stderr: 

**** END FILE stderr ***
Test succeded
**** BEGIN FILE source file: /var/folders/fs/7lms62rj6gj_2s4fd9zzwfbc0000gn/T/cov-bencyc1129/61431742d474279c029d4463b7f3aad1/cov-bencyc1129/c1bd6555117b5a2c1c52789cc941a3da/char_bit_9.c
#define N 9
#define SHIFT(VALUE,AMOUNT)            \
  ((VALUE) << ((AMOUNT) >= 63 ? 7 : 0) \
           << ((AMOUNT) >= 56 ? 7 : 0) \
           << ((AMOUNT) >= 49 ? 7 : 0) \
           << ((AMOUNT) >= 42 ? 7 : 0) \
           << ((AMOUNT) >= 35 ? 7 : 0) \
           << ((AMOUNT) >= 28 ? 7 : 0) \
           << ((AMOUNT) >= 21 ? 7 : 0) \
           << ((AMOUNT) >= 14 ? 7 : 0) \
           << ((AMOUNT) >=  7 ? 7 : 0) \
           << ((AMOUNT) % 7))
typedef unsigned char UC;
void foo() {
  static int check_char_bit[(UC)SHIFT(1U,N-1U) != 0 ? 1 : -1];
}


**** END FILE source file ***
pipe_command: /usr/bin/gcc -c /var/folders/fs/7lms62rj6gj_2s4fd9zzwfbc0000gn/T/cov-bencyc1129/61431742d474279c029d4463b7f3aad1/cov-bencyc1129/c1bd6555117b5a2c1c52789cc941a3da/char_bit_9.c 
pipe_commands starting: /usr/bin/gcc -c /var/folders/fs/7lms62rj6gj_2s4fd9zzwfbc0000gn/T/cov-bencyc1129/61431742d474279c029d4463b7f3aad1/cov-bencyc1129/c1bd6555117b5a2c1c52789cc941a3da/char_bit_9.c 
**** BEGIN FILE stdout: 

**** END FILE stdout ***
**** BEGIN FILE stderr: 
/var/folders/fs/7lms62rj6gj_2s4fd9zzwfbc0000gn/T/cov-bencyc1129/61431742d474279c029d4463b7f3aad1/cov-bencyc1129/c1bd6555117b5a2c1c52789cc941a3da/char_bit_9.c:15:29: error: 'check_char_bit' declared as an array with a negative size
  static int check_char_bit[(UC)SHIFT(1U,N-1U) != 0 ? 1 : -1];
                            ^~~~~~~~~~~~~~~~~~~~~~~~~~~~~~~~
1 error generated.

**** END FILE stderr ***
Test failed
**** BEGIN FILE source file: /var/folders/fs/7lms62rj6gj_2s4fd9zzwfbc0000gn/T/cov-bencyc1129/61431742d474279c029d4463b7f3aad1/cov-bencyc1129/c1bd6555117b5a2c1c52789cc941a3da/char_bit_8.c
#define N 8
#define SHIFT(VALUE,AMOUNT)            \
  ((VALUE) << ((AMOUNT) >= 63 ? 7 : 0) \
           << ((AMOUNT) >= 56 ? 7 : 0) \
           << ((AMOUNT) >= 49 ? 7 : 0) \
           << ((AMOUNT) >= 42 ? 7 : 0) \
           << ((AMOUNT) >= 35 ? 7 : 0) \
           << ((AMOUNT) >= 28 ? 7 : 0) \
           << ((AMOUNT) >= 21 ? 7 : 0) \
           << ((AMOUNT) >= 14 ? 7 : 0) \
           << ((AMOUNT) >=  7 ? 7 : 0) \
           << ((AMOUNT) % 7))
typedef unsigned char UC;
void foo() {
  static int check_char_bit[(UC)SHIFT(1U,N-1U) != 0 ? 1 : -1];
}


**** END FILE source file ***
pipe_command: /usr/bin/gcc -c /var/folders/fs/7lms62rj6gj_2s4fd9zzwfbc0000gn/T/cov-bencyc1129/61431742d474279c029d4463b7f3aad1/cov-bencyc1129/c1bd6555117b5a2c1c52789cc941a3da/char_bit_8.c 
pipe_commands starting: /usr/bin/gcc -c /var/folders/fs/7lms62rj6gj_2s4fd9zzwfbc0000gn/T/cov-bencyc1129/61431742d474279c029d4463b7f3aad1/cov-bencyc1129/c1bd6555117b5a2c1c52789cc941a3da/char_bit_8.c 
**** BEGIN FILE stdout: 

**** END FILE stdout ***
**** BEGIN FILE stderr: 

**** END FILE stderr ***
Test succeded
**** END PROBE run_char_bit_size_test ****
**** END PROBE run_type_size_and_alignment_tests ****
**** BEGIN PROBE add_appropriate_restrict_switch_if_needed ****
**** BEGIN FILE source file: /var/folders/fs/7lms62rj6gj_2s4fd9zzwfbc0000gn/T/cov-bencyc1129/61431742d474279c029d4463b7f3aad1/cov-bencyc1129/c1bd6555117b5a2c1c52789cc941a3da/restrict.c
int * restrict i;

**** END FILE source file ***
pipe_command: /usr/bin/gcc -c /var/folders/fs/7lms62rj6gj_2s4fd9zzwfbc0000gn/T/cov-bencyc1129/61431742d474279c029d4463b7f3aad1/cov-bencyc1129/c1bd6555117b5a2c1c52789cc941a3da/restrict.c 
pipe_commands starting: /usr/bin/gcc -c /var/folders/fs/7lms62rj6gj_2s4fd9zzwfbc0000gn/T/cov-bencyc1129/61431742d474279c029d4463b7f3aad1/cov-bencyc1129/c1bd6555117b5a2c1c52789cc941a3da/restrict.c 
**** BEGIN FILE stdout: 

**** END FILE stdout ***
**** BEGIN FILE stderr: 

**** END FILE stderr ***
Test succeded
**** END PROBE add_appropriate_restrict_switch_if_needed ****
**** BEGIN PROBE add_appropriate_cr_term_switch_if_needed ****
**** BEGIN FILE source file: /var/folders/fs/7lms62rj6gj_2s4fd9zzwfbc0000gn/T/cov-bencyc1129/61431742d474279c029d4463b7f3aad1/cov-bencyc1129/c1bd6555117b5a2c1c52789cc941a3da/cr_term.c
int i;#define foo \ bar void foo() { };

**** END FILE source file ***
pipe_command: /usr/bin/gcc -c /var/folders/fs/7lms62rj6gj_2s4fd9zzwfbc0000gn/T/cov-bencyc1129/61431742d474279c029d4463b7f3aad1/cov-bencyc1129/c1bd6555117b5a2c1c52789cc941a3da/cr_term.c 
pipe_commands starting: /usr/bin/gcc -c /var/folders/fs/7lms62rj6gj_2s4fd9zzwfbc0000gn/T/cov-bencyc1129/61431742d474279c029d4463b7f3aad1/cov-bencyc1129/c1bd6555117b5a2c1c52789cc941a3da/cr_term.c 
**** BEGIN FILE stdout: 

**** END FILE stdout ***
**** BEGIN FILE stderr: 

**** END FILE stderr ***
Test succeded
**** END PROBE add_appropriate_cr_term_switch_if_needed ****
**** BEGIN PROBE add_enable_declspec_switch_if_needed ****
__declspec macro definition test.
**** BEGIN FILE source file: /var/folders/fs/7lms62rj6gj_2s4fd9zzwfbc0000gn/T/cov-bencyc1129/61431742d474279c029d4463b7f3aad1/cov-bencyc1129/c1bd6555117b5a2c1c52789cc941a3da/declspec.c
#ifndef __declspec
#error __declspec not defined
#endif


**** END FILE source file ***
pipe_command: /usr/bin/gcc -c /var/folders/fs/7lms62rj6gj_2s4fd9zzwfbc0000gn/T/cov-bencyc1129/61431742d474279c029d4463b7f3aad1/cov-bencyc1129/c1bd6555117b5a2c1c52789cc941a3da/declspec.c 
pipe_commands starting: /usr/bin/gcc -c /var/folders/fs/7lms62rj6gj_2s4fd9zzwfbc0000gn/T/cov-bencyc1129/61431742d474279c029d4463b7f3aad1/cov-bencyc1129/c1bd6555117b5a2c1c52789cc941a3da/declspec.c 
**** BEGIN FILE stdout: 

**** END FILE stdout ***
**** BEGIN FILE stderr: 
/var/folders/fs/7lms62rj6gj_2s4fd9zzwfbc0000gn/T/cov-bencyc1129/61431742d474279c029d4463b7f3aad1/cov-bencyc1129/c1bd6555117b5a2c1c52789cc941a3da/declspec.c:2:2: error: __declspec not defined
#error __declspec not defined
 ^
1 error generated.

**** END FILE stderr ***
Test failed
**** BEGIN FILE source file: /var/folders/fs/7lms62rj6gj_2s4fd9zzwfbc0000gn/T/cov-bencyc1129/61431742d474279c029d4463b7f3aad1/cov-bencyc1129/c1bd6555117b5a2c1c52789cc941a3da/declspec2.c

void __declspec(int x) {
    x = 1;
}


**** END FILE source file ***
pipe_command: /usr/bin/gcc -c /var/folders/fs/7lms62rj6gj_2s4fd9zzwfbc0000gn/T/cov-bencyc1129/61431742d474279c029d4463b7f3aad1/cov-bencyc1129/c1bd6555117b5a2c1c52789cc941a3da/declspec2.c 
pipe_commands starting: /usr/bin/gcc -c /var/folders/fs/7lms62rj6gj_2s4fd9zzwfbc0000gn/T/cov-bencyc1129/61431742d474279c029d4463b7f3aad1/cov-bencyc1129/c1bd6555117b5a2c1c52789cc941a3da/declspec2.c 
**** BEGIN FILE stdout: 

**** END FILE stdout ***
**** BEGIN FILE stderr: 

**** END FILE stderr ***
Test succeded
**** END PROBE add_enable_declspec_switch_if_needed ****
**** BEGIN PROBE add_appropriate_wchar_t_type_switch ****
**** BEGIN FILE source file: /var/folders/fs/7lms62rj6gj_2s4fd9zzwfbc0000gn/T/cov-bencyc1129/61431742d474279c029d4463b7f3aad1/cov-bencyc1129/c1bd6555117b5a2c1c52789cc941a3da/wchar_t_typet.c
void f() {
  static const unsigned short invalid_wcs[] = L"Invalid wide format string.";
  static const unsigned short prefix[] = L"+\0-\0 \0000x\0000X";
}


**** END FILE source file ***
pipe_command: /usr/bin/gcc -c /var/folders/fs/7lms62rj6gj_2s4fd9zzwfbc0000gn/T/cov-bencyc1129/61431742d474279c029d4463b7f3aad1/cov-bencyc1129/c1bd6555117b5a2c1c52789cc941a3da/wchar_t_typet.c 
pipe_commands starting: /usr/bin/gcc -c /var/folders/fs/7lms62rj6gj_2s4fd9zzwfbc0000gn/T/cov-bencyc1129/61431742d474279c029d4463b7f3aad1/cov-bencyc1129/c1bd6555117b5a2c1c52789cc941a3da/wchar_t_typet.c 
**** BEGIN FILE stdout: 

**** END FILE stdout ***
**** BEGIN FILE stderr: 
/var/folders/fs/7lms62rj6gj_2s4fd9zzwfbc0000gn/T/cov-bencyc1129/61431742d474279c029d4463b7f3aad1/cov-bencyc1129/c1bd6555117b5a2c1c52789cc941a3da/wchar_t_typet.c:2:31: error: initializing wide char array with incompatible wide string literal
  static const unsigned short invalid_wcs[] = L"Invalid wide format string.";
                              ^
/var/folders/fs/7lms62rj6gj_2s4fd9zzwfbc0000gn/T/cov-bencyc1129/61431742d474279c029d4463b7f3aad1/cov-bencyc1129/c1bd6555117b5a2c1c52789cc941a3da/wchar_t_typet.c:3:31: error: initializing wide char array with incompatible wide string literal
  static const unsigned short prefix[] = L"+\0-\0 \0000x\0000X";
                              ^
2 errors generated.

**** END FILE stderr ***
Test failed
**** BEGIN FILE source file: /var/folders/fs/7lms62rj6gj_2s4fd9zzwfbc0000gn/T/cov-bencyc1129/61431742d474279c029d4463b7f3aad1/cov-bencyc1129/c1bd6555117b5a2c1c52789cc941a3da/wchar_t_types.c
void f() {
  static const short invalid_wcs[] = L"Invalid wide format string.";
  static const short prefix[] = L"+\0-\0 \0000x\0000X";
}


**** END FILE source file ***
pipe_command: /usr/bin/gcc -c /var/folders/fs/7lms62rj6gj_2s4fd9zzwfbc0000gn/T/cov-bencyc1129/61431742d474279c029d4463b7f3aad1/cov-bencyc1129/c1bd6555117b5a2c1c52789cc941a3da/wchar_t_types.c 
pipe_commands starting: /usr/bin/gcc -c /var/folders/fs/7lms62rj6gj_2s4fd9zzwfbc0000gn/T/cov-bencyc1129/61431742d474279c029d4463b7f3aad1/cov-bencyc1129/c1bd6555117b5a2c1c52789cc941a3da/wchar_t_types.c 
**** BEGIN FILE stdout: 

**** END FILE stdout ***
**** BEGIN FILE stderr: 
/var/folders/fs/7lms62rj6gj_2s4fd9zzwfbc0000gn/T/cov-bencyc1129/61431742d474279c029d4463b7f3aad1/cov-bencyc1129/c1bd6555117b5a2c1c52789cc941a3da/wchar_t_types.c:2:22: error: array initializer must be an initializer list
  static const short invalid_wcs[] = L"Invalid wide format string.";
                     ^
/var/folders/fs/7lms62rj6gj_2s4fd9zzwfbc0000gn/T/cov-bencyc1129/61431742d474279c029d4463b7f3aad1/cov-bencyc1129/c1bd6555117b5a2c1c52789cc941a3da/wchar_t_types.c:3:22: error: array initializer must be an initializer list
  static const short prefix[] = L"+\0-\0 \0000x\0000X";
                     ^
2 errors generated.

**** END FILE stderr ***
Test failed
**** BEGIN FILE source file: /var/folders/fs/7lms62rj6gj_2s4fd9zzwfbc0000gn/T/cov-bencyc1129/61431742d474279c029d4463b7f3aad1/cov-bencyc1129/c1bd6555117b5a2c1c52789cc941a3da/wchar_t_typej.c
void f() {
  static const unsigned int invalid_wcs[] = L"Invalid wide format string.";
  static const unsigned int prefix[] = L"+\0-\0 \0000x\0000X";
}


**** END FILE source file ***
pipe_command: /usr/bin/gcc -c /var/folders/fs/7lms62rj6gj_2s4fd9zzwfbc0000gn/T/cov-bencyc1129/61431742d474279c029d4463b7f3aad1/cov-bencyc1129/c1bd6555117b5a2c1c52789cc941a3da/wchar_t_typej.c 
pipe_commands starting: /usr/bin/gcc -c /var/folders/fs/7lms62rj6gj_2s4fd9zzwfbc0000gn/T/cov-bencyc1129/61431742d474279c029d4463b7f3aad1/cov-bencyc1129/c1bd6555117b5a2c1c52789cc941a3da/wchar_t_typej.c 
**** BEGIN FILE stdout: 

**** END FILE stdout ***
**** BEGIN FILE stderr: 
/var/folders/fs/7lms62rj6gj_2s4fd9zzwfbc0000gn/T/cov-bencyc1129/61431742d474279c029d4463b7f3aad1/cov-bencyc1129/c1bd6555117b5a2c1c52789cc941a3da/wchar_t_typej.c:2:29: error: initializing wide char array with incompatible wide string literal
  static const unsigned int invalid_wcs[] = L"Invalid wide format string.";
                            ^
/var/folders/fs/7lms62rj6gj_2s4fd9zzwfbc0000gn/T/cov-bencyc1129/61431742d474279c029d4463b7f3aad1/cov-bencyc1129/c1bd6555117b5a2c1c52789cc941a3da/wchar_t_typej.c:3:29: error: initializing wide char array with incompatible wide string literal
  static const unsigned int prefix[] = L"+\0-\0 \0000x\0000X";
                            ^
2 errors generated.

**** END FILE stderr ***
Test failed
**** BEGIN FILE source file: /var/folders/fs/7lms62rj6gj_2s4fd9zzwfbc0000gn/T/cov-bencyc1129/61431742d474279c029d4463b7f3aad1/cov-bencyc1129/c1bd6555117b5a2c1c52789cc941a3da/wchar_t_typei.c
void f() {
  static const int invalid_wcs[] = L"Invalid wide format string.";
  static const int prefix[] = L"+\0-\0 \0000x\0000X";
}


**** END FILE source file ***
pipe_command: /usr/bin/gcc -c /var/folders/fs/7lms62rj6gj_2s4fd9zzwfbc0000gn/T/cov-bencyc1129/61431742d474279c029d4463b7f3aad1/cov-bencyc1129/c1bd6555117b5a2c1c52789cc941a3da/wchar_t_typei.c 
pipe_commands starting: /usr/bin/gcc -c /var/folders/fs/7lms62rj6gj_2s4fd9zzwfbc0000gn/T/cov-bencyc1129/61431742d474279c029d4463b7f3aad1/cov-bencyc1129/c1bd6555117b5a2c1c52789cc941a3da/wchar_t_typei.c 
**** BEGIN FILE stdout: 

**** END FILE stdout ***
**** BEGIN FILE stderr: 

**** END FILE stderr ***
Test succeded
**** END PROBE add_appropriate_wchar_t_type_switch ****
**** BEGIN PROBE add_multiline_string_switch_if_needed ****
**** BEGIN FILE source file: /var/folders/fs/7lms62rj6gj_2s4fd9zzwfbc0000gn/T/cov-bencyc1129/61431742d474279c029d4463b7f3aad1/cov-bencyc1129/c1bd6555117b5a2c1c52789cc941a3da/multiline_string.c
char* str = "Hello
World";

**** END FILE source file ***
pipe_command: /usr/bin/gcc -c /var/folders/fs/7lms62rj6gj_2s4fd9zzwfbc0000gn/T/cov-bencyc1129/61431742d474279c029d4463b7f3aad1/cov-bencyc1129/c1bd6555117b5a2c1c52789cc941a3da/multiline_string.c 
pipe_commands starting: /usr/bin/gcc -c /var/folders/fs/7lms62rj6gj_2s4fd9zzwfbc0000gn/T/cov-bencyc1129/61431742d474279c029d4463b7f3aad1/cov-bencyc1129/c1bd6555117b5a2c1c52789cc941a3da/multiline_string.c 
**** BEGIN FILE stdout: 

**** END FILE stdout ***
**** BEGIN FILE stderr: 
/var/folders/fs/7lms62rj6gj_2s4fd9zzwfbc0000gn/T/cov-bencyc1129/61431742d474279c029d4463b7f3aad1/cov-bencyc1129/c1bd6555117b5a2c1c52789cc941a3da/multiline_string.c:1:13: warning: missing terminating '"' character [-Winvalid-pp-token]
char* str = "Hello
            ^
/var/folders/fs/7lms62rj6gj_2s4fd9zzwfbc0000gn/T/cov-bencyc1129/61431742d474279c029d4463b7f3aad1/cov-bencyc1129/c1bd6555117b5a2c1c52789cc941a3da/multiline_string.c:1:13: error: expected expression
/var/folders/fs/7lms62rj6gj_2s4fd9zzwfbc0000gn/T/cov-bencyc1129/61431742d474279c029d4463b7f3aad1/cov-bencyc1129/c1bd6555117b5a2c1c52789cc941a3da/multiline_string.c:2:6: warning: missing terminating '"' character [-Winvalid-pp-token]
World";
     ^
/var/folders/fs/7lms62rj6gj_2s4fd9zzwfbc0000gn/T/cov-bencyc1129/61431742d474279c029d4463b7f3aad1/cov-bencyc1129/c1bd6555117b5a2c1c52789cc941a3da/multiline_string.c:2:8: error: expected ';' after top level declarator
World";
       ^
       ;
2 warnings and 2 errors generated.

**** END FILE stderr ***
Test failed
**** END PROBE add_multiline_string_switch_if_needed ****
**** BEGIN PROBE add_appropriate_trigraphs_switch ****
**** BEGIN FILE source file: /var/folders/fs/7lms62rj6gj_2s4fd9zzwfbc0000gn/T/cov-bencyc1129/61431742d474279c029d4463b7f3aad1/cov-bencyc1129/c1bd6555117b5a2c1c52789cc941a3da/trigraphs.c
char x ??( 3 ??) = "Hi";

**** END FILE source file ***
pipe_command: /usr/bin/gcc -c /var/folders/fs/7lms62rj6gj_2s4fd9zzwfbc0000gn/T/cov-bencyc1129/61431742d474279c029d4463b7f3aad1/cov-bencyc1129/c1bd6555117b5a2c1c52789cc941a3da/trigraphs.c 
pipe_commands starting: /usr/bin/gcc -c /var/folders/fs/7lms62rj6gj_2s4fd9zzwfbc0000gn/T/cov-bencyc1129/61431742d474279c029d4463b7f3aad1/cov-bencyc1129/c1bd6555117b5a2c1c52789cc941a3da/trigraphs.c 
**** BEGIN FILE stdout: 

**** END FILE stdout ***
**** BEGIN FILE stderr: 
/var/folders/fs/7lms62rj6gj_2s4fd9zzwfbc0000gn/T/cov-bencyc1129/61431742d474279c029d4463b7f3aad1/cov-bencyc1129/c1bd6555117b5a2c1c52789cc941a3da/trigraphs.c:1:8: warning: trigraph ignored [-Wtrigraphs]
char x ??( 3 ??) = "Hi";
       ^
/var/folders/fs/7lms62rj6gj_2s4fd9zzwfbc0000gn/T/cov-bencyc1129/61431742d474279c029d4463b7f3aad1/cov-bencyc1129/c1bd6555117b5a2c1c52789cc941a3da/trigraphs.c:1:7: error: expected ';' after top level declarator
char x ??( 3 ??) = "Hi";
      ^
      ;
/var/folders/fs/7lms62rj6gj_2s4fd9zzwfbc0000gn/T/cov-bencyc1129/61431742d474279c029d4463b7f3aad1/cov-bencyc1129/c1bd6555117b5a2c1c52789cc941a3da/trigraphs.c:1:14: warning: trigraph ignored [-Wtrigraphs]
char x ??( 3 ??) = "Hi";
             ^
2 warnings and 1 error generated.

**** END FILE stderr ***
Test failed
**** END PROBE add_appropriate_trigraphs_switch ****
**** BEGIN PROBE run_x86_calling_conventions_test ****
**** BEGIN FILE source file: /var/folders/fs/7lms62rj6gj_2s4fd9zzwfbc0000gn/T/cov-bencyc1129/61431742d474279c029d4463b7f3aad1/cov-bencyc1129/c1bd6555117b5a2c1c52789cc941a3da/supports_gnu_cc_attr.c
void foo(void) __attribute__((__stdcall__));

**** END FILE source file ***
pipe_command: /usr/bin/gcc -c /var/folders/fs/7lms62rj6gj_2s4fd9zzwfbc0000gn/T/cov-bencyc1129/61431742d474279c029d4463b7f3aad1/cov-bencyc1129/c1bd6555117b5a2c1c52789cc941a3da/supports_gnu_cc_attr.c 
pipe_commands starting: /usr/bin/gcc -c /var/folders/fs/7lms62rj6gj_2s4fd9zzwfbc0000gn/T/cov-bencyc1129/61431742d474279c029d4463b7f3aad1/cov-bencyc1129/c1bd6555117b5a2c1c52789cc941a3da/supports_gnu_cc_attr.c 
**** BEGIN FILE stdout: 

**** END FILE stdout ***
**** BEGIN FILE stderr: 
/var/folders/fs/7lms62rj6gj_2s4fd9zzwfbc0000gn/T/cov-bencyc1129/61431742d474279c029d4463b7f3aad1/cov-bencyc1129/c1bd6555117b5a2c1c52789cc941a3da/supports_gnu_cc_attr.c:1:31: warning: '__stdcall__' calling convention is not supported for this target [-Wignored-attributes]
void foo(void) __attribute__((__stdcall__));
                              ^
1 warning generated.

**** END FILE stderr ***
Test succeded
**** BEGIN FILE source file: /var/folders/fs/7lms62rj6gj_2s4fd9zzwfbc0000gn/T/cov-bencyc1129/61431742d474279c029d4463b7f3aad1/cov-bencyc1129/c1bd6555117b5a2c1c52789cc941a3da/_stdcall.c
void f(void) ;
void (*p)() __attribute__((__stdcall__))  = &f;


**** END FILE source file ***
pipe_command: /usr/bin/gcc -c /var/folders/fs/7lms62rj6gj_2s4fd9zzwfbc0000gn/T/cov-bencyc1129/61431742d474279c029d4463b7f3aad1/cov-bencyc1129/c1bd6555117b5a2c1c52789cc941a3da/_stdcall.c 
pipe_commands starting: /usr/bin/gcc -c /var/folders/fs/7lms62rj6gj_2s4fd9zzwfbc0000gn/T/cov-bencyc1129/61431742d474279c029d4463b7f3aad1/cov-bencyc1129/c1bd6555117b5a2c1c52789cc941a3da/_stdcall.c 
**** BEGIN FILE stdout: 

**** END FILE stdout ***
**** BEGIN FILE stderr: 
/var/folders/fs/7lms62rj6gj_2s4fd9zzwfbc0000gn/T/cov-bencyc1129/61431742d474279c029d4463b7f3aad1/cov-bencyc1129/c1bd6555117b5a2c1c52789cc941a3da/_stdcall.c:2:28: warning: '__stdcall__' calling convention is not supported for this target [-Wignored-attributes]
void (*p)() __attribute__((__stdcall__))  = &f;
                           ^
1 warning generated.

**** END FILE stderr ***
Test succeded
**** BEGIN FILE source file: /var/folders/fs/7lms62rj6gj_2s4fd9zzwfbc0000gn/T/cov-bencyc1129/61431742d474279c029d4463b7f3aad1/cov-bencyc1129/c1bd6555117b5a2c1c52789cc941a3da/_cdecl.c
void f(void) ;
void (*p)() __attribute__((__cdecl__))  = &f;


**** END FILE source file ***
pipe_command: /usr/bin/gcc -c /var/folders/fs/7lms62rj6gj_2s4fd9zzwfbc0000gn/T/cov-bencyc1129/61431742d474279c029d4463b7f3aad1/cov-bencyc1129/c1bd6555117b5a2c1c52789cc941a3da/_cdecl.c 
pipe_commands starting: /usr/bin/gcc -c /var/folders/fs/7lms62rj6gj_2s4fd9zzwfbc0000gn/T/cov-bencyc1129/61431742d474279c029d4463b7f3aad1/cov-bencyc1129/c1bd6555117b5a2c1c52789cc941a3da/_cdecl.c 
**** BEGIN FILE stdout: 

**** END FILE stdout ***
**** BEGIN FILE stderr: 

**** END FILE stderr ***
Test succeded
**** BEGIN FILE source file: /var/folders/fs/7lms62rj6gj_2s4fd9zzwfbc0000gn/T/cov-bencyc1129/61431742d474279c029d4463b7f3aad1/cov-bencyc1129/c1bd6555117b5a2c1c52789cc941a3da/_fastcall.c
void f(void) ;
void (*p)() __attribute__((__fastcall__))  = &f;


**** END FILE source file ***
pipe_command: /usr/bin/gcc -c /var/folders/fs/7lms62rj6gj_2s4fd9zzwfbc0000gn/T/cov-bencyc1129/61431742d474279c029d4463b7f3aad1/cov-bencyc1129/c1bd6555117b5a2c1c52789cc941a3da/_fastcall.c 
pipe_commands starting: /usr/bin/gcc -c /var/folders/fs/7lms62rj6gj_2s4fd9zzwfbc0000gn/T/cov-bencyc1129/61431742d474279c029d4463b7f3aad1/cov-bencyc1129/c1bd6555117b5a2c1c52789cc941a3da/_fastcall.c 
**** BEGIN FILE stdout: 

**** END FILE stdout ***
**** BEGIN FILE stderr: 
/var/folders/fs/7lms62rj6gj_2s4fd9zzwfbc0000gn/T/cov-bencyc1129/61431742d474279c029d4463b7f3aad1/cov-bencyc1129/c1bd6555117b5a2c1c52789cc941a3da/_fastcall.c:2:28: warning: '__fastcall__' calling convention is not supported for this target [-Wignored-attributes]
void (*p)() __attribute__((__fastcall__))  = &f;
                           ^
1 warning generated.

**** END FILE stderr ***
Test succeded
**** BEGIN FILE source file: /var/folders/fs/7lms62rj6gj_2s4fd9zzwfbc0000gn/T/cov-bencyc1129/61431742d474279c029d4463b7f3aad1/cov-bencyc1129/c1bd6555117b5a2c1c52789cc941a3da/_vectorcall.c
void f(void) ;
void (*p)() __attribute__((__vectorcall__))  = &f;


**** END FILE source file ***
pipe_command: /usr/bin/gcc -c /var/folders/fs/7lms62rj6gj_2s4fd9zzwfbc0000gn/T/cov-bencyc1129/61431742d474279c029d4463b7f3aad1/cov-bencyc1129/c1bd6555117b5a2c1c52789cc941a3da/_vectorcall.c 
pipe_commands starting: /usr/bin/gcc -c /var/folders/fs/7lms62rj6gj_2s4fd9zzwfbc0000gn/T/cov-bencyc1129/61431742d474279c029d4463b7f3aad1/cov-bencyc1129/c1bd6555117b5a2c1c52789cc941a3da/_vectorcall.c 
**** BEGIN FILE stdout: 

**** END FILE stdout ***
**** BEGIN FILE stderr: 
/var/folders/fs/7lms62rj6gj_2s4fd9zzwfbc0000gn/T/cov-bencyc1129/61431742d474279c029d4463b7f3aad1/cov-bencyc1129/c1bd6555117b5a2c1c52789cc941a3da/_vectorcall.c:2:8: warning: incompatible function pointer types initializing 'void ((*))() __attribute__((vectorcall))' with an expression of type 'void (*)(void)' [-Wincompatible-function-pointer-types]
void (*p)() __attribute__((__vectorcall__))  = &f;
       ^                                       ~~
1 warning generated.

**** END FILE stderr ***
Test succeded
**** BEGIN FILE source file: /var/folders/fs/7lms62rj6gj_2s4fd9zzwfbc0000gn/T/cov-bencyc1129/61431742d474279c029d4463b7f3aad1/cov-bencyc1129/c1bd6555117b5a2c1c52789cc941a3da/_thiscall.c
void f(void) ;
void (*p)() __attribute__((__thiscall__))  = &f;


**** END FILE source file ***
pipe_command: /usr/bin/gcc -c /var/folders/fs/7lms62rj6gj_2s4fd9zzwfbc0000gn/T/cov-bencyc1129/61431742d474279c029d4463b7f3aad1/cov-bencyc1129/c1bd6555117b5a2c1c52789cc941a3da/_thiscall.c 
pipe_commands starting: /usr/bin/gcc -c /var/folders/fs/7lms62rj6gj_2s4fd9zzwfbc0000gn/T/cov-bencyc1129/61431742d474279c029d4463b7f3aad1/cov-bencyc1129/c1bd6555117b5a2c1c52789cc941a3da/_thiscall.c 
**** BEGIN FILE stdout: 

**** END FILE stdout ***
**** BEGIN FILE stderr: 
/var/folders/fs/7lms62rj6gj_2s4fd9zzwfbc0000gn/T/cov-bencyc1129/61431742d474279c029d4463b7f3aad1/cov-bencyc1129/c1bd6555117b5a2c1c52789cc941a3da/_thiscall.c:2:28: warning: '__thiscall__' calling convention is not supported for this target [-Wignored-attributes]
void (*p)() __attribute__((__thiscall__))  = &f;
                           ^
1 warning generated.

**** END FILE stderr ***
Test succeded
**** END PROBE run_x86_calling_conventions_test ****
**** BEGIN PROBE add_appropriate_altivec_switch_if_needed ****
Detecting whether AltiVec is supported.
**** BEGIN FILE source file: /var/folders/fs/7lms62rj6gj_2s4fd9zzwfbc0000gn/T/cov-bencyc1129/61431742d474279c029d4463b7f3aad1/cov-bencyc1129/c1bd6555117b5a2c1c52789cc941a3da/altivec.c
__vector int a;

**** END FILE source file ***
pipe_command: /usr/bin/gcc -c /var/folders/fs/7lms62rj6gj_2s4fd9zzwfbc0000gn/T/cov-bencyc1129/61431742d474279c029d4463b7f3aad1/cov-bencyc1129/c1bd6555117b5a2c1c52789cc941a3da/altivec.c 
pipe_commands starting: /usr/bin/gcc -c /var/folders/fs/7lms62rj6gj_2s4fd9zzwfbc0000gn/T/cov-bencyc1129/61431742d474279c029d4463b7f3aad1/cov-bencyc1129/c1bd6555117b5a2c1c52789cc941a3da/altivec.c 
**** BEGIN FILE stdout: 

**** END FILE stdout ***
**** BEGIN FILE stderr: 
/var/folders/fs/7lms62rj6gj_2s4fd9zzwfbc0000gn/T/cov-bencyc1129/61431742d474279c029d4463b7f3aad1/cov-bencyc1129/c1bd6555117b5a2c1c52789cc941a3da/altivec.c:1:1: error: unknown type name '__vector'
__vector int a;
^
1 error generated.

**** END FILE stderr ***
Test failed
AltiVec is implicitly disabled.
**** END PROBE add_appropriate_altivec_switch_if_needed ****
**** BEGIN PROBE add_appropriate_c_version_switch ****
Detecting which C mode is in use.
**** BEGIN FILE source file: /var/folders/fs/7lms62rj6gj_2s4fd9zzwfbc0000gn/T/cov-bencyc1129/61431742d474279c029d4463b7f3aad1/cov-bencyc1129/c1bd6555117b5a2c1c52789cc941a3da/c11.c
#if defined (__STDC_VERSION__) && __STDC_VERSION__ >= 201112L
int using_c11;
#else
#error "Not c11"
#endif


**** END FILE source file ***
pipe_command: /usr/bin/gcc -c /var/folders/fs/7lms62rj6gj_2s4fd9zzwfbc0000gn/T/cov-bencyc1129/61431742d474279c029d4463b7f3aad1/cov-bencyc1129/c1bd6555117b5a2c1c52789cc941a3da/c11.c 
pipe_commands starting: /usr/bin/gcc -c /var/folders/fs/7lms62rj6gj_2s4fd9zzwfbc0000gn/T/cov-bencyc1129/61431742d474279c029d4463b7f3aad1/cov-bencyc1129/c1bd6555117b5a2c1c52789cc941a3da/c11.c 
**** BEGIN FILE stdout: 

**** END FILE stdout ***
**** BEGIN FILE stderr: 

**** END FILE stderr ***
Test succeded
c11 mode appears to be enabled.
**** END PROBE add_appropriate_c_version_switch ****
**** BEGIN PROBE add_float80_and_128_switch_if_needed ****
Detecting whether __float80 and __float128 are supported.
**** BEGIN FILE source file: /var/folders/fs/7lms62rj6gj_2s4fd9zzwfbc0000gn/T/cov-bencyc1129/61431742d474279c029d4463b7f3aad1/cov-bencyc1129/c1bd6555117b5a2c1c52789cc941a3da/float80.c
__float80 x;


**** END FILE source file ***
pipe_command: /usr/bin/gcc -c /var/folders/fs/7lms62rj6gj_2s4fd9zzwfbc0000gn/T/cov-bencyc1129/61431742d474279c029d4463b7f3aad1/cov-bencyc1129/c1bd6555117b5a2c1c52789cc941a3da/float80.c 
pipe_commands starting: /usr/bin/gcc -c /var/folders/fs/7lms62rj6gj_2s4fd9zzwfbc0000gn/T/cov-bencyc1129/61431742d474279c029d4463b7f3aad1/cov-bencyc1129/c1bd6555117b5a2c1c52789cc941a3da/float80.c 
**** BEGIN FILE stdout: 

**** END FILE stdout ***
**** BEGIN FILE stderr: 
/var/folders/fs/7lms62rj6gj_2s4fd9zzwfbc0000gn/T/cov-bencyc1129/61431742d474279c029d4463b7f3aad1/cov-bencyc1129/c1bd6555117b5a2c1c52789cc941a3da/float80.c:1:1: error: unknown type name '__float80'
__float80 x;
^
1 error generated.

**** END FILE stderr ***
Test failed
**** BEGIN FILE source file: /var/folders/fs/7lms62rj6gj_2s4fd9zzwfbc0000gn/T/cov-bencyc1129/61431742d474279c029d4463b7f3aad1/cov-bencyc1129/c1bd6555117b5a2c1c52789cc941a3da/float128.c
__float128 x;


**** END FILE source file ***
pipe_command: /usr/bin/gcc -c /var/folders/fs/7lms62rj6gj_2s4fd9zzwfbc0000gn/T/cov-bencyc1129/61431742d474279c029d4463b7f3aad1/cov-bencyc1129/c1bd6555117b5a2c1c52789cc941a3da/float128.c 
pipe_commands starting: /usr/bin/gcc -c /var/folders/fs/7lms62rj6gj_2s4fd9zzwfbc0000gn/T/cov-bencyc1129/61431742d474279c029d4463b7f3aad1/cov-bencyc1129/c1bd6555117b5a2c1c52789cc941a3da/float128.c 
**** BEGIN FILE stdout: 

**** END FILE stdout ***
**** BEGIN FILE stderr: 
/var/folders/fs/7lms62rj6gj_2s4fd9zzwfbc0000gn/T/cov-bencyc1129/61431742d474279c029d4463b7f3aad1/cov-bencyc1129/c1bd6555117b5a2c1c52789cc941a3da/float128.c:1:1: error: __float128 is not supported on this target
__float128 x;
^
1 error generated.

**** END FILE stderr ***
Test failed
**** END PROBE add_float80_and_128_switch_if_needed ****
**** BEGIN PROBE add_appropriate__Bool_switch ****
Detecting whether _Bool keyword is in use.
**** BEGIN FILE source file: /var/folders/fs/7lms62rj6gj_2s4fd9zzwfbc0000gn/T/cov-bencyc1129/61431742d474279c029d4463b7f3aad1/cov-bencyc1129/c1bd6555117b5a2c1c52789cc941a3da/_Bool.c
#ifdef _Bool
#undef _Bool
#endif

_Bool foo;


**** END FILE source file ***
pipe_command: /usr/bin/gcc -c /var/folders/fs/7lms62rj6gj_2s4fd9zzwfbc0000gn/T/cov-bencyc1129/61431742d474279c029d4463b7f3aad1/cov-bencyc1129/c1bd6555117b5a2c1c52789cc941a3da/_Bool.c 
pipe_commands starting: /usr/bin/gcc -c /var/folders/fs/7lms62rj6gj_2s4fd9zzwfbc0000gn/T/cov-bencyc1129/61431742d474279c029d4463b7f3aad1/cov-bencyc1129/c1bd6555117b5a2c1c52789cc941a3da/_Bool.c 
**** BEGIN FILE stdout: 

**** END FILE stdout ***
**** BEGIN FILE stderr: 

**** END FILE stderr ***
Test succeded
_Bool keyword appears to be in use.
**** END PROBE add_appropriate__Bool_switch ****
**** BEGIN PROBE add_appropriate_macro_stack_pragma_switch ****
**** BEGIN FILE source file: /var/folders/fs/7lms62rj6gj_2s4fd9zzwfbc0000gn/T/cov-bencyc1129/61431742d474279c029d4463b7f3aad1/cov-bencyc1129/c1bd6555117b5a2c1c52789cc941a3da/macro_stack_sanity.c
#define TEST 1
#pragma push_macro("TEST")
#pragma pop_macro("TEST")


**** END FILE source file ***
pipe_command: /usr/bin/gcc -c /var/folders/fs/7lms62rj6gj_2s4fd9zzwfbc0000gn/T/cov-bencyc1129/61431742d474279c029d4463b7f3aad1/cov-bencyc1129/c1bd6555117b5a2c1c52789cc941a3da/macro_stack_sanity.c 
pipe_commands starting: /usr/bin/gcc -c /var/folders/fs/7lms62rj6gj_2s4fd9zzwfbc0000gn/T/cov-bencyc1129/61431742d474279c029d4463b7f3aad1/cov-bencyc1129/c1bd6555117b5a2c1c52789cc941a3da/macro_stack_sanity.c 
**** BEGIN FILE stdout: 

**** END FILE stdout ***
**** BEGIN FILE stderr: 

**** END FILE stderr ***
Test succeded
**** BEGIN FILE source file: /var/folders/fs/7lms62rj6gj_2s4fd9zzwfbc0000gn/T/cov-bencyc1129/61431742d474279c029d4463b7f3aad1/cov-bencyc1129/c1bd6555117b5a2c1c52789cc941a3da/macro_stack_pragmas.c
#define TEST 1
#pragma push_macro("TEST")
#undef TEST
#define TEST -1
#pragma pop_macro("TEST")
int arr[TEST];


**** END FILE source file ***
pipe_command: /usr/bin/gcc -c /var/folders/fs/7lms62rj6gj_2s4fd9zzwfbc0000gn/T/cov-bencyc1129/61431742d474279c029d4463b7f3aad1/cov-bencyc1129/c1bd6555117b5a2c1c52789cc941a3da/macro_stack_pragmas.c 
pipe_commands starting: /usr/bin/gcc -c /var/folders/fs/7lms62rj6gj_2s4fd9zzwfbc0000gn/T/cov-bencyc1129/61431742d474279c029d4463b7f3aad1/cov-bencyc1129/c1bd6555117b5a2c1c52789cc941a3da/macro_stack_pragmas.c 
**** BEGIN FILE stdout: 

**** END FILE stdout ***
**** BEGIN FILE stderr: 

**** END FILE stderr ***
Test succeded
**** BEGIN FILE source file: /var/folders/fs/7lms62rj6gj_2s4fd9zzwfbc0000gn/T/cov-bencyc1129/61431742d474279c029d4463b7f3aad1/cov-bencyc1129/c1bd6555117b5a2c1c52789cc941a3da/no_macro_stack_pragmas.c
#define TEST -1
#pragma push_macro("TEST")
#undef TEST
#define TEST 1
#pragma pop_macro("TEST")
int arr[TEST];


**** END FILE source file ***
pipe_command: /usr/bin/gcc -c /var/folders/fs/7lms62rj6gj_2s4fd9zzwfbc0000gn/T/cov-bencyc1129/61431742d474279c029d4463b7f3aad1/cov-bencyc1129/c1bd6555117b5a2c1c52789cc941a3da/no_macro_stack_pragmas.c 
pipe_commands starting: /usr/bin/gcc -c /var/folders/fs/7lms62rj6gj_2s4fd9zzwfbc0000gn/T/cov-bencyc1129/61431742d474279c029d4463b7f3aad1/cov-bencyc1129/c1bd6555117b5a2c1c52789cc941a3da/no_macro_stack_pragmas.c 
**** BEGIN FILE stdout: 

**** END FILE stdout ***
**** BEGIN FILE stderr: 
/var/folders/fs/7lms62rj6gj_2s4fd9zzwfbc0000gn/T/cov-bencyc1129/61431742d474279c029d4463b7f3aad1/cov-bencyc1129/c1bd6555117b5a2c1c52789cc941a3da/no_macro_stack_pragmas.c:6:9: error: 'arr' declared as an array with a negative size
int arr[TEST];
        ^~~~
/var/folders/fs/7lms62rj6gj_2s4fd9zzwfbc0000gn/T/cov-bencyc1129/61431742d474279c029d4463b7f3aad1/cov-bencyc1129/c1bd6555117b5a2c1c52789cc941a3da/no_macro_stack_pragmas.c:1:14: note: expanded from macro 'TEST'
#define TEST -1
             ^~
1 error generated.

**** END FILE stderr ***
Test failed
**** END PROBE add_appropriate_macro_stack_pragma_switch ****
**** BEGIN PROBE add_appropriate_arg_dependent_overload_switch ****
Detecting whether --arg_dependent_overload is needed.
**** BEGIN FILE source file: /var/folders/fs/7lms62rj6gj_2s4fd9zzwfbc0000gn/T/cov-bencyc1129/61431742d474279c029d4463b7f3aad1/cov-bencyc1129/c1bd6555117b5a2c1c52789cc941a3da/arg_dependent_overload.c
typedef unsigned short FIXED_FLOAT16;
typedef unsigned int FIXED_FLOAT32;

namespace Y {
typedef struct _VECTOR3F { } VECTOR3F;

float InnerProduct(const _VECTOR3F& v1, const _VECTOR3F& v2);
}

namespace fxutil {
  FIXED_FLOAT32 InnerProduct(const FIXED_FLOAT32& v1, const FIXED_FLOAT32& v2);
  FIXED_FLOAT32 InnerProduct(const FIXED_FLOAT16& v1, const FIXED_FLOAT16& v2);
}

namespace X {
    float Sqrt(float f);
    float Sqrt(FIXED_FLOAT32 f);
}
using namespace X;

void f(Y::VECTOR3F &scale)
{
  using fxutil::InnerProduct;
  Sqrt(InnerProduct(scale,scale));
}


**** END FILE source file ***
pipe_command: /usr/bin/gcc -c /var/folders/fs/7lms62rj6gj_2s4fd9zzwfbc0000gn/T/cov-bencyc1129/61431742d474279c029d4463b7f3aad1/cov-bencyc1129/c1bd6555117b5a2c1c52789cc941a3da/arg_dependent_overload.c 
pipe_commands starting: /usr/bin/gcc -c /var/folders/fs/7lms62rj6gj_2s4fd9zzwfbc0000gn/T/cov-bencyc1129/61431742d474279c029d4463b7f3aad1/cov-bencyc1129/c1bd6555117b5a2c1c52789cc941a3da/arg_dependent_overload.c 
**** BEGIN FILE stdout: 

**** END FILE stdout ***
**** BEGIN FILE stderr: 
/var/folders/fs/7lms62rj6gj_2s4fd9zzwfbc0000gn/T/cov-bencyc1129/61431742d474279c029d4463b7f3aad1/cov-bencyc1129/c1bd6555117b5a2c1c52789cc941a3da/arg_dependent_overload.c:4:1: error: unknown type name 'namespace'
namespace Y {
^
/var/folders/fs/7lms62rj6gj_2s4fd9zzwfbc0000gn/T/cov-bencyc1129/61431742d474279c029d4463b7f3aad1/cov-bencyc1129/c1bd6555117b5a2c1c52789cc941a3da/arg_dependent_overload.c:4:12: error: expected ';' after top level declarator
namespace Y {
           ^
           ;
/var/folders/fs/7lms62rj6gj_2s4fd9zzwfbc0000gn/T/cov-bencyc1129/61431742d474279c029d4463b7f3aad1/cov-bencyc1129/c1bd6555117b5a2c1c52789cc941a3da/arg_dependent_overload.c:21:8: warning: type specifier missing, defaults to 'int' [-Wimplicit-int]
void f(Y::VECTOR3F &scale)
       ^
/var/folders/fs/7lms62rj6gj_2s4fd9zzwfbc0000gn/T/cov-bencyc1129/61431742d474279c029d4463b7f3aad1/cov-bencyc1129/c1bd6555117b5a2c1c52789cc941a3da/arg_dependent_overload.c:21:9: error: expected ')'
void f(Y::VECTOR3F &scale)
        ^
/var/folders/fs/7lms62rj6gj_2s4fd9zzwfbc0000gn/T/cov-bencyc1129/61431742d474279c029d4463b7f3aad1/cov-bencyc1129/c1bd6555117b5a2c1c52789cc941a3da/arg_dependent_overload.c:21:7: note: to match this '('
void f(Y::VECTOR3F &scale)
      ^
/var/folders/fs/7lms62rj6gj_2s4fd9zzwfbc0000gn/T/cov-bencyc1129/61431742d474279c029d4463b7f3aad1/cov-bencyc1129/c1bd6555117b5a2c1c52789cc941a3da/arg_dependent_overload.c:23:3: error: use of undeclared identifier 'using'
  using fxutil::InnerProduct;
  ^
/var/folders/fs/7lms62rj6gj_2s4fd9zzwfbc0000gn/T/cov-bencyc1129/61431742d474279c029d4463b7f3aad1/cov-bencyc1129/c1bd6555117b5a2c1c52789cc941a3da/arg_dependent_overload.c:24:3: error: implicit declaration of function 'Sqrt' is invalid in C99 [-Werror,-Wimplicit-function-declaration]
  Sqrt(InnerProduct(scale,scale));
  ^
/var/folders/fs/7lms62rj6gj_2s4fd9zzwfbc0000gn/T/cov-bencyc1129/61431742d474279c029d4463b7f3aad1/cov-bencyc1129/c1bd6555117b5a2c1c52789cc941a3da/arg_dependent_overload.c:24:8: error: implicit declaration of function 'InnerProduct' is invalid in C99 [-Werror,-Wimplicit-function-declaration]
  Sqrt(InnerProduct(scale,scale));
       ^
/var/folders/fs/7lms62rj6gj_2s4fd9zzwfbc0000gn/T/cov-bencyc1129/61431742d474279c029d4463b7f3aad1/cov-bencyc1129/c1bd6555117b5a2c1c52789cc941a3da/arg_dependent_overload.c:24:21: error: use of undeclared identifier 'scale'
  Sqrt(InnerProduct(scale,scale));
                    ^
/var/folders/fs/7lms62rj6gj_2s4fd9zzwfbc0000gn/T/cov-bencyc1129/61431742d474279c029d4463b7f3aad1/cov-bencyc1129/c1bd6555117b5a2c1c52789cc941a3da/arg_dependent_overload.c:24:27: error: use of undeclared identifier 'scale'
  Sqrt(InnerProduct(scale,scale));
                          ^
1 warning and 8 errors generated.

**** END FILE stderr ***
Test failed
**** END PROBE add_appropriate_arg_dependent_overload_switch ****
**** BEGIN PROBE add_appropriate_vector_intrinsics_switch ****
**** BEGIN FILE source file: /var/folders/fs/7lms62rj6gj_2s4fd9zzwfbc0000gn/T/cov-bencyc1129/61431742d474279c029d4463b7f3aad1/cov-bencyc1129/c1bd6555117b5a2c1c52789cc941a3da/__vector_bool.c
void f1(__attribute__((altivec(vector__))) __attribute__((altivec(bool__))) unsigned int x); void f2(__vector bool int x) {f1(x);}


**** END FILE source file ***
pipe_command: /usr/bin/gcc -c /var/folders/fs/7lms62rj6gj_2s4fd9zzwfbc0000gn/T/cov-bencyc1129/61431742d474279c029d4463b7f3aad1/cov-bencyc1129/c1bd6555117b5a2c1c52789cc941a3da/__vector_bool.c 
pipe_commands starting: /usr/bin/gcc -c /var/folders/fs/7lms62rj6gj_2s4fd9zzwfbc0000gn/T/cov-bencyc1129/61431742d474279c029d4463b7f3aad1/cov-bencyc1129/c1bd6555117b5a2c1c52789cc941a3da/__vector_bool.c 
**** BEGIN FILE stdout: 

**** END FILE stdout ***
**** BEGIN FILE stderr: 
/var/folders/fs/7lms62rj6gj_2s4fd9zzwfbc0000gn/T/cov-bencyc1129/61431742d474279c029d4463b7f3aad1/cov-bencyc1129/c1bd6555117b5a2c1c52789cc941a3da/__vector_bool.c:1:24: warning: unknown attribute 'altivec' ignored [-Wunknown-attributes]
void f1(__attribute__((altivec(vector__))) __attribute__((altivec(bool__))) unsigned int x); void f2(__vector bool int x) {f1(x);}
                       ^~~~~~~~~~~~~~~~~
/var/folders/fs/7lms62rj6gj_2s4fd9zzwfbc0000gn/T/cov-bencyc1129/61431742d474279c029d4463b7f3aad1/cov-bencyc1129/c1bd6555117b5a2c1c52789cc941a3da/__vector_bool.c:1:59: warning: unknown attribute 'altivec' ignored [-Wunknown-attributes]
void f1(__attribute__((altivec(vector__))) __attribute__((altivec(bool__))) unsigned int x); void f2(__vector bool int x) {f1(x);}
                                                          ^~~~~~~~~~~~~~~
/var/folders/fs/7lms62rj6gj_2s4fd9zzwfbc0000gn/T/cov-bencyc1129/61431742d474279c029d4463b7f3aad1/cov-bencyc1129/c1bd6555117b5a2c1c52789cc941a3da/__vector_bool.c:1:102: error: unknown type name '__vector'
void f1(__attribute__((altivec(vector__))) __attribute__((altivec(bool__))) unsigned int x); void f2(__vector bool int x) {f1(x);}
                                                                                                     ^
/var/folders/fs/7lms62rj6gj_2s4fd9zzwfbc0000gn/T/cov-bencyc1129/61431742d474279c029d4463b7f3aad1/cov-bencyc1129/c1bd6555117b5a2c1c52789cc941a3da/__vector_bool.c:1:116: error: expected ')'
void f1(__attribute__((altivec(vector__))) __attribute__((altivec(bool__))) unsigned int x); void f2(__vector bool int x) {f1(x);}
                                                                                                                   ^
/var/folders/fs/7lms62rj6gj_2s4fd9zzwfbc0000gn/T/cov-bencyc1129/61431742d474279c029d4463b7f3aad1/cov-bencyc1129/c1bd6555117b5a2c1c52789cc941a3da/__vector_bool.c:1:101: note: to match this '('
void f1(__attribute__((altivec(vector__))) __attribute__((altivec(bool__))) unsigned int x); void f2(__vector bool int x) {f1(x);}
                                                                                                    ^
/var/folders/fs/7lms62rj6gj_2s4fd9zzwfbc0000gn/T/cov-bencyc1129/61431742d474279c029d4463b7f3aad1/cov-bencyc1129/c1bd6555117b5a2c1c52789cc941a3da/__vector_bool.c:1:127: error: use of undeclared identifier 'x'
void f1(__attribute__((altivec(vector__))) __attribute__((altivec(bool__))) unsigned int x); void f2(__vector bool int x) {f1(x);}
                                                                                                                              ^
2 warnings and 3 errors generated.

**** END FILE stderr ***
Test failed
**** BEGIN FILE source file: /var/folders/fs/7lms62rj6gj_2s4fd9zzwfbc0000gn/T/cov-bencyc1129/61431742d474279c029d4463b7f3aad1/cov-bencyc1129/c1bd6555117b5a2c1c52789cc941a3da/__vector___bool.c
void f1(__attribute__((altivec(vector__))) __attribute__((altivec(bool__))) unsigned int x); void f2(__vector __bool int x) {f1(x);}


**** END FILE source file ***
pipe_command: /usr/bin/gcc -c /var/folders/fs/7lms62rj6gj_2s4fd9zzwfbc0000gn/T/cov-bencyc1129/61431742d474279c029d4463b7f3aad1/cov-bencyc1129/c1bd6555117b5a2c1c52789cc941a3da/__vector___bool.c 
pipe_commands starting: /usr/bin/gcc -c /var/folders/fs/7lms62rj6gj_2s4fd9zzwfbc0000gn/T/cov-bencyc1129/61431742d474279c029d4463b7f3aad1/cov-bencyc1129/c1bd6555117b5a2c1c52789cc941a3da/__vector___bool.c 
**** BEGIN FILE stdout: 

**** END FILE stdout ***
**** BEGIN FILE stderr: 
/var/folders/fs/7lms62rj6gj_2s4fd9zzwfbc0000gn/T/cov-bencyc1129/61431742d474279c029d4463b7f3aad1/cov-bencyc1129/c1bd6555117b5a2c1c52789cc941a3da/__vector___bool.c:1:24: warning: unknown attribute 'altivec' ignored [-Wunknown-attributes]
void f1(__attribute__((altivec(vector__))) __attribute__((altivec(bool__))) unsigned int x); void f2(__vector __bool int x) {f1(x);}
                       ^~~~~~~~~~~~~~~~~
/var/folders/fs/7lms62rj6gj_2s4fd9zzwfbc0000gn/T/cov-bencyc1129/61431742d474279c029d4463b7f3aad1/cov-bencyc1129/c1bd6555117b5a2c1c52789cc941a3da/__vector___bool.c:1:59: warning: unknown attribute 'altivec' ignored [-Wunknown-attributes]
void f1(__attribute__((altivec(vector__))) __attribute__((altivec(bool__))) unsigned int x); void f2(__vector __bool int x) {f1(x);}
                                                          ^~~~~~~~~~~~~~~
/var/folders/fs/7lms62rj6gj_2s4fd9zzwfbc0000gn/T/cov-bencyc1129/61431742d474279c029d4463b7f3aad1/cov-bencyc1129/c1bd6555117b5a2c1c52789cc941a3da/__vector___bool.c:1:102: error: unknown type name '__vector'
void f1(__attribute__((altivec(vector__))) __attribute__((altivec(bool__))) unsigned int x); void f2(__vector __bool int x) {f1(x);}
                                                                                                     ^
/var/folders/fs/7lms62rj6gj_2s4fd9zzwfbc0000gn/T/cov-bencyc1129/61431742d474279c029d4463b7f3aad1/cov-bencyc1129/c1bd6555117b5a2c1c52789cc941a3da/__vector___bool.c:1:118: error: expected ')'
void f1(__attribute__((altivec(vector__))) __attribute__((altivec(bool__))) unsigned int x); void f2(__vector __bool int x) {f1(x);}
                                                                                                                     ^
/var/folders/fs/7lms62rj6gj_2s4fd9zzwfbc0000gn/T/cov-bencyc1129/61431742d474279c029d4463b7f3aad1/cov-bencyc1129/c1bd6555117b5a2c1c52789cc941a3da/__vector___bool.c:1:101: note: to match this '('
void f1(__attribute__((altivec(vector__))) __attribute__((altivec(bool__))) unsigned int x); void f2(__vector __bool int x) {f1(x);}
                                                                                                    ^
/var/folders/fs/7lms62rj6gj_2s4fd9zzwfbc0000gn/T/cov-bencyc1129/61431742d474279c029d4463b7f3aad1/cov-bencyc1129/c1bd6555117b5a2c1c52789cc941a3da/__vector___bool.c:1:129: error: use of undeclared identifier 'x'
void f1(__attribute__((altivec(vector__))) __attribute__((altivec(bool__))) unsigned int x); void f2(__vector __bool int x) {f1(x);}
                                                                                                                                ^
2 warnings and 3 errors generated.

**** END FILE stderr ***
Test failed
**** BEGIN FILE source file: /var/folders/fs/7lms62rj6gj_2s4fd9zzwfbc0000gn/T/cov-bencyc1129/61431742d474279c029d4463b7f3aad1/cov-bencyc1129/c1bd6555117b5a2c1c52789cc941a3da/vector_bool.c
void f1(__attribute__((altivec(vector__))) __attribute__((altivec(bool__))) unsigned int x); void f2(vector bool int x) {f1(x);}


**** END FILE source file ***
pipe_command: /usr/bin/gcc -c /var/folders/fs/7lms62rj6gj_2s4fd9zzwfbc0000gn/T/cov-bencyc1129/61431742d474279c029d4463b7f3aad1/cov-bencyc1129/c1bd6555117b5a2c1c52789cc941a3da/vector_bool.c 
pipe_commands starting: /usr/bin/gcc -c /var/folders/fs/7lms62rj6gj_2s4fd9zzwfbc0000gn/T/cov-bencyc1129/61431742d474279c029d4463b7f3aad1/cov-bencyc1129/c1bd6555117b5a2c1c52789cc941a3da/vector_bool.c 
**** BEGIN FILE stdout: 

**** END FILE stdout ***
**** BEGIN FILE stderr: 
/var/folders/fs/7lms62rj6gj_2s4fd9zzwfbc0000gn/T/cov-bencyc1129/61431742d474279c029d4463b7f3aad1/cov-bencyc1129/c1bd6555117b5a2c1c52789cc941a3da/vector_bool.c:1:24: warning: unknown attribute 'altivec' ignored [-Wunknown-attributes]
void f1(__attribute__((altivec(vector__))) __attribute__((altivec(bool__))) unsigned int x); void f2(vector bool int x) {f1(x);}
                       ^~~~~~~~~~~~~~~~~
/var/folders/fs/7lms62rj6gj_2s4fd9zzwfbc0000gn/T/cov-bencyc1129/61431742d474279c029d4463b7f3aad1/cov-bencyc1129/c1bd6555117b5a2c1c52789cc941a3da/vector_bool.c:1:59: warning: unknown attribute 'altivec' ignored [-Wunknown-attributes]
void f1(__attribute__((altivec(vector__))) __attribute__((altivec(bool__))) unsigned int x); void f2(vector bool int x) {f1(x);}
                                                          ^~~~~~~~~~~~~~~
/var/folders/fs/7lms62rj6gj_2s4fd9zzwfbc0000gn/T/cov-bencyc1129/61431742d474279c029d4463b7f3aad1/cov-bencyc1129/c1bd6555117b5a2c1c52789cc941a3da/vector_bool.c:1:102: error: unknown type name 'vector'
void f1(__attribute__((altivec(vector__))) __attribute__((altivec(bool__))) unsigned int x); void f2(vector bool int x) {f1(x);}
                                                                                                     ^
/var/folders/fs/7lms62rj6gj_2s4fd9zzwfbc0000gn/T/cov-bencyc1129/61431742d474279c029d4463b7f3aad1/cov-bencyc1129/c1bd6555117b5a2c1c52789cc941a3da/vector_bool.c:1:114: error: expected ')'
void f1(__attribute__((altivec(vector__))) __attribute__((altivec(bool__))) unsigned int x); void f2(vector bool int x) {f1(x);}
                                                                                                                 ^
/var/folders/fs/7lms62rj6gj_2s4fd9zzwfbc0000gn/T/cov-bencyc1129/61431742d474279c029d4463b7f3aad1/cov-bencyc1129/c1bd6555117b5a2c1c52789cc941a3da/vector_bool.c:1:101: note: to match this '('
void f1(__attribute__((altivec(vector__))) __attribute__((altivec(bool__))) unsigned int x); void f2(vector bool int x) {f1(x);}
                                                                                                    ^
/var/folders/fs/7lms62rj6gj_2s4fd9zzwfbc0000gn/T/cov-bencyc1129/61431742d474279c029d4463b7f3aad1/cov-bencyc1129/c1bd6555117b5a2c1c52789cc941a3da/vector_bool.c:1:125: error: use of undeclared identifier 'x'
void f1(__attribute__((altivec(vector__))) __attribute__((altivec(bool__))) unsigned int x); void f2(vector bool int x) {f1(x);}
                                                                                                                            ^
2 warnings and 3 errors generated.

**** END FILE stderr ***
Test failed
**** BEGIN FILE source file: /var/folders/fs/7lms62rj6gj_2s4fd9zzwfbc0000gn/T/cov-bencyc1129/61431742d474279c029d4463b7f3aad1/cov-bencyc1129/c1bd6555117b5a2c1c52789cc941a3da/vector___bool.c
void f1(__attribute__((altivec(vector__))) __attribute__((altivec(bool__))) unsigned int x); void f2(vector __bool int x) {f1(x);}


**** END FILE source file ***
pipe_command: /usr/bin/gcc -c /var/folders/fs/7lms62rj6gj_2s4fd9zzwfbc0000gn/T/cov-bencyc1129/61431742d474279c029d4463b7f3aad1/cov-bencyc1129/c1bd6555117b5a2c1c52789cc941a3da/vector___bool.c 
pipe_commands starting: /usr/bin/gcc -c /var/folders/fs/7lms62rj6gj_2s4fd9zzwfbc0000gn/T/cov-bencyc1129/61431742d474279c029d4463b7f3aad1/cov-bencyc1129/c1bd6555117b5a2c1c52789cc941a3da/vector___bool.c 
**** BEGIN FILE stdout: 

**** END FILE stdout ***
**** BEGIN FILE stderr: 
/var/folders/fs/7lms62rj6gj_2s4fd9zzwfbc0000gn/T/cov-bencyc1129/61431742d474279c029d4463b7f3aad1/cov-bencyc1129/c1bd6555117b5a2c1c52789cc941a3da/vector___bool.c:1:24: warning: unknown attribute 'altivec' ignored [-Wunknown-attributes]
void f1(__attribute__((altivec(vector__))) __attribute__((altivec(bool__))) unsigned int x); void f2(vector __bool int x) {f1(x);}
                       ^~~~~~~~~~~~~~~~~
/var/folders/fs/7lms62rj6gj_2s4fd9zzwfbc0000gn/T/cov-bencyc1129/61431742d474279c029d4463b7f3aad1/cov-bencyc1129/c1bd6555117b5a2c1c52789cc941a3da/vector___bool.c:1:59: warning: unknown attribute 'altivec' ignored [-Wunknown-attributes]
void f1(__attribute__((altivec(vector__))) __attribute__((altivec(bool__))) unsigned int x); void f2(vector __bool int x) {f1(x);}
                                                          ^~~~~~~~~~~~~~~
/var/folders/fs/7lms62rj6gj_2s4fd9zzwfbc0000gn/T/cov-bencyc1129/61431742d474279c029d4463b7f3aad1/cov-bencyc1129/c1bd6555117b5a2c1c52789cc941a3da/vector___bool.c:1:102: error: unknown type name 'vector'
void f1(__attribute__((altivec(vector__))) __attribute__((altivec(bool__))) unsigned int x); void f2(vector __bool int x) {f1(x);}
                                                                                                     ^
/var/folders/fs/7lms62rj6gj_2s4fd9zzwfbc0000gn/T/cov-bencyc1129/61431742d474279c029d4463b7f3aad1/cov-bencyc1129/c1bd6555117b5a2c1c52789cc941a3da/vector___bool.c:1:116: error: expected ')'
void f1(__attribute__((altivec(vector__))) __attribute__((altivec(bool__))) unsigned int x); void f2(vector __bool int x) {f1(x);}
                                                                                                                   ^
/var/folders/fs/7lms62rj6gj_2s4fd9zzwfbc0000gn/T/cov-bencyc1129/61431742d474279c029d4463b7f3aad1/cov-bencyc1129/c1bd6555117b5a2c1c52789cc941a3da/vector___bool.c:1:101: note: to match this '('
void f1(__attribute__((altivec(vector__))) __attribute__((altivec(bool__))) unsigned int x); void f2(vector __bool int x) {f1(x);}
                                                                                                    ^
/var/folders/fs/7lms62rj6gj_2s4fd9zzwfbc0000gn/T/cov-bencyc1129/61431742d474279c029d4463b7f3aad1/cov-bencyc1129/c1bd6555117b5a2c1c52789cc941a3da/vector___bool.c:1:127: error: use of undeclared identifier 'x'
void f1(__attribute__((altivec(vector__))) __attribute__((altivec(bool__))) unsigned int x); void f2(vector __bool int x) {f1(x);}
                                                                                                                              ^
2 warnings and 3 errors generated.

**** END FILE stderr ***
Test failed
**** BEGIN FILE source file: /var/folders/fs/7lms62rj6gj_2s4fd9zzwfbc0000gn/T/cov-bencyc1129/61431742d474279c029d4463b7f3aad1/cov-bencyc1129/c1bd6555117b5a2c1c52789cc941a3da/__vector_pixel.c
void f1(__attribute__((altivec(vector__))) __attribute__((altivec(pixel__))) unsigned short x); void f2(__vector pixel x) {f1(x);}


**** END FILE source file ***
pipe_command: /usr/bin/gcc -c /var/folders/fs/7lms62rj6gj_2s4fd9zzwfbc0000gn/T/cov-bencyc1129/61431742d474279c029d4463b7f3aad1/cov-bencyc1129/c1bd6555117b5a2c1c52789cc941a3da/__vector_pixel.c 
pipe_commands starting: /usr/bin/gcc -c /var/folders/fs/7lms62rj6gj_2s4fd9zzwfbc0000gn/T/cov-bencyc1129/61431742d474279c029d4463b7f3aad1/cov-bencyc1129/c1bd6555117b5a2c1c52789cc941a3da/__vector_pixel.c 
**** BEGIN FILE stdout: 

**** END FILE stdout ***
**** BEGIN FILE stderr: 
/var/folders/fs/7lms62rj6gj_2s4fd9zzwfbc0000gn/T/cov-bencyc1129/61431742d474279c029d4463b7f3aad1/cov-bencyc1129/c1bd6555117b5a2c1c52789cc941a3da/__vector_pixel.c:1:24: warning: unknown attribute 'altivec' ignored [-Wunknown-attributes]
void f1(__attribute__((altivec(vector__))) __attribute__((altivec(pixel__))) unsigned short x); void f2(__vector pixel x) {f1(x);}
                       ^~~~~~~~~~~~~~~~~
/var/folders/fs/7lms62rj6gj_2s4fd9zzwfbc0000gn/T/cov-bencyc1129/61431742d474279c029d4463b7f3aad1/cov-bencyc1129/c1bd6555117b5a2c1c52789cc941a3da/__vector_pixel.c:1:59: warning: unknown attribute 'altivec' ignored [-Wunknown-attributes]
void f1(__attribute__((altivec(vector__))) __attribute__((altivec(pixel__))) unsigned short x); void f2(__vector pixel x) {f1(x);}
                                                          ^~~~~~~~~~~~~~~~
/var/folders/fs/7lms62rj6gj_2s4fd9zzwfbc0000gn/T/cov-bencyc1129/61431742d474279c029d4463b7f3aad1/cov-bencyc1129/c1bd6555117b5a2c1c52789cc941a3da/__vector_pixel.c:1:105: error: unknown type name '__vector'
void f1(__attribute__((altivec(vector__))) __attribute__((altivec(pixel__))) unsigned short x); void f2(__vector pixel x) {f1(x);}
                                                                                                        ^
/var/folders/fs/7lms62rj6gj_2s4fd9zzwfbc0000gn/T/cov-bencyc1129/61431742d474279c029d4463b7f3aad1/cov-bencyc1129/c1bd6555117b5a2c1c52789cc941a3da/__vector_pixel.c:1:120: error: expected ')'
void f1(__attribute__((altivec(vector__))) __attribute__((altivec(pixel__))) unsigned short x); void f2(__vector pixel x) {f1(x);}
                                                                                                                       ^
/var/folders/fs/7lms62rj6gj_2s4fd9zzwfbc0000gn/T/cov-bencyc1129/61431742d474279c029d4463b7f3aad1/cov-bencyc1129/c1bd6555117b5a2c1c52789cc941a3da/__vector_pixel.c:1:104: note: to match this '('
void f1(__attribute__((altivec(vector__))) __attribute__((altivec(pixel__))) unsigned short x); void f2(__vector pixel x) {f1(x);}
                                                                                                       ^
/var/folders/fs/7lms62rj6gj_2s4fd9zzwfbc0000gn/T/cov-bencyc1129/61431742d474279c029d4463b7f3aad1/cov-bencyc1129/c1bd6555117b5a2c1c52789cc941a3da/__vector_pixel.c:1:127: error: use of undeclared identifier 'x'
void f1(__attribute__((altivec(vector__))) __attribute__((altivec(pixel__))) unsigned short x); void f2(__vector pixel x) {f1(x);}
                                                                                                                              ^
2 warnings and 3 errors generated.

**** END FILE stderr ***
Test failed
**** BEGIN FILE source file: /var/folders/fs/7lms62rj6gj_2s4fd9zzwfbc0000gn/T/cov-bencyc1129/61431742d474279c029d4463b7f3aad1/cov-bencyc1129/c1bd6555117b5a2c1c52789cc941a3da/__vector___pixel.c
void f1(__attribute__((altivec(vector__))) __attribute__((altivec(pixel__))) unsigned short x); void f2(__vector __pixel x) {f1(x);}


**** END FILE source file ***
pipe_command: /usr/bin/gcc -c /var/folders/fs/7lms62rj6gj_2s4fd9zzwfbc0000gn/T/cov-bencyc1129/61431742d474279c029d4463b7f3aad1/cov-bencyc1129/c1bd6555117b5a2c1c52789cc941a3da/__vector___pixel.c 
pipe_commands starting: /usr/bin/gcc -c /var/folders/fs/7lms62rj6gj_2s4fd9zzwfbc0000gn/T/cov-bencyc1129/61431742d474279c029d4463b7f3aad1/cov-bencyc1129/c1bd6555117b5a2c1c52789cc941a3da/__vector___pixel.c 
**** BEGIN FILE stdout: 

**** END FILE stdout ***
**** BEGIN FILE stderr: 
/var/folders/fs/7lms62rj6gj_2s4fd9zzwfbc0000gn/T/cov-bencyc1129/61431742d474279c029d4463b7f3aad1/cov-bencyc1129/c1bd6555117b5a2c1c52789cc941a3da/__vector___pixel.c:1:24: warning: unknown attribute 'altivec' ignored [-Wunknown-attributes]
void f1(__attribute__((altivec(vector__))) __attribute__((altivec(pixel__))) unsigned short x); void f2(__vector __pixel x) {f1(x);}
                       ^~~~~~~~~~~~~~~~~
/var/folders/fs/7lms62rj6gj_2s4fd9zzwfbc0000gn/T/cov-bencyc1129/61431742d474279c029d4463b7f3aad1/cov-bencyc1129/c1bd6555117b5a2c1c52789cc941a3da/__vector___pixel.c:1:59: warning: unknown attribute 'altivec' ignored [-Wunknown-attributes]
void f1(__attribute__((altivec(vector__))) __attribute__((altivec(pixel__))) unsigned short x); void f2(__vector __pixel x) {f1(x);}
                                                          ^~~~~~~~~~~~~~~~
/var/folders/fs/7lms62rj6gj_2s4fd9zzwfbc0000gn/T/cov-bencyc1129/61431742d474279c029d4463b7f3aad1/cov-bencyc1129/c1bd6555117b5a2c1c52789cc941a3da/__vector___pixel.c:1:105: error: unknown type name '__vector'
void f1(__attribute__((altivec(vector__))) __attribute__((altivec(pixel__))) unsigned short x); void f2(__vector __pixel x) {f1(x);}
                                                                                                        ^
/var/folders/fs/7lms62rj6gj_2s4fd9zzwfbc0000gn/T/cov-bencyc1129/61431742d474279c029d4463b7f3aad1/cov-bencyc1129/c1bd6555117b5a2c1c52789cc941a3da/__vector___pixel.c:1:122: error: expected ')'
void f1(__attribute__((altivec(vector__))) __attribute__((altivec(pixel__))) unsigned short x); void f2(__vector __pixel x) {f1(x);}
                                                                                                                         ^
/var/folders/fs/7lms62rj6gj_2s4fd9zzwfbc0000gn/T/cov-bencyc1129/61431742d474279c029d4463b7f3aad1/cov-bencyc1129/c1bd6555117b5a2c1c52789cc941a3da/__vector___pixel.c:1:104: note: to match this '('
void f1(__attribute__((altivec(vector__))) __attribute__((altivec(pixel__))) unsigned short x); void f2(__vector __pixel x) {f1(x);}
                                                                                                       ^
/var/folders/fs/7lms62rj6gj_2s4fd9zzwfbc0000gn/T/cov-bencyc1129/61431742d474279c029d4463b7f3aad1/cov-bencyc1129/c1bd6555117b5a2c1c52789cc941a3da/__vector___pixel.c:1:129: error: use of undeclared identifier 'x'
void f1(__attribute__((altivec(vector__))) __attribute__((altivec(pixel__))) unsigned short x); void f2(__vector __pixel x) {f1(x);}
                                                                                                                                ^
2 warnings and 3 errors generated.

**** END FILE stderr ***
Test failed
**** BEGIN FILE source file: /var/folders/fs/7lms62rj6gj_2s4fd9zzwfbc0000gn/T/cov-bencyc1129/61431742d474279c029d4463b7f3aad1/cov-bencyc1129/c1bd6555117b5a2c1c52789cc941a3da/vector_pixel.c
void f1(__attribute__((altivec(vector__))) __attribute__((altivec(pixel__))) unsigned short x); void f2(vector pixel x) {f1(x);}


**** END FILE source file ***
pipe_command: /usr/bin/gcc -c /var/folders/fs/7lms62rj6gj_2s4fd9zzwfbc0000gn/T/cov-bencyc1129/61431742d474279c029d4463b7f3aad1/cov-bencyc1129/c1bd6555117b5a2c1c52789cc941a3da/vector_pixel.c 
pipe_commands starting: /usr/bin/gcc -c /var/folders/fs/7lms62rj6gj_2s4fd9zzwfbc0000gn/T/cov-bencyc1129/61431742d474279c029d4463b7f3aad1/cov-bencyc1129/c1bd6555117b5a2c1c52789cc941a3da/vector_pixel.c 
**** BEGIN FILE stdout: 

**** END FILE stdout ***
**** BEGIN FILE stderr: 
/var/folders/fs/7lms62rj6gj_2s4fd9zzwfbc0000gn/T/cov-bencyc1129/61431742d474279c029d4463b7f3aad1/cov-bencyc1129/c1bd6555117b5a2c1c52789cc941a3da/vector_pixel.c:1:24: warning: unknown attribute 'altivec' ignored [-Wunknown-attributes]
void f1(__attribute__((altivec(vector__))) __attribute__((altivec(pixel__))) unsigned short x); void f2(vector pixel x) {f1(x);}
                       ^~~~~~~~~~~~~~~~~
/var/folders/fs/7lms62rj6gj_2s4fd9zzwfbc0000gn/T/cov-bencyc1129/61431742d474279c029d4463b7f3aad1/cov-bencyc1129/c1bd6555117b5a2c1c52789cc941a3da/vector_pixel.c:1:59: warning: unknown attribute 'altivec' ignored [-Wunknown-attributes]
void f1(__attribute__((altivec(vector__))) __attribute__((altivec(pixel__))) unsigned short x); void f2(vector pixel x) {f1(x);}
                                                          ^~~~~~~~~~~~~~~~
/var/folders/fs/7lms62rj6gj_2s4fd9zzwfbc0000gn/T/cov-bencyc1129/61431742d474279c029d4463b7f3aad1/cov-bencyc1129/c1bd6555117b5a2c1c52789cc941a3da/vector_pixel.c:1:105: error: unknown type name 'vector'
void f1(__attribute__((altivec(vector__))) __attribute__((altivec(pixel__))) unsigned short x); void f2(vector pixel x) {f1(x);}
                                                                                                        ^
/var/folders/fs/7lms62rj6gj_2s4fd9zzwfbc0000gn/T/cov-bencyc1129/61431742d474279c029d4463b7f3aad1/cov-bencyc1129/c1bd6555117b5a2c1c52789cc941a3da/vector_pixel.c:1:118: error: expected ')'
void f1(__attribute__((altivec(vector__))) __attribute__((altivec(pixel__))) unsigned short x); void f2(vector pixel x) {f1(x);}
                                                                                                                     ^
/var/folders/fs/7lms62rj6gj_2s4fd9zzwfbc0000gn/T/cov-bencyc1129/61431742d474279c029d4463b7f3aad1/cov-bencyc1129/c1bd6555117b5a2c1c52789cc941a3da/vector_pixel.c:1:104: note: to match this '('
void f1(__attribute__((altivec(vector__))) __attribute__((altivec(pixel__))) unsigned short x); void f2(vector pixel x) {f1(x);}
                                                                                                       ^
/var/folders/fs/7lms62rj6gj_2s4fd9zzwfbc0000gn/T/cov-bencyc1129/61431742d474279c029d4463b7f3aad1/cov-bencyc1129/c1bd6555117b5a2c1c52789cc941a3da/vector_pixel.c:1:125: error: use of undeclared identifier 'x'
void f1(__attribute__((altivec(vector__))) __attribute__((altivec(pixel__))) unsigned short x); void f2(vector pixel x) {f1(x);}
                                                                                                                            ^
2 warnings and 3 errors generated.

**** END FILE stderr ***
Test failed
**** BEGIN FILE source file: /var/folders/fs/7lms62rj6gj_2s4fd9zzwfbc0000gn/T/cov-bencyc1129/61431742d474279c029d4463b7f3aad1/cov-bencyc1129/c1bd6555117b5a2c1c52789cc941a3da/vector___pixel.c
void f1(__attribute__((altivec(vector__))) __attribute__((altivec(pixel__))) unsigned short x); void f2(vector __pixel x) {f1(x);}


**** END FILE source file ***
pipe_command: /usr/bin/gcc -c /var/folders/fs/7lms62rj6gj_2s4fd9zzwfbc0000gn/T/cov-bencyc1129/61431742d474279c029d4463b7f3aad1/cov-bencyc1129/c1bd6555117b5a2c1c52789cc941a3da/vector___pixel.c 
pipe_commands starting: /usr/bin/gcc -c /var/folders/fs/7lms62rj6gj_2s4fd9zzwfbc0000gn/T/cov-bencyc1129/61431742d474279c029d4463b7f3aad1/cov-bencyc1129/c1bd6555117b5a2c1c52789cc941a3da/vector___pixel.c 
**** BEGIN FILE stdout: 

**** END FILE stdout ***
**** BEGIN FILE stderr: 
/var/folders/fs/7lms62rj6gj_2s4fd9zzwfbc0000gn/T/cov-bencyc1129/61431742d474279c029d4463b7f3aad1/cov-bencyc1129/c1bd6555117b5a2c1c52789cc941a3da/vector___pixel.c:1:24: warning: unknown attribute 'altivec' ignored [-Wunknown-attributes]
void f1(__attribute__((altivec(vector__))) __attribute__((altivec(pixel__))) unsigned short x); void f2(vector __pixel x) {f1(x);}
                       ^~~~~~~~~~~~~~~~~
/var/folders/fs/7lms62rj6gj_2s4fd9zzwfbc0000gn/T/cov-bencyc1129/61431742d474279c029d4463b7f3aad1/cov-bencyc1129/c1bd6555117b5a2c1c52789cc941a3da/vector___pixel.c:1:59: warning: unknown attribute 'altivec' ignored [-Wunknown-attributes]
void f1(__attribute__((altivec(vector__))) __attribute__((altivec(pixel__))) unsigned short x); void f2(vector __pixel x) {f1(x);}
                                                          ^~~~~~~~~~~~~~~~
/var/folders/fs/7lms62rj6gj_2s4fd9zzwfbc0000gn/T/cov-bencyc1129/61431742d474279c029d4463b7f3aad1/cov-bencyc1129/c1bd6555117b5a2c1c52789cc941a3da/vector___pixel.c:1:105: error: unknown type name 'vector'
void f1(__attribute__((altivec(vector__))) __attribute__((altivec(pixel__))) unsigned short x); void f2(vector __pixel x) {f1(x);}
                                                                                                        ^
/var/folders/fs/7lms62rj6gj_2s4fd9zzwfbc0000gn/T/cov-bencyc1129/61431742d474279c029d4463b7f3aad1/cov-bencyc1129/c1bd6555117b5a2c1c52789cc941a3da/vector___pixel.c:1:120: error: expected ')'
void f1(__attribute__((altivec(vector__))) __attribute__((altivec(pixel__))) unsigned short x); void f2(vector __pixel x) {f1(x);}
                                                                                                                       ^
/var/folders/fs/7lms62rj6gj_2s4fd9zzwfbc0000gn/T/cov-bencyc1129/61431742d474279c029d4463b7f3aad1/cov-bencyc1129/c1bd6555117b5a2c1c52789cc941a3da/vector___pixel.c:1:104: note: to match this '('
void f1(__attribute__((altivec(vector__))) __attribute__((altivec(pixel__))) unsigned short x); void f2(vector __pixel x) {f1(x);}
                                                                                                       ^
/var/folders/fs/7lms62rj6gj_2s4fd9zzwfbc0000gn/T/cov-bencyc1129/61431742d474279c029d4463b7f3aad1/cov-bencyc1129/c1bd6555117b5a2c1c52789cc941a3da/vector___pixel.c:1:127: error: use of undeclared identifier 'x'
void f1(__attribute__((altivec(vector__))) __attribute__((altivec(pixel__))) unsigned short x); void f2(vector __pixel x) {f1(x);}
                                                                                                                              ^
2 warnings and 3 errors generated.

**** END FILE stderr ***
Test failed
**** END PROBE add_appropriate_vector_intrinsics_switch ****
**** BEGIN PROBE add_appropriate_gcc_bug_47318_patched_switch ****
**** BEGIN FILE source file: /var/folders/fs/7lms62rj6gj_2s4fd9zzwfbc0000gn/T/cov-bencyc1129/61431742d474279c029d4463b7f3aad1/cov-bencyc1129/c1bd6555117b5a2c1c52789cc941a3da/avx_intrinsics_enabled.c
#include <immintrin.h>
#ifndef __AVX__
#error AVX not enabled
#endif

**** END FILE source file ***
pipe_command: /usr/bin/gcc -c /var/folders/fs/7lms62rj6gj_2s4fd9zzwfbc0000gn/T/cov-bencyc1129/61431742d474279c029d4463b7f3aad1/cov-bencyc1129/c1bd6555117b5a2c1c52789cc941a3da/avx_intrinsics_enabled.c 
pipe_commands starting: /usr/bin/gcc -c /var/folders/fs/7lms62rj6gj_2s4fd9zzwfbc0000gn/T/cov-bencyc1129/61431742d474279c029d4463b7f3aad1/cov-bencyc1129/c1bd6555117b5a2c1c52789cc941a3da/avx_intrinsics_enabled.c 
**** BEGIN FILE stdout: 

**** END FILE stdout ***
**** BEGIN FILE stderr: 
/var/folders/fs/7lms62rj6gj_2s4fd9zzwfbc0000gn/T/cov-bencyc1129/61431742d474279c029d4463b7f3aad1/cov-bencyc1129/c1bd6555117b5a2c1c52789cc941a3da/avx_intrinsics_enabled.c:3:2: error: AVX not enabled
#error AVX not enabled
 ^
1 error generated.

**** END FILE stderr ***
Test failed
**** END PROBE add_appropriate_gcc_bug_47318_patched_switch ****
**** BEGIN PROBE set_appropriate_target_platform ****
**** BEGIN PROBE get_macros ****
compiler_prober_t::make_abs_preproc_command
 cmd: /usr/bin/gcc
/usr/bin/gcc -E -U__BLOCKS__ -xc /var/folders/fs/7lms62rj6gj_2s4fd9zzwfbc0000gn/T/cov-bencyc1129/61431742d474279c029d4463b7f3aad1/cov-bencyc1129/c1bd6555117b5a2c1c52789cc941a3da/macros.c
**** BEGIN FILE source file: /var/folders/fs/7lms62rj6gj_2s4fd9zzwfbc0000gn/T/cov-bencyc1129/61431742d474279c029d4463b7f3aad1/cov-bencyc1129/c1bd6555117b5a2c1c52789cc941a3da/macros.c
#ifdef __MINGW64__
__coverity_macro __MINGW64__
#else
__the_symbol_is_not_defined__
#endif
#ifdef __MINGW32__
__coverity_macro __MINGW32__
#else
__the_symbol_is_not_defined__
#endif

**** END source file ***
pipe_command: /usr/bin/gcc -E -U__BLOCKS__ -xc /var/folders/fs/7lms62rj6gj_2s4fd9zzwfbc0000gn/T/cov-bencyc1129/61431742d474279c029d4463b7f3aad1/cov-bencyc1129/c1bd6555117b5a2c1c52789cc941a3da/macros.c 
pipe_commands starting: /usr/bin/gcc -E -U__BLOCKS__ -xc /var/folders/fs/7lms62rj6gj_2s4fd9zzwfbc0000gn/T/cov-bencyc1129/61431742d474279c029d4463b7f3aad1/cov-bencyc1129/c1bd6555117b5a2c1c52789cc941a3da/macros.c 
**** BEGIN FILE output: /var/folders/fs/7lms62rj6gj_2s4fd9zzwfbc0000gn/T/cov-bencyc1129/61431742d474279c029d4463b7f3aad1/cov-bencyc1129/c1bd6555117b5a2c1c52789cc941a3da/pp_out
# 1 "/var/folders/fs/7lms62rj6gj_2s4fd9zzwfbc0000gn/T/cov-bencyc1129/61431742d474279c029d4463b7f3aad1/cov-bencyc1129/c1bd6555117b5a2c1c52789cc941a3da/macros.c"
# 1 "<built-in>" 1
# 1 "<built-in>" 3
# 370 "<built-in>" 3
# 1 "<command line>" 1
# 1 "<built-in>" 2
# 1 "/var/folders/fs/7lms62rj6gj_2s4fd9zzwfbc0000gn/T/cov-bencyc1129/61431742d474279c029d4463b7f3aad1/cov-bencyc1129/c1bd6555117b5a2c1c52789cc941a3da/macros.c" 2



__the_symbol_is_not_defined__




__the_symbol_is_not_defined__

**** END FILE output ***
**** BEGIN FILE error: 

**** END FILE error ***
**** END PROBE get_macros ****
[WARNING] Failed to infer target platform of compiler using macro probes. Falling back on default value.
**** END PROBE set_appropriate_target_platform ****
pipe_command: /usr/bin/gcc -c -print-sysroot 
pipe_commands starting: /usr/bin/gcc -c -print-sysroot 
Failed to get the default sysroot by running the command: /usr/bin/gcc -c -print-sysroot
**** BEGIN FILE source file: /var/folders/fs/7lms62rj6gj_2s4fd9zzwfbc0000gn/T/cov-bencyc1129/61431742d474279c029d4463b7f3aad1/cov-bencyc1129/c1bd6555117b5a2c1c52789cc941a3da/no_inline_keyword.c
int inline = 0;

**** END FILE source file ***
pipe_command: /usr/bin/gcc -c /var/folders/fs/7lms62rj6gj_2s4fd9zzwfbc0000gn/T/cov-bencyc1129/61431742d474279c029d4463b7f3aad1/cov-bencyc1129/c1bd6555117b5a2c1c52789cc941a3da/no_inline_keyword.c 
pipe_commands starting: /usr/bin/gcc -c /var/folders/fs/7lms62rj6gj_2s4fd9zzwfbc0000gn/T/cov-bencyc1129/61431742d474279c029d4463b7f3aad1/cov-bencyc1129/c1bd6555117b5a2c1c52789cc941a3da/no_inline_keyword.c 
**** BEGIN FILE stdout: 

**** END FILE stdout ***
**** BEGIN FILE stderr: 
/var/folders/fs/7lms62rj6gj_2s4fd9zzwfbc0000gn/T/cov-bencyc1129/61431742d474279c029d4463b7f3aad1/cov-bencyc1129/c1bd6555117b5a2c1c52789cc941a3da/no_inline_keyword.c:1:12: error: expected identifier or '('
int inline = 0;
           ^
1 error generated.

**** END FILE stderr ***
Test failed
**** BEGIN FILE source file: /var/folders/fs/7lms62rj6gj_2s4fd9zzwfbc0000gn/T/cov-bencyc1129/61431742d474279c029d4463b7f3aad1/cov-bencyc1129/c1bd6555117b5a2c1c52789cc941a3da/inline_keyword.c
inline void foo() { }

**** END FILE source file ***
pipe_command: /usr/bin/gcc -c /var/folders/fs/7lms62rj6gj_2s4fd9zzwfbc0000gn/T/cov-bencyc1129/61431742d474279c029d4463b7f3aad1/cov-bencyc1129/c1bd6555117b5a2c1c52789cc941a3da/inline_keyword.c 
pipe_commands starting: /usr/bin/gcc -c /var/folders/fs/7lms62rj6gj_2s4fd9zzwfbc0000gn/T/cov-bencyc1129/61431742d474279c029d4463b7f3aad1/cov-bencyc1129/c1bd6555117b5a2c1c52789cc941a3da/inline_keyword.c 
**** BEGIN FILE stdout: 

**** END FILE stdout ***
**** BEGIN FILE stderr: 

**** END FILE stderr ***
Test succeded
**** BEGIN PROBE add_appropriate_has_include_switch ****
**** BEGIN FILE source file: /var/folders/fs/7lms62rj6gj_2s4fd9zzwfbc0000gn/T/cov-bencyc1129/61431742d474279c029d4463b7f3aad1/cov-bencyc1129/c1bd6555117b5a2c1c52789cc941a3da/__has_include_pos.c
#ifdef __has_include
# if __has_include("whatever")
# endif
#else
#error
#endif


**** END FILE source file ***
pipe_command: /usr/bin/gcc -c /var/folders/fs/7lms62rj6gj_2s4fd9zzwfbc0000gn/T/cov-bencyc1129/61431742d474279c029d4463b7f3aad1/cov-bencyc1129/c1bd6555117b5a2c1c52789cc941a3da/__has_include_pos.c 
pipe_commands starting: /usr/bin/gcc -c /var/folders/fs/7lms62rj6gj_2s4fd9zzwfbc0000gn/T/cov-bencyc1129/61431742d474279c029d4463b7f3aad1/cov-bencyc1129/c1bd6555117b5a2c1c52789cc941a3da/__has_include_pos.c 
**** BEGIN FILE stdout: 

**** END FILE stdout ***
**** BEGIN FILE stderr: 

**** END FILE stderr ***
Test succeded
**** BEGIN FILE source file: /var/folders/fs/7lms62rj6gj_2s4fd9zzwfbc0000gn/T/cov-bencyc1129/61431742d474279c029d4463b7f3aad1/cov-bencyc1129/c1bd6555117b5a2c1c52789cc941a3da/__has_include_neg.c
#ifdef __has_include
#error
#else
#define __has_include int foo(void)
__has_include;
#endif


**** END FILE source file ***
pipe_command: /usr/bin/gcc -c /var/folders/fs/7lms62rj6gj_2s4fd9zzwfbc0000gn/T/cov-bencyc1129/61431742d474279c029d4463b7f3aad1/cov-bencyc1129/c1bd6555117b5a2c1c52789cc941a3da/__has_include_neg.c 
pipe_commands starting: /usr/bin/gcc -c /var/folders/fs/7lms62rj6gj_2s4fd9zzwfbc0000gn/T/cov-bencyc1129/61431742d474279c029d4463b7f3aad1/cov-bencyc1129/c1bd6555117b5a2c1c52789cc941a3da/__has_include_neg.c 
**** BEGIN FILE stdout: 

**** END FILE stdout ***
**** BEGIN FILE stderr: 
/var/folders/fs/7lms62rj6gj_2s4fd9zzwfbc0000gn/T/cov-bencyc1129/61431742d474279c029d4463b7f3aad1/cov-bencyc1129/c1bd6555117b5a2c1c52789cc941a3da/__has_include_neg.c:2:2: error: 
#error
 ^
1 error generated.

**** END FILE stderr ***
Test failed
**** END PROBE add_appropriate_has_include_switch ****
**** BEGIN PROBE add_appropriate_has_include_next_switch ****
**** BEGIN FILE source file: /var/folders/fs/7lms62rj6gj_2s4fd9zzwfbc0000gn/T/cov-bencyc1129/61431742d474279c029d4463b7f3aad1/cov-bencyc1129/c1bd6555117b5a2c1c52789cc941a3da/__has_include_next_pos.c
#ifdef __has_include_next
# if __has_include_next("whatever")
# endif
#else
#error
#endif


**** END FILE source file ***
pipe_command: /usr/bin/gcc -c /var/folders/fs/7lms62rj6gj_2s4fd9zzwfbc0000gn/T/cov-bencyc1129/61431742d474279c029d4463b7f3aad1/cov-bencyc1129/c1bd6555117b5a2c1c52789cc941a3da/__has_include_next_pos.c 
pipe_commands starting: /usr/bin/gcc -c /var/folders/fs/7lms62rj6gj_2s4fd9zzwfbc0000gn/T/cov-bencyc1129/61431742d474279c029d4463b7f3aad1/cov-bencyc1129/c1bd6555117b5a2c1c52789cc941a3da/__has_include_next_pos.c 
**** BEGIN FILE stdout: 

**** END FILE stdout ***
**** BEGIN FILE stderr: 
/var/folders/fs/7lms62rj6gj_2s4fd9zzwfbc0000gn/T/cov-bencyc1129/61431742d474279c029d4463b7f3aad1/cov-bencyc1129/c1bd6555117b5a2c1c52789cc941a3da/__has_include_next_pos.c:2:6: warning: #include_next in primary source file; will search from start of include path [-Winclude-next-outside-header]
# if __has_include_next("whatever")
     ^
1 warning generated.

**** END FILE stderr ***
Test succeded
**** BEGIN FILE source file: /var/folders/fs/7lms62rj6gj_2s4fd9zzwfbc0000gn/T/cov-bencyc1129/61431742d474279c029d4463b7f3aad1/cov-bencyc1129/c1bd6555117b5a2c1c52789cc941a3da/__has_include_next_neg.c
#ifdef __has_include_next
#error
#else
#define __has_include_next int foo(void)
__has_include_next;
#endif


**** END FILE source file ***
pipe_command: /usr/bin/gcc -c /var/folders/fs/7lms62rj6gj_2s4fd9zzwfbc0000gn/T/cov-bencyc1129/61431742d474279c029d4463b7f3aad1/cov-bencyc1129/c1bd6555117b5a2c1c52789cc941a3da/__has_include_next_neg.c 
pipe_commands starting: /usr/bin/gcc -c /var/folders/fs/7lms62rj6gj_2s4fd9zzwfbc0000gn/T/cov-bencyc1129/61431742d474279c029d4463b7f3aad1/cov-bencyc1129/c1bd6555117b5a2c1c52789cc941a3da/__has_include_next_neg.c 
**** BEGIN FILE stdout: 

**** END FILE stdout ***
**** BEGIN FILE stderr: 
/var/folders/fs/7lms62rj6gj_2s4fd9zzwfbc0000gn/T/cov-bencyc1129/61431742d474279c029d4463b7f3aad1/cov-bencyc1129/c1bd6555117b5a2c1c52789cc941a3da/__has_include_next_neg.c:2:2: error: 
#error
 ^
1 error generated.

**** END FILE stderr ***
Test failed
**** END PROBE add_appropriate_has_include_next_switch ****
**** BEGIN PROBE add_appropriate_has_cpp_attribute_switch ****
**** BEGIN FILE source file: /var/folders/fs/7lms62rj6gj_2s4fd9zzwfbc0000gn/T/cov-bencyc1129/61431742d474279c029d4463b7f3aad1/cov-bencyc1129/c1bd6555117b5a2c1c52789cc941a3da/__has_cpp_attribute_pos.c
#ifdef __has_cpp_attribute
# if __has_cpp_attribute(whatever)
# endif
#else
#error
#endif


**** END FILE source file ***
pipe_command: /usr/bin/gcc -c /var/folders/fs/7lms62rj6gj_2s4fd9zzwfbc0000gn/T/cov-bencyc1129/61431742d474279c029d4463b7f3aad1/cov-bencyc1129/c1bd6555117b5a2c1c52789cc941a3da/__has_cpp_attribute_pos.c 
pipe_commands starting: /usr/bin/gcc -c /var/folders/fs/7lms62rj6gj_2s4fd9zzwfbc0000gn/T/cov-bencyc1129/61431742d474279c029d4463b7f3aad1/cov-bencyc1129/c1bd6555117b5a2c1c52789cc941a3da/__has_cpp_attribute_pos.c 
**** BEGIN FILE stdout: 

**** END FILE stdout ***
**** BEGIN FILE stderr: 
/var/folders/fs/7lms62rj6gj_2s4fd9zzwfbc0000gn/T/cov-bencyc1129/61431742d474279c029d4463b7f3aad1/cov-bencyc1129/c1bd6555117b5a2c1c52789cc941a3da/__has_cpp_attribute_pos.c:5:2: error: 
#error
 ^
1 error generated.

**** END FILE stderr ***
Test failed
**** BEGIN FILE source file: /var/folders/fs/7lms62rj6gj_2s4fd9zzwfbc0000gn/T/cov-bencyc1129/61431742d474279c029d4463b7f3aad1/cov-bencyc1129/c1bd6555117b5a2c1c52789cc941a3da/__has_cpp_attribute_neg.c
#ifdef __has_cpp_attribute
#error
#else
#define __has_cpp_attribute int foo(void)
__has_cpp_attribute;
#endif


**** END FILE source file ***
pipe_command: /usr/bin/gcc -c /var/folders/fs/7lms62rj6gj_2s4fd9zzwfbc0000gn/T/cov-bencyc1129/61431742d474279c029d4463b7f3aad1/cov-bencyc1129/c1bd6555117b5a2c1c52789cc941a3da/__has_cpp_attribute_neg.c 
pipe_commands starting: /usr/bin/gcc -c /var/folders/fs/7lms62rj6gj_2s4fd9zzwfbc0000gn/T/cov-bencyc1129/61431742d474279c029d4463b7f3aad1/cov-bencyc1129/c1bd6555117b5a2c1c52789cc941a3da/__has_cpp_attribute_neg.c 
**** BEGIN FILE stdout: 

**** END FILE stdout ***
**** BEGIN FILE stderr: 

**** END FILE stderr ***
Test succeded
**** END PROBE add_appropriate_has_cpp_attribute_switch ****
**** BEGIN PROBE generate_function_like_macro_compat_header_if_necessary ****
**** BEGIN FILE source file: /var/folders/fs/7lms62rj6gj_2s4fd9zzwfbc0000gn/T/cov-bencyc1129/61431742d474279c029d4463b7f3aad1/cov-bencyc1129/c1bd6555117b5a2c1c52789cc941a3da/__has_builtin_pos.c
#ifdef __has_builtin
# if __has_builtin(arg)
# endif
#else
#error
#endif


**** END FILE source file ***
pipe_command: /usr/bin/gcc -c /var/folders/fs/7lms62rj6gj_2s4fd9zzwfbc0000gn/T/cov-bencyc1129/61431742d474279c029d4463b7f3aad1/cov-bencyc1129/c1bd6555117b5a2c1c52789cc941a3da/__has_builtin_pos.c 
pipe_commands starting: /usr/bin/gcc -c /var/folders/fs/7lms62rj6gj_2s4fd9zzwfbc0000gn/T/cov-bencyc1129/61431742d474279c029d4463b7f3aad1/cov-bencyc1129/c1bd6555117b5a2c1c52789cc941a3da/__has_builtin_pos.c 
**** BEGIN FILE stdout: 

**** END FILE stdout ***
**** BEGIN FILE stderr: 

**** END FILE stderr ***
Test succeded
**** BEGIN FILE source file: /var/folders/fs/7lms62rj6gj_2s4fd9zzwfbc0000gn/T/cov-bencyc1129/61431742d474279c029d4463b7f3aad1/cov-bencyc1129/c1bd6555117b5a2c1c52789cc941a3da/__has_builtin_neg.c
#ifdef __has_builtin
#error
#else
#define __has_builtin int foo(void)
__has_builtin;
#endif


**** END FILE source file ***
pipe_command: /usr/bin/gcc -c /var/folders/fs/7lms62rj6gj_2s4fd9zzwfbc0000gn/T/cov-bencyc1129/61431742d474279c029d4463b7f3aad1/cov-bencyc1129/c1bd6555117b5a2c1c52789cc941a3da/__has_builtin_neg.c 
pipe_commands starting: /usr/bin/gcc -c /var/folders/fs/7lms62rj6gj_2s4fd9zzwfbc0000gn/T/cov-bencyc1129/61431742d474279c029d4463b7f3aad1/cov-bencyc1129/c1bd6555117b5a2c1c52789cc941a3da/__has_builtin_neg.c 
**** BEGIN FILE stdout: 

**** END FILE stdout ***
**** BEGIN FILE stderr: 
/var/folders/fs/7lms62rj6gj_2s4fd9zzwfbc0000gn/T/cov-bencyc1129/61431742d474279c029d4463b7f3aad1/cov-bencyc1129/c1bd6555117b5a2c1c52789cc941a3da/__has_builtin_neg.c:2:2: error: 
#error
 ^
1 error generated.

**** END FILE stderr ***
Test failed
compiler_prober_t::make_abs_preproc_command
 cmd: /usr/bin/gcc
/usr/bin/gcc -E -U__BLOCKS__ -xc /var/folders/fs/7lms62rj6gj_2s4fd9zzwfbc0000gn/T/cov-bencyc1129/61431742d474279c029d4463b7f3aad1/cov-bencyc1129/c1bd6555117b5a2c1c52789cc941a3da/__has_builtin_values.c
**** BEGIN FILE source file: /var/folders/fs/7lms62rj6gj_2s4fd9zzwfbc0000gn/T/cov-bencyc1129/61431742d474279c029d4463b7f3aad1/cov-bencyc1129/c1bd6555117b5a2c1c52789cc941a3da/__has_builtin_values.c
__coverity___coverity_unrecognized_arg __has_builtin(__coverity_unrecognized_arg)
__coverity___builtin_bit_cast __has_builtin(__builtin_bit_cast)

**** END source file ***
pipe_command: /usr/bin/gcc -E -U__BLOCKS__ -xc /var/folders/fs/7lms62rj6gj_2s4fd9zzwfbc0000gn/T/cov-bencyc1129/61431742d474279c029d4463b7f3aad1/cov-bencyc1129/c1bd6555117b5a2c1c52789cc941a3da/__has_builtin_values.c 
pipe_commands starting: /usr/bin/gcc -E -U__BLOCKS__ -xc /var/folders/fs/7lms62rj6gj_2s4fd9zzwfbc0000gn/T/cov-bencyc1129/61431742d474279c029d4463b7f3aad1/cov-bencyc1129/c1bd6555117b5a2c1c52789cc941a3da/__has_builtin_values.c 
**** BEGIN FILE output: /var/folders/fs/7lms62rj6gj_2s4fd9zzwfbc0000gn/T/cov-bencyc1129/61431742d474279c029d4463b7f3aad1/cov-bencyc1129/c1bd6555117b5a2c1c52789cc941a3da/pp_out
# 1 "/var/folders/fs/7lms62rj6gj_2s4fd9zzwfbc0000gn/T/cov-bencyc1129/61431742d474279c029d4463b7f3aad1/cov-bencyc1129/c1bd6555117b5a2c1c52789cc941a3da/__has_builtin_values.c"
# 1 "<built-in>" 1
# 1 "<built-in>" 3
# 370 "<built-in>" 3
# 1 "<command line>" 1
# 1 "<built-in>" 2
# 1 "/var/folders/fs/7lms62rj6gj_2s4fd9zzwfbc0000gn/T/cov-bencyc1129/61431742d474279c029d4463b7f3aad1/cov-bencyc1129/c1bd6555117b5a2c1c52789cc941a3da/__has_builtin_values.c" 2
__coverity___coverity_unrecognized_arg 0
__coverity___builtin_bit_cast 1

**** END FILE output ***
**** BEGIN FILE error: 

**** END FILE error ***
**** END PROBE generate_function_like_macro_compat_header_if_necessary ****
run_comp_tests: no defined custom tests
**** BEGIN PROBE get_standard_includes ****
Dryrun command: /usr/bin/gcc -E -v /var/folders/fs/7lms62rj6gj_2s4fd9zzwfbc0000gn/T/cov-bencyc1129/61431742d474279c029d4463b7f3aad1/cov-bencyc1129/c1bd6555117b5a2c1c52789cc941a3da/empty.c
**** BEGIN FILE source file: /var/folders/fs/7lms62rj6gj_2s4fd9zzwfbc0000gn/T/cov-bencyc1129/61431742d474279c029d4463b7f3aad1/cov-bencyc1129/c1bd6555117b5a2c1c52789cc941a3da/empty.c

**** END source file ***
pipe_command: /usr/bin/gcc -E -v /var/folders/fs/7lms62rj6gj_2s4fd9zzwfbc0000gn/T/cov-bencyc1129/61431742d474279c029d4463b7f3aad1/cov-bencyc1129/c1bd6555117b5a2c1c52789cc941a3da/empty.c 
pipe_commands starting: /usr/bin/gcc -E -v /var/folders/fs/7lms62rj6gj_2s4fd9zzwfbc0000gn/T/cov-bencyc1129/61431742d474279c029d4463b7f3aad1/cov-bencyc1129/c1bd6555117b5a2c1c52789cc941a3da/empty.c 
**** BEGIN FILE output: /var/folders/fs/7lms62rj6gj_2s4fd9zzwfbc0000gn/T/cov-bencyc1129/61431742d474279c029d4463b7f3aad1/cov-bencyc1129/c1bd6555117b5a2c1c52789cc941a3da/empty.output
Apple clang version 13.1.6 (clang-1316.0.21.2.5)
Target: x86_64-apple-darwin21.6.0
Thread model: posix
InstalledDir: /Library/Developer/CommandLineTools/usr/bin
 "/Library/Developer/CommandLineTools/usr/bin/clang" -cc1 -triple x86_64-apple-macosx12.0.0 -Wundef-prefix=TARGET_OS_ -Wdeprecated-objc-isa-usage -Werror=deprecated-objc-isa-usage -Werror=implicit-function-declaration -E -disable-free -disable-llvm-verifier -discard-value-names -main-file-name empty.c -mrelocation-model pic -pic-level 2 -mframe-pointer=all -fno-strict-return -fno-rounding-math -munwind-tables -target-sdk-version=12.3 -fvisibility-inlines-hidden-static-local-var -target-cpu penryn -tune-cpu generic -debugger-tuning=lldb -target-linker-version 763 -v -resource-dir /Library/Developer/CommandLineTools/usr/lib/clang/13.1.6 -isysroot /Library/Developer/CommandLineTools/SDKs/MacOSX.sdk -I/usr/local/include -internal-isystem /Library/Developer/CommandLineTools/SDKs/MacOSX.sdk/usr/local/include -internal-isystem /Library/Developer/CommandLineTools/usr/lib/clang/13.1.6/include -internal-externc-isystem /Library/Developer/CommandLineTools/SDKs/MacOSX.sdk/usr/include -internal-externc-isystem /Library/Developer/CommandLineTools/usr/include -Wno-reorder-init-list -Wno-implicit-int-float-conversion -Wno-c99-designator -Wno-final-dtor-non-final-class -Wno-extra-semi-stmt -Wno-misleading-indentation -Wno-quoted-include-in-framework-header -Wno-implicit-fallthrough -Wno-enum-enum-conversion -Wno-enum-float-conversion -Wno-elaborated-enum-base -Wno-reserved-identifier -Wno-gnu-folding-constant -Wno-objc-load-method -fdebug-compilation-dir=/Users/bencyc1129/Desktop/test -ferror-limit 19 -stack-protector 1 -fstack-check -mdarwin-stkchk-strong-link -fblocks -fencode-extended-block-signature -fregister-global-dtors-with-atexit -fgnuc-version=4.2.1 -fmax-type-align=16 -fcommon -clang-vendor-feature=+messageToSelfInClassMethodIdReturnType -clang-vendor-feature=+disableInferNewAvailabilityFromInit -clang-vendor-feature=+disableNonDependentMemberExprInCurrentInstantiation -fno-odr-hash-protocols -clang-vendor-feature=+enableAggressiveVLAFolding -clang-vendor-feature=+revert09abecef7bbf -clang-vendor-feature=+thisNoAlignAttr -clang-vendor-feature=+thisNoNullAttr -mllvm -disable-aligned-alloc-awareness=1 -D__GCC_HAVE_DWARF2_CFI_ASM=1 -o - -x c /var/folders/fs/7lms62rj6gj_2s4fd9zzwfbc0000gn/T/cov-bencyc1129/61431742d474279c029d4463b7f3aad1/cov-bencyc1129/c1bd6555117b5a2c1c52789cc941a3da/empty.c
clang -cc1 version 13.1.6 (clang-1316.0.21.2.5) default target x86_64-apple-darwin21.6.0
ignoring nonexistent directory "/Library/Developer/CommandLineTools/SDKs/MacOSX.sdk/usr/local/include"
ignoring nonexistent directory "/Library/Developer/CommandLineTools/SDKs/MacOSX.sdk/Library/Frameworks"
#include "..." search starts here:
#include <...> search starts here:
 /usr/local/include
 /Library/Developer/CommandLineTools/usr/lib/clang/13.1.6/include
 /Library/Developer/CommandLineTools/SDKs/MacOSX.sdk/usr/include
 /Library/Developer/CommandLineTools/usr/include
 /Library/Developer/CommandLineTools/SDKs/MacOSX.sdk/System/Library/Frameworks (framework directory)
End of search list.

**** END FILE output ***
**** BEGIN FILE error: 
Apple clang version 13.1.6 (clang-1316.0.21.2.5)
Target: x86_64-apple-darwin21.6.0
Thread model: posix
InstalledDir: /Library/Developer/CommandLineTools/usr/bin
 "/Library/Developer/CommandLineTools/usr/bin/clang" -cc1 -triple x86_64-apple-macosx12.0.0 -Wundef-prefix=TARGET_OS_ -Wdeprecated-objc-isa-usage -Werror=deprecated-objc-isa-usage -Werror=implicit-function-declaration -E -disable-free -disable-llvm-verifier -discard-value-names -main-file-name empty.c -mrelocation-model pic -pic-level 2 -mframe-pointer=all -fno-strict-return -fno-rounding-math -munwind-tables -target-sdk-version=12.3 -fvisibility-inlines-hidden-static-local-var -target-cpu penryn -tune-cpu generic -debugger-tuning=lldb -target-linker-version 763 -v -resource-dir /Library/Developer/CommandLineTools/usr/lib/clang/13.1.6 -isysroot /Library/Developer/CommandLineTools/SDKs/MacOSX.sdk -I/usr/local/include -internal-isystem /Library/Developer/CommandLineTools/SDKs/MacOSX.sdk/usr/local/include -internal-isystem /Library/Developer/CommandLineTools/usr/lib/clang/13.1.6/include -internal-externc-isystem /Library/Developer/CommandLineTools/SDKs/MacOSX.sdk/usr/include -internal-externc-isystem /Library/Developer/CommandLineTools/usr/include -Wno-reorder-init-list -Wno-implicit-int-float-conversion -Wno-c99-designator -Wno-final-dtor-non-final-class -Wno-extra-semi-stmt -Wno-misleading-indentation -Wno-quoted-include-in-framework-header -Wno-implicit-fallthrough -Wno-enum-enum-conversion -Wno-enum-float-conversion -Wno-elaborated-enum-base -Wno-reserved-identifier -Wno-gnu-folding-constant -Wno-objc-load-method -fdebug-compilation-dir=/Users/bencyc1129/Desktop/test -ferror-limit 19 -stack-protector 1 -fstack-check -mdarwin-stkchk-strong-link -fblocks -fencode-extended-block-signature -fregister-global-dtors-with-atexit -fgnuc-version=4.2.1 -fmax-type-align=16 -fcommon -clang-vendor-feature=+messageToSelfInClassMethodIdReturnType -clang-vendor-feature=+disableInferNewAvailabilityFromInit -clang-vendor-feature=+disableNonDependentMemberExprInCurrentInstantiation -fno-odr-hash-protocols -clang-vendor-feature=+enableAggressiveVLAFolding -clang-vendor-feature=+revert09abecef7bbf -clang-vendor-feature=+thisNoAlignAttr -clang-vendor-feature=+thisNoNullAttr -mllvm -disable-aligned-alloc-awareness=1 -D__GCC_HAVE_DWARF2_CFI_ASM=1 -o - -x c /var/folders/fs/7lms62rj6gj_2s4fd9zzwfbc0000gn/T/cov-bencyc1129/61431742d474279c029d4463b7f3aad1/cov-bencyc1129/c1bd6555117b5a2c1c52789cc941a3da/empty.c
clang -cc1 version 13.1.6 (clang-1316.0.21.2.5) default target x86_64-apple-darwin21.6.0
ignoring nonexistent directory "/Library/Developer/CommandLineTools/SDKs/MacOSX.sdk/usr/local/include"
ignoring nonexistent directory "/Library/Developer/CommandLineTools/SDKs/MacOSX.sdk/Library/Frameworks"
#include "..." search starts here:
#include <...> search starts here:
 /usr/local/include
 /Library/Developer/CommandLineTools/usr/lib/clang/13.1.6/include
 /Library/Developer/CommandLineTools/SDKs/MacOSX.sdk/usr/include
 /Library/Developer/CommandLineTools/usr/include
 /Library/Developer/CommandLineTools/SDKs/MacOSX.sdk/System/Library/Frameworks (framework directory)
End of search list.

**** END FILE error ***
Dryrun gcc found sys include path: /usr/local/include
Dryrun gcc found sys include path: /Library/Developer/CommandLineTools/usr/lib/clang/13.1.6/include
Dryrun gcc found sys include path: /Library/Developer/CommandLineTools/SDKs/MacOSX.sdk/usr/include
Dryrun gcc found sys include path: /Library/Developer/CommandLineTools/usr/include
Dryrun gcc found sys include path: /Library/Developer/CommandLineTools/SDKs/MacOSX.sdk/System/Library/Frameworks (framework directory)
Dryrun gcc headers found: 5
**** END PROBE get_standard_includes ****
compiler_prober_t::make_abs_preproc_command
 cmd: /usr/bin/gcc
/usr/bin/gcc -dM -E /var/folders/fs/7lms62rj6gj_2s4fd9zzwfbc0000gn/T/cov-bencyc1129/61431742d474279c029d4463b7f3aad1/cov-bencyc1129/c1bd6555117b5a2c1c52789cc941a3da/empty.c
**** BEGIN FILE source file: /var/folders/fs/7lms62rj6gj_2s4fd9zzwfbc0000gn/T/cov-bencyc1129/61431742d474279c029d4463b7f3aad1/cov-bencyc1129/c1bd6555117b5a2c1c52789cc941a3da/empty.c


**** END source file ***
pipe_command: /usr/bin/gcc -dM -E /var/folders/fs/7lms62rj6gj_2s4fd9zzwfbc0000gn/T/cov-bencyc1129/61431742d474279c029d4463b7f3aad1/cov-bencyc1129/c1bd6555117b5a2c1c52789cc941a3da/empty.c 
pipe_commands starting: /usr/bin/gcc -dM -E /var/folders/fs/7lms62rj6gj_2s4fd9zzwfbc0000gn/T/cov-bencyc1129/61431742d474279c029d4463b7f3aad1/cov-bencyc1129/c1bd6555117b5a2c1c52789cc941a3da/empty.c 
**** BEGIN FILE output: /var/folders/fs/7lms62rj6gj_2s4fd9zzwfbc0000gn/T/cov-bencyc1129/61431742d474279c029d4463b7f3aad1/cov-bencyc1129/c1bd6555117b5a2c1c52789cc941a3da/empty.output
#define _LP64 1
#define __APPLE_CC__ 6000
#define __APPLE__ 1
#define __ATOMIC_ACQUIRE 2
#define __ATOMIC_ACQ_REL 4
#define __ATOMIC_CONSUME 1
#define __ATOMIC_RELAXED 0
#define __ATOMIC_RELEASE 3
#define __ATOMIC_SEQ_CST 5
#define __BIGGEST_ALIGNMENT__ 16
#define __BLOCKS__ 1
#define __BYTE_ORDER__ __ORDER_LITTLE_ENDIAN__
#define __CHAR16_TYPE__ unsigned short
#define __CHAR32_TYPE__ unsigned int
#define __CHAR_BIT__ 8
#define __CLANG_ATOMIC_BOOL_LOCK_FREE 2
#define __CLANG_ATOMIC_CHAR16_T_LOCK_FREE 2
#define __CLANG_ATOMIC_CHAR32_T_LOCK_FREE 2
#define __CLANG_ATOMIC_CHAR_LOCK_FREE 2
#define __CLANG_ATOMIC_INT_LOCK_FREE 2
#define __CLANG_ATOMIC_LLONG_LOCK_FREE 2
#define __CLANG_ATOMIC_LONG_LOCK_FREE 2
#define __CLANG_ATOMIC_POINTER_LOCK_FREE 2
#define __CLANG_ATOMIC_SHORT_LOCK_FREE 2
#define __CLANG_ATOMIC_WCHAR_T_LOCK_FREE 2
#define __CONSTANT_CFSTRINGS__ 1
#define __DBL_DECIMAL_DIG__ 17
#define __DBL_DENORM_MIN__ 4.9406564584124654e-324
#define __DBL_DIG__ 15
#define __DBL_EPSILON__ 2.2204460492503131e-16
#define __DBL_HAS_DENORM__ 1
#define __DBL_HAS_INFINITY__ 1
#define __DBL_HAS_QUIET_NAN__ 1
#define __DBL_MANT_DIG__ 53
#define __DBL_MAX_10_EXP__ 308
#define __DBL_MAX_EXP__ 1024
#define __DBL_MAX__ 1.7976931348623157e+308
#define __DBL_MIN_10_EXP__ (-307)
#define __DBL_MIN_EXP__ (-1021)
#define __DBL_MIN__ 2.2250738585072014e-308
#define __DECIMAL_DIG__ __LDBL_DECIMAL_DIG__
#define __DYNAMIC__ 1
#define __ENVIRONMENT_MAC_OS_X_VERSION_MIN_REQUIRED__ 120000
#define __ENVIRONMENT_OS_VERSION_MIN_REQUIRED__ 120000
#define __FINITE_MATH_ONLY__ 0
#define __FLT16_DECIMAL_DIG__ 5
#define __FLT16_DENORM_MIN__ 5.9604644775390625e-8F16
#define __FLT16_DIG__ 3
#define __FLT16_EPSILON__ 9.765625e-4F16
#define __FLT16_HAS_DENORM__ 1
#define __FLT16_HAS_INFINITY__ 1
#define __FLT16_HAS_QUIET_NAN__ 1
#define __FLT16_MANT_DIG__ 11
#define __FLT16_MAX_10_EXP__ 4
#define __FLT16_MAX_EXP__ 16
#define __FLT16_MAX__ 6.5504e+4F16
#define __FLT16_MIN_10_EXP__ (-4)
#define __FLT16_MIN_EXP__ (-13)
#define __FLT16_MIN__ 6.103515625e-5F16
#define __FLT_DECIMAL_DIG__ 9
#define __FLT_DENORM_MIN__ 1.40129846e-45F
#define __FLT_DIG__ 6
#define __FLT_EPSILON__ 1.19209290e-7F
#define __FLT_EVAL_METHOD__ 0
#define __FLT_HAS_DENORM__ 1
#define __FLT_HAS_INFINITY__ 1
#define __FLT_HAS_QUIET_NAN__ 1
#define __FLT_MANT_DIG__ 24
#define __FLT_MAX_10_EXP__ 38
#define __FLT_MAX_EXP__ 128
#define __FLT_MAX__ 3.40282347e+38F
#define __FLT_MIN_10_EXP__ (-37)
#define __FLT_MIN_EXP__ (-125)
#define __FLT_MIN__ 1.17549435e-38F
#define __FLT_RADIX__ 2
#define __FXSR__ 1
#define __GCC_ASM_FLAG_OUTPUTS__ 1
#define __GCC_ATOMIC_BOOL_LOCK_FREE 2
#define __GCC_ATOMIC_CHAR16_T_LOCK_FREE 2
#define __GCC_ATOMIC_CHAR32_T_LOCK_FREE 2
#define __GCC_ATOMIC_CHAR_LOCK_FREE 2
#define __GCC_ATOMIC_INT_LOCK_FREE 2
#define __GCC_ATOMIC_LLONG_LOCK_FREE 2
#define __GCC_ATOMIC_LONG_LOCK_FREE 2
#define __GCC_ATOMIC_POINTER_LOCK_FREE 2
#define __GCC_ATOMIC_SHORT_LOCK_FREE 2
#define __GCC_ATOMIC_TEST_AND_SET_TRUEVAL 1
#define __GCC_ATOMIC_WCHAR_T_LOCK_FREE 2
#define __GCC_HAVE_DWARF2_CFI_ASM 1
#define __GCC_HAVE_SYNC_COMPARE_AND_SWAP_1 1
#define __GCC_HAVE_SYNC_COMPARE_AND_SWAP_16 1
#define __GCC_HAVE_SYNC_COMPARE_AND_SWAP_2 1
#define __GCC_HAVE_SYNC_COMPARE_AND_SWAP_4 1
#define __GCC_HAVE_SYNC_COMPARE_AND_SWAP_8 1
#define __GNUC_MINOR__ 2
#define __GNUC_PATCHLEVEL__ 1
#define __GNUC_STDC_INLINE__ 1
#define __GNUC__ 4
#define __GXX_ABI_VERSION 1002
#define __INT16_C_SUFFIX__ 
#define __INT16_FMTd__ "hd"
#define __INT16_FMTi__ "hi"
#define __INT16_MAX__ 32767
#define __INT16_TYPE__ short
#define __INT32_C_SUFFIX__ 
#define __INT32_FMTd__ "d"
#define __INT32_FMTi__ "i"
#define __INT32_MAX__ 2147483647
#define __INT32_TYPE__ int
#define __INT64_C_SUFFIX__ LL
#define __INT64_FMTd__ "lld"
#define __INT64_FMTi__ "lli"
#define __INT64_MAX__ 9223372036854775807LL
#define __INT64_TYPE__ long long int
#define __INT8_C_SUFFIX__ 
#define __INT8_FMTd__ "hhd"
#define __INT8_FMTi__ "hhi"
#define __INT8_MAX__ 127
#define __INT8_TYPE__ signed char
#define __INTMAX_C_SUFFIX__ L
#define __INTMAX_FMTd__ "ld

 <truncated>

nsigned short
#define __UINT32_C_SUFFIX__ U
#define __UINT32_FMTX__ "X"
#define __UINT32_FMTo__ "o"
#define __UINT32_FMTu__ "u"
#define __UINT32_FMTx__ "x"
#define __UINT32_MAX__ 4294967295U
#define __UINT32_TYPE__ unsigned int
#define __UINT64_C_SUFFIX__ ULL
#define __UINT64_FMTX__ "llX"
#define __UINT64_FMTo__ "llo"
#define __UINT64_FMTu__ "llu"
#define __UINT64_FMTx__ "llx"
#define __UINT64_MAX__ 18446744073709551615ULL
#define __UINT64_TYPE__ long long unsigned int
#define __UINT8_C_SUFFIX__ 
#define __UINT8_FMTX__ "hhX"
#define __UINT8_FMTo__ "hho"
#define __UINT8_FMTu__ "hhu"
#define __UINT8_FMTx__ "hhx"
#define __UINT8_MAX__ 255
#define __UINT8_TYPE__ unsigned char
#define __UINTMAX_C_SUFFIX__ UL
#define __UINTMAX_FMTX__ "lX"
#define __UINTMAX_FMTo__ "lo"
#define __UINTMAX_FMTu__ "lu"
#define __UINTMAX_FMTx__ "lx"
#define __UINTMAX_MAX__ 18446744073709551615UL
#define __UINTMAX_TYPE__ long unsigned int
#define __UINTMAX_WIDTH__ 64
#define __UINTPTR_FMTX__ "lX"
#define __UINTPTR_FMTo__ "lo"
#define __UINTPTR_FMTu__ "lu"
#define __UINTPTR_FMTx__ "lx"
#define __UINTPTR_MAX__ 18446744073709551615UL
#define __UINTPTR_TYPE__ long unsigned int
#define __UINTPTR_WIDTH__ 64
#define __UINT_FAST16_FMTX__ "hX"
#define __UINT_FAST16_FMTo__ "ho"
#define __UINT_FAST16_FMTu__ "hu"
#define __UINT_FAST16_FMTx__ "hx"
#define __UINT_FAST16_MAX__ 65535
#define __UINT_FAST16_TYPE__ unsigned short
#define __UINT_FAST32_FMTX__ "X"
#define __UINT_FAST32_FMTo__ "o"
#define __UINT_FAST32_FMTu__ "u"
#define __UINT_FAST32_FMTx__ "x"
#define __UINT_FAST32_MAX__ 4294967295U
#define __UINT_FAST32_TYPE__ unsigned int
#define __UINT_FAST64_FMTX__ "llX"
#define __UINT_FAST64_FMTo__ "llo"
#define __UINT_FAST64_FMTu__ "llu"
#define __UINT_FAST64_FMTx__ "llx"
#define __UINT_FAST64_MAX__ 18446744073709551615ULL
#define __UINT_FAST64_TYPE__ long long unsigned int
#define __UINT_FAST8_FMTX__ "hhX"
#define __UINT_FAST8_FMTo__ "hho"
#define __UINT_FAST8_FMTu__ "hhu"
#define __UINT_FAST8_FMTx__ "hhx"
#define __UINT_FAST8_MAX__ 255
#define __UINT_FAST8_TYPE__ unsigned char
#define __UINT_LEAST16_FMTX__ "hX"
#define __UINT_LEAST16_FMTo__ "ho"
#define __UINT_LEAST16_FMTu__ "hu"
#define __UINT_LEAST16_FMTx__ "hx"
#define __UINT_LEAST16_MAX__ 65535
#define __UINT_LEAST16_TYPE__ unsigned short
#define __UINT_LEAST32_FMTX__ "X"
#define __UINT_LEAST32_FMTo__ "o"
#define __UINT_LEAST32_FMTu__ "u"
#define __UINT_LEAST32_FMTx__ "x"
#define __UINT_LEAST32_MAX__ 4294967295U
#define __UINT_LEAST32_TYPE__ unsigned int
#define __UINT_LEAST64_FMTX__ "llX"
#define __UINT_LEAST64_FMTo__ "llo"
#define __UINT_LEAST64_FMTu__ "llu"
#define __UINT_LEAST64_FMTx__ "llx"
#define __UINT_LEAST64_MAX__ 18446744073709551615ULL
#define __UINT_LEAST64_TYPE__ long long unsigned int
#define __UINT_LEAST8_FMTX__ "hhX"
#define __UINT_LEAST8_FMTo__ "hho"
#define __UINT_LEAST8_FMTu__ "hhu"
#define __UINT_LEAST8_FMTx__ "hhx"
#define __UINT_LEAST8_MAX__ 255
#define __UINT_LEAST8_TYPE__ unsigned char
#define __USER_LABEL_PREFIX__ _
#define __VERSION__ "Apple LLVM 13.1.6 (clang-1316.0.21.2.5)"
#define __WCHAR_MAX__ 2147483647
#define __WCHAR_TYPE__ int
#define __WCHAR_WIDTH__ 32
#define __WINT_MAX__ 2147483647
#define __WINT_TYPE__ int
#define __WINT_WIDTH__ 32
#define __amd64 1
#define __amd64__ 1
#define __apple_build_version__ 13160021
#define __block __attribute__((__blocks__(byref)))
#define __clang__ 1
#define __clang_literal_encoding__ "UTF-8"
#define __clang_major__ 13
#define __clang_minor__ 1
#define __clang_patchlevel__ 6
#define __clang_version__ "13.1.6 (clang-1316.0.21.2.5)"
#define __clang_wide_literal_encoding__ "UTF-32"
#define __code_model_small__ 1
#define __core2 1
#define __core2__ 1
#define __llvm__ 1
#define __nonnull _Nonnull
#define __null_unspecified _Null_unspecified
#define __nullable _Nullable
#define __pic__ 2
#define __seg_fs __attribute__((address_space(257)))
#define __seg_gs __attribute__((address_space(256)))
#define __strong 
#define __tune_core2__ 1
#define __unsafe_unretained 
#define __weak __attribute__((objc_gc(weak)))
#define __x86_64 1
#define __x86_64__ 1

**** END FILE output ***
**** BEGIN FILE error: 

**** END FILE error ***
Looking for macros in standard headers. This can take a long time.
Searching for macros in dir: /usr/local/include
Searching for macros in dir: /Library/Developer/CommandLineTools/usr/lib/clang/13.1.6/include
Searching for macros in dir: /Library/Developer/CommandLineTools/SDKs/MacOSX.sdk/usr/include
Searching for macros in dir: /Library/Developer/CommandLineTools/usr/include
**** BEGIN PROBE get_macros ****
[STATUS] gcc-config-0: Retrieving values for macros
compiler_prober_t::make_abs_preproc_command
 cmd: /usr/bin/gcc
/usr/bin/gcc -E -U__BLOCKS__ -xc /var/folders/fs/7lms62rj6gj_2s4fd9zzwfbc0000gn/T/cov-bencyc1129/61431742d474279c029d4463b7f3aad1/cov-bencyc1129/c1bd6555117b5a2c1c52789cc941a3da/macros.c
**** BEGIN FILE source file: /var/folders/fs/7lms62rj6gj_2s4fd9zzwfbc0000gn/T/cov-bencyc1129/61431742d474279c029d4463b7f3aad1/cov-bencyc1129/c1bd6555117b5a2c1c52789cc941a3da/macros.c
#ifdef A
__coverity_macro A
#else
__the_symbol_is_not_defined__
#endif
#ifdef AAAA
__coverity_macro AAAA
#else
__the_symbol_is_not_defined__
#endif
#ifdef ABDAY_1
__coverity_macro ABDAY_1
#else
__the_symbol_is_not_defined__
#endif
#ifdef ABDAY_2
__coverity_macro ABDAY_2
#else
__the_symbol_is_not_defined__
#endif
#ifdef ABDAY_3
__coverity_macro ABDAY_3
#else
__the_symbol_is_not_defined__
#endif
#ifdef ABDAY_4
__coverity_macro ABDAY_4
#else
__the_symbol_is_not_defined__
#endif
#ifdef ABDAY_5
__coverity_macro ABDAY_5
#else
__the_symbol_is_not_defined__
#endif
#ifdef ABDAY_6
__coverity_macro ABDAY_6
#else
__the_symbol_is_not_defined__
#endif
#ifdef ABDAY_7
__coverity_macro ABDAY_7
#else
__the_symbol_is_not_defined__
#endif
#ifdef ABMON_1
__coverity_macro ABMON_1
#else
__the_symbol_is_not_defined__
#endif
#ifdef ABMON_10
__coverity_macro ABMON_10
#else
__the_symbol_is_not_defined__
#endif
#ifdef ABMON_11
__coverity_macro ABMON_11
#else
__the_symbol_is_not_defined__
#endif
#ifdef ABMON_12
__coverity_macro ABMON_12
#else
__the_symbol_is_not_defined__
#endif
#ifdef ABMON_2
__coverity_macro ABMON_2
#else
__the_symbol_is_not_defined__
#endif
#ifdef ABMON_3
__coverity_macro ABMON_3
#else
__the_symbol_is_not_defined__
#endif
#ifdef ABMON_4
__coverity_macro ABMON_4
#else
__the_symbol_is_not_defined__
#endif
#ifdef ABMON_5
__coverity_macro ABMON_5
#else
__the_symbol_is_not_defined__
#endif
#ifdef ABMON_6
__coverity_macro ABMON_6
#else
__the_symbol_is_not_defined__
#endif
#ifdef ABMON_7
__coverity_macro ABMON_7
#else
__the_symbol_is_not_defined__
#endif
#ifdef ABMON_8
__coverity_macro ABMON_8
#else
__the_symbol_is_not_defined__
#endif
#ifdef ABMON_9
__coverity_macro ABMON_9
#else
__the_symbol_is_not_defined__
#endif
#ifdef ABSENT_BOOLEAN
__coverity_macro ABSENT_BOOLEAN
#else
__the_symbol_is_not_defined__
#endif
#ifdef ABSENT_NUMERIC
__coverity_macro ABSENT_NUMERIC
#else
__the_symbol_is_not_defined__
#endif
#ifdef ABSENT_STRING
__coverity_macro ABSENT_STRING
#else
__the_symbol_is_not_defined__
#endif
#ifdef ACCESSOR_CALLS_ARE_FUNCTIONS
__coverity_macro ACCESSOR_CALLS_ARE_FUNCTIONS
#else
__the_symbol_is_not_defined__
#endif
#ifdef ACCOUNTING
__coverity_macro ACCOUNTING
#else
__the_symbol_is_not_defined__
#endif
#ifdef ACS_BBSS
__coverity_macro ACS_BBSS
#else
__the_symbol_is_not_defined__
#endif
#ifdef ACS_BLOCK
__coverity_macro ACS_BLOCK
#else
__the_symbol_is_not_defined__
#endif
#ifdef ACS_BOARD
__coverity_macro ACS_BOARD
#else
__the_symbol_is_not_defined__
#endif
#ifdef ACS_BSBS
__coverity_macro ACS_BSBS
#else
__the_symbol_is_not_defined__
#endif
#ifdef ACS_BSSB
__coverity_macro ACS_BSSB
#else
__the_symbol_is_not_defined__
#endif
#ifdef ACS_BSSS
__coverity_macro ACS_BSSS
#else
__the_symbol_is_not_defined__
#endif
#ifdef ACS_BTEE
__coverity_macro ACS_BTEE
#else
__the_symbol_is_not_defined__
#endif
#ifdef ACS_BULLET
__coverity_macro ACS_BULLET
#else
__the_symbol_is_not_defined__
#endif
#ifdef ACS_CKBOARD
__coverity_macro ACS_CKBOARD
#else
__the_symbol_is_not_defined__
#endif
#ifdef ACS_DARROW
__coverity_macro ACS_DARROW
#else
__the_symbol_is_not_defined__
#endif
#ifdef ACS_DEGREE
__coverity_macro ACS_DEGREE
#else
__the_symbol_is_not_defined__
#endif
#ifdef ACS_DIAMOND
__coverity_macro ACS_DIAMOND
#else
__the_symbol_is_not_defined__
#endif
#ifdef ACS_GEQUAL
__coverity_macro ACS_GEQUAL
#else
__the_symbol_is_not_defined__
#endif
#ifdef ACS_HLINE
__coverity_macro ACS_HLINE
#else
__the_symbol_is_not_defined__
#endif
#ifdef ACS_LANTERN
__coverity_macro ACS_LANTERN
#else
__the_symbol_is_not_defined__
#endif
#ifdef ACS_LARROW
__coverity_macro ACS_LARROW
#else
__the_symbol_is_not_defined__
#endif
#ifdef ACS_LEQUAL
__coverity_macro ACS_LEQUAL
#else
__the_symbol_is_not_defined__
#endif
#ifdef ACS_LLCORNER
__coverity_macro ACS_LLCORNER
#else
__the_symbol_is_not_defined__
#endif
#ifdef ACS_LRCORNER
__coverity_macro ACS_LRCORNER
#else
__the_symbol_is_not_defined__
#endif
#ifdef ACS_LTEE
__coverity_macro ACS_LTEE
#else
__the_symbol_is_not_defined__
#endif
#ifdef ACS_NEQUAL
__coverity_macro ACS_NEQUAL
#else
__the_symbol_is_not_defined__
#endif
#ifdef AC

 <truncated>

nflateSync
#else
__the_symbol_is_not_defined__
#endif
#ifdef z_inflateSyncPoint
__coverity_macro z_inflateSyncPoint
#else
__the_symbol_is_not_defined__
#endif
#ifdef z_inflateUndermine
__coverity_macro z_inflateUndermine
#else
__the_symbol_is_not_defined__
#endif
#ifdef z_inflateValidate
__coverity_macro z_inflateValidate
#else
__the_symbol_is_not_defined__
#endif
#ifdef z_inflate_copyright
__coverity_macro z_inflate_copyright
#else
__the_symbol_is_not_defined__
#endif
#ifdef z_inflate_fast
__coverity_macro z_inflate_fast
#else
__the_symbol_is_not_defined__
#endif
#ifdef z_inflate_table
__coverity_macro z_inflate_table
#else
__the_symbol_is_not_defined__
#endif
#ifdef z_internal_state
__coverity_macro z_internal_state
#else
__the_symbol_is_not_defined__
#endif
#ifdef z_intf
__coverity_macro z_intf
#else
__the_symbol_is_not_defined__
#endif
#ifdef z_longlong
__coverity_macro z_longlong
#else
__the_symbol_is_not_defined__
#endif
#ifdef z_off64_t
__coverity_macro z_off64_t
#else
__the_symbol_is_not_defined__
#endif
#ifdef z_off_t
__coverity_macro z_off_t
#else
__the_symbol_is_not_defined__
#endif
#ifdef z_out_func
__coverity_macro z_out_func
#else
__the_symbol_is_not_defined__
#endif
#ifdef z_size_t
__coverity_macro z_size_t
#else
__the_symbol_is_not_defined__
#endif
#ifdef z_stream
__coverity_macro z_stream
#else
__the_symbol_is_not_defined__
#endif
#ifdef z_stream_s
__coverity_macro z_stream_s
#else
__the_symbol_is_not_defined__
#endif
#ifdef z_streamp
__coverity_macro z_streamp
#else
__the_symbol_is_not_defined__
#endif
#ifdef z_uInt
__coverity_macro z_uInt
#else
__the_symbol_is_not_defined__
#endif
#ifdef z_uIntf
__coverity_macro z_uIntf
#else
__the_symbol_is_not_defined__
#endif
#ifdef z_uLong
__coverity_macro z_uLong
#else
__the_symbol_is_not_defined__
#endif
#ifdef z_uLongf
__coverity_macro z_uLongf
#else
__the_symbol_is_not_defined__
#endif
#ifdef z_uncompress
__coverity_macro z_uncompress
#else
__the_symbol_is_not_defined__
#endif
#ifdef z_uncompress2
__coverity_macro z_uncompress2
#else
__the_symbol_is_not_defined__
#endif
#ifdef z_voidp
__coverity_macro z_voidp
#else
__the_symbol_is_not_defined__
#endif
#ifdef z_voidpc
__coverity_macro z_voidpc
#else
__the_symbol_is_not_defined__
#endif
#ifdef z_voidpf
__coverity_macro z_voidpf
#else
__the_symbol_is_not_defined__
#endif
#ifdef z_zError
__coverity_macro z_zError
#else
__the_symbol_is_not_defined__
#endif
#ifdef z_zcalloc
__coverity_macro z_zcalloc
#else
__the_symbol_is_not_defined__
#endif
#ifdef z_zcfree
__coverity_macro z_zcfree
#else
__the_symbol_is_not_defined__
#endif
#ifdef z_zlibCompileFlags
__coverity_macro z_zlibCompileFlags
#else
__the_symbol_is_not_defined__
#endif
#ifdef z_zlibVersion
__coverity_macro z_zlibVersion
#else
__the_symbol_is_not_defined__
#endif
#ifdef zalloc
__coverity_macro zalloc
#else
__the_symbol_is_not_defined__
#endif
#ifdef zc
__coverity_macro zc
#else
__the_symbol_is_not_defined__
#endif
#ifdef zcalloc
__coverity_macro zcalloc
#else
__the_symbol_is_not_defined__
#endif
#ifdef zcfree
__coverity_macro zcfree
#else
__the_symbol_is_not_defined__
#endif
#ifdef zcs
__coverity_macro zcs
#else
__the_symbol_is_not_defined__
#endif
#ifdef zds
__coverity_macro zds
#else
__the_symbol_is_not_defined__
#endif
#ifdef zero
__coverity_macro zero
#else
__the_symbol_is_not_defined__
#endif
#ifdef zero_motion
__coverity_macro zero_motion
#else
__the_symbol_is_not_defined__
#endif
#ifdef zero_p
__coverity_macro zero_p
#else
__the_symbol_is_not_defined__
#endif
#ifdef zfhPtr
__coverity_macro zfhPtr
#else
__the_symbol_is_not_defined__
#endif
#ifdef zfree
__coverity_macro zfree
#else
__the_symbol_is_not_defined__
#endif
#ifdef zlibCompileFlags
__coverity_macro zlibCompileFlags
#else
__the_symbol_is_not_defined__
#endif
#ifdef zlibVersion
__coverity_macro zlibVersion
#else
__the_symbol_is_not_defined__
#endif
#ifdef zlib_version
__coverity_macro zlib_version
#else
__the_symbol_is_not_defined__
#endif
#ifdef zoomX
__coverity_macro zoomX
#else
__the_symbol_is_not_defined__
#endif
#ifdef zoomY
__coverity_macro zoomY
#else
__the_symbol_is_not_defined__
#endif

**** END source file ***
pipe_command: /usr/bin/gcc -E -U__BLOCKS__ -xc /var/folders/fs/7lms62rj6gj_2s4fd9zzwfbc0000gn/T/cov-bencyc1129/61431742d474279c029d4463b7f3aad1/cov-bencyc1129/c1bd6555117b5a2c1c52789cc941a3da/macros.c 
pipe_commands starting: /usr/bin/gcc -E -U__BLOCKS__ -xc /var/folders/fs/7lms62rj6gj_2s4fd9zzwfbc0000gn/T/cov-bencyc1129/61431742d474279c029d4463b7f3aad1/cov-bencyc1129/c1bd6555117b5a2c1c52789cc941a3da/macros.c 
**** BEGIN FILE output: /var/folders/fs/7lms62rj6gj_2s4fd9zzwfbc0000gn/T/cov-bencyc1129/61431742d474279c029d4463b7f3aad1/cov-bencyc1129/c1bd6555117b5a2c1c52789cc941a3da/pp_out
# 1 "/var/folders/fs/7lms62rj6gj_2s4fd9zzwfbc0000gn/T/cov-bencyc1129/61431742d474279c029d4463b7f3aad1/cov-bencyc1129/c1bd6555117b5a2c1c52789cc941a3da/macros.c"
# 1 "<built-in>" 1
# 1 "<built-in>" 3
# 370 "<built-in>" 3
# 1 "<command line>" 1
# 1 "<built-in>" 2
# 1 "/var/folders/fs/7lms62rj6gj_2s4fd9zzwfbc0000gn/T/cov-bencyc1129/61431742d474279c029d4463b7f3aad1/cov-bencyc1129/c1bd6555117b5a2c1c52789cc941a3da/macros.c" 2



__the_symbol_is_not_defined__




__the_symbol_is_not_defined__




__the_symbol_is_not_defined__




__the_symbol_is_not_defined__




__the_symbol_is_not_defined__




__the_symbol_is_not_defined__




__the_symbol_is_not_defined__




__the_symbol_is_not_defined__




__the_symbol_is_not_defined__




__the_symbol_is_not_defined__




__the_symbol_is_not_defined__




__the_symbol_is_not_defined__




__the_symbol_is_not_defined__




__the_symbol_is_not_defined__




__the_symbol_is_not_defined__




__the_symbol_is_not_defined__




__the_symbol_is_not_defined__




__the_symbol_is_not_defined__




__the_symbol_is_not_defined__




__the_symbol_is_not_defined__




__the_symbol_is_not_defined__




__the_symbol_is_not_defined__




__the_symbol_is_not_defined__




__the_symbol_is_not_defined__




__the_symbol_is_not_defined__




__the_symbol_is_not_defined__




__the_symbol_is_not_defined__




__the_symbol_is_not_defined__




__the_symbol_is_not_defined__




__the_symbol_is_not_defined__




__the_symbol_is_not_defined__




__the_symbol_is_not_defined__




__the_symbol_is_not_defined__




__the_symbol_is_not_defined__




__the_symbol_is_not_defined__




__the_symbol_is_not_defined__




__the_symbol_is_not_defined__




__the_symbol_is_not_defined__




__the_symbol_is_not_defined__




__the_symbol_is_not_defined__




__the_symbol_is_not_defined__




__the_symbol_is_not_defined__




__the_symbol_is_not_defined__




__the_symbol_is_not_defined__




__the_symbol_is_not_defined__




__the_symbol_is_not_defined__




__the_symbol_is_not_defined__




__the_symbol_is_not_defined__




__the_symbol_is_not_defined__




__the_symbol_is_not_defined__




__the_symbol_is_not_defined__




__the_symbol_is_not_defined__




__the_symbol_is_not_defined__




__the_symbol_is_not_defined__




__the_symbol_is_not_defined__




__the_symbol_is_not_defined__




__the_symbol_is_not_defined__




__the_symbol_is_not_defined__




__the_symbol_is_not_defined__




__the_symbol_is_not_defined__




__the_symbol_is_not_defined__




__the_symbol_is_not_defined__




__the_symbol_is_not_defined__




__the_symbol_is_not_defined__




__the_symbol_is_not_defined__




__the_symbol_is_not_defined__




__the_symbol_is_not_defined__




__the_symbol_is_not_defined__




__the_symbol_is_not_defined__




__the_symbol_is_not_defined__




__the_symbol_is_not_defined__




__the_symbol_is_not_defined__




__the_symbol_is_not_defined__




__the_symbol_is_not_defined__




__the_symbol_is_not_defined__




__the_symbol_is_not_defined__




__the_symbol_is_not_defined__




__the_symbol_is_not_defined__




__the_symbol_is_not_defined__




__the_symbol_is_not_defined__




__the_symbol_is_not_defined__




__the_symbol_is_not_defined__




__the_symbol_is_not_defined__




__the_symbol_is_not_defined__




__the_symbol_is_not_defined__




__the_symbol_is_not_defined__




__the_symbol_is_not_defined__




__the_symbol_is_not_defined__




__the_symbol_is_not_defined__




__the_symbol_is_not_defined__




__the_symbol_is_not_defined__




__the_symbol_is_not_defined__




__the_symbol_is_not_defined__




__the_symbol_is_not_defined__




__the_symbol_is_not_defined__




__the_symbol_is_not_defined__




__the_symbol_is_not_defined__




__the_symbol_is_not_defined__




__the_symbol_is_not_defined__




__the_symbol_is_not_defined__




__the_symbol_is_not_defined__




__the_symbol_is_not_defined__




__the_symbol_is_not_defined__




__the_symbol_is_not_defined__




__the_symbol_is_not_defined__




__the_symbol_is_not_defined__




__the_symbol_is_not_defined__




__the_symbol_is_not_defined__




 <truncated>

s_not_defined__




__the_symbol_is_not_defined__




__the_symbol_is_not_defined__




__the_symbol_is_not_defined__




__the_symbol_is_not_defined__




__the_symbol_is_not_defined__




__the_symbol_is_not_defined__




__the_symbol_is_not_defined__




__the_symbol_is_not_defined__




__the_symbol_is_not_defined__




__the_symbol_is_not_defined__




__the_symbol_is_not_defined__




__the_symbol_is_not_defined__




__the_symbol_is_not_defined__




__the_symbol_is_not_defined__




__the_symbol_is_not_defined__




__the_symbol_is_not_defined__




__the_symbol_is_not_defined__




__the_symbol_is_not_defined__




__the_symbol_is_not_defined__




__the_symbol_is_not_defined__




__the_symbol_is_not_defined__




__the_symbol_is_not_defined__




__the_symbol_is_not_defined__




__the_symbol_is_not_defined__




__the_symbol_is_not_defined__




__the_symbol_is_not_defined__




__the_symbol_is_not_defined__




__the_symbol_is_not_defined__




__the_symbol_is_not_defined__




__the_symbol_is_not_defined__




__the_symbol_is_not_defined__




__the_symbol_is_not_defined__




__the_symbol_is_not_defined__




__the_symbol_is_not_defined__




__the_symbol_is_not_defined__




__the_symbol_is_not_defined__




__the_symbol_is_not_defined__




__the_symbol_is_not_defined__




__the_symbol_is_not_defined__




__the_symbol_is_not_defined__




__the_symbol_is_not_defined__




__the_symbol_is_not_defined__




__the_symbol_is_not_defined__




__the_symbol_is_not_defined__




__the_symbol_is_not_defined__




__the_symbol_is_not_defined__




__the_symbol_is_not_defined__




__the_symbol_is_not_defined__




__the_symbol_is_not_defined__




__the_symbol_is_not_defined__




__the_symbol_is_not_defined__




__the_symbol_is_not_defined__




__the_symbol_is_not_defined__




__the_symbol_is_not_defined__




__the_symbol_is_not_defined__




__the_symbol_is_not_defined__




__the_symbol_is_not_defined__




__the_symbol_is_not_defined__




__the_symbol_is_not_defined__




__the_symbol_is_not_defined__




__the_symbol_is_not_defined__




__the_symbol_is_not_defined__




__the_symbol_is_not_defined__




__the_symbol_is_not_defined__




__the_symbol_is_not_defined__




__the_symbol_is_not_defined__




__the_symbol_is_not_defined__




__the_symbol_is_not_defined__




__the_symbol_is_not_defined__




__the_symbol_is_not_defined__




__the_symbol_is_not_defined__




__the_symbol_is_not_defined__




__the_symbol_is_not_defined__




__the_symbol_is_not_defined__




__the_symbol_is_not_defined__




__the_symbol_is_not_defined__




__the_symbol_is_not_defined__




__the_symbol_is_not_defined__




__the_symbol_is_not_defined__




__the_symbol_is_not_defined__




__the_symbol_is_not_defined__




__the_symbol_is_not_defined__




__the_symbol_is_not_defined__




__the_symbol_is_not_defined__




__the_symbol_is_not_defined__




__the_symbol_is_not_defined__




__the_symbol_is_not_defined__




__the_symbol_is_not_defined__




__the_symbol_is_not_defined__




__the_symbol_is_not_defined__




__the_symbol_is_not_defined__




__the_symbol_is_not_defined__




__the_symbol_is_not_defined__




__the_symbol_is_not_defined__




__the_symbol_is_not_defined__




__the_symbol_is_not_defined__




__the_symbol_is_not_defined__




__the_symbol_is_not_defined__




__the_symbol_is_not_defined__




__the_symbol_is_not_defined__




__the_symbol_is_not_defined__




__the_symbol_is_not_defined__




__the_symbol_is_not_defined__




__the_symbol_is_not_defined__




__the_symbol_is_not_defined__




__the_symbol_is_not_defined__




__the_symbol_is_not_defined__




__the_symbol_is_not_defined__




__the_symbol_is_not_defined__




__the_symbol_is_not_defined__




__the_symbol_is_not_defined__




__the_symbol_is_not_defined__




__the_symbol_is_not_defined__




__the_symbol_is_not_defined__




__the_symbol_is_not_defined__




__the_symbol_is_not_defined__




__the_symbol_is_not_defined__




__the_symbol_is_not_defined__




__the_symbol_is_not_defined__




__the_symbol_is_not_defined__

**** END FILE output ***
**** BEGIN FILE error: 

**** END FILE error ***
**** END PROBE get_macros ****
Failed to find header /Users/bencyc1129/Desktop/test/config/templates/gnu/cc.h
[STATUS] gcc-config-0: Running config probes
**** BEGIN PROBE run_linker_config_probe ****
Running command "/usr/bin/gcc -print-search-dirs".
pipe_command: /usr/bin/gcc -print-search-dirs 
pipe_commands starting: /usr/bin/gcc -print-search-dirs 
**** BEGIN OUTPUT run_linker_config_probe ****
programs: =/Library/Developer/CommandLineTools/usr/bin
libraries: =/Library/Developer/CommandLineTools/usr/lib/clang/13.1.6
**** END OUTPUT run_linker_config_probe ****
**** Found library search path '/Library/Developer/CommandLineTools/usr/lib/clang/13.1.6'.
**** END PROBE run_linker_config_probe ****
**** BEGIN PROBE run_linker_config_probe ****
**** BEGIN FILE source file: /var/folders/fs/7lms62rj6gj_2s4fd9zzwfbc0000gn/T/cov-bencyc1129/61431742d474279c029d4463b7f3aad1/cov-bencyc1129/c1bd6555117b5a2c1c52789cc941a3da/test.c
int main() {}
**** END FILE source file ***
Running command "/usr/bin/gcc -Wl,--trace test.c".
pipe_command: /usr/bin/gcc -Wl,--trace test.c 
pipe_commands starting: /usr/bin/gcc -Wl,--trace test.c 
Failed command "/usr/bin/gcc -Wl,--trace test.c" : code 1.
**** BEGIN OUTPUT run_linker_config_probe ****
**** END OUTPUT run_linker_config_probe ****
**** END PROBE run_linker_config_probe ****
